{"/Users/sam/Dropbox/Spring_20/research_proj/CJS_Transform/src/transformations/sanitizing/visitors/__dirname.js":{"path":"/Users/sam/Dropbox/Spring_20/research_proj/CJS_Transform/src/transformations/sanitizing/visitors/__dirname.js","statementMap":{"0":{"start":{"line":1,"column":0},"end":{"line":1,"column":62}},"1":{"start":{"line":2,"column":0},"end":{"line":2,"column":71}},"2":{"start":{"line":3,"column":21},"end":{"line":3,"column":42}},"3":{"start":{"line":4,"column":0},"end":{"line":4,"column":64}},"4":{"start":{"line":5,"column":0},"end":{"line":5,"column":62}},"5":{"start":{"line":6,"column":29},"end":{"line":53,"column":1}},"6":{"start":{"line":8,"column":8},"end":{"line":29,"column":10}},"7":{"start":{"line":54,"column":0},"end":{"line":84,"column":2}},"8":{"start":{"line":55,"column":22},"end":{"line":55,"column":27}},"9":{"start":{"line":56,"column":23},"end":{"line":56,"column":28}},"10":{"start":{"line":57,"column":4},"end":{"line":72,"column":7}},"11":{"start":{"line":59,"column":12},"end":{"line":70,"column":13}},"12":{"start":{"line":60,"column":16},"end":{"line":69,"column":17}},"13":{"start":{"line":62,"column":24},"end":{"line":62,"column":43}},"14":{"start":{"line":63,"column":24},"end":{"line":63,"column":44}},"15":{"start":{"line":64,"column":24},"end":{"line":64,"column":64}},"16":{"start":{"line":65,"column":24},"end":{"line":65,"column":30}},"17":{"start":{"line":67,"column":24},"end":{"line":67,"column":44}},"18":{"start":{"line":68,"column":24},"end":{"line":68,"column":30}},"19":{"start":{"line":73,"column":26},"end":{"line":73,"column":59}},"20":{"start":{"line":74,"column":4},"end":{"line":74,"column":64}},"21":{"start":{"line":75,"column":4},"end":{"line":83,"column":5}},"22":{"start":{"line":76,"column":8},"end":{"line":76,"column":121}},"23":{"start":{"line":80,"column":9},"end":{"line":83,"column":5}},"24":{"start":{"line":81,"column":8},"end":{"line":81,"column":91}}},"fnMap":{"0":{"name":"(anonymous_0)","decl":{"start":{"line":7,"column":14},"end":{"line":7,"column":15}},"loc":{"start":{"line":7,"column":23},"end":{"line":30,"column":5}},"line":7},"1":{"name":"(anonymous_1)","decl":{"start":{"line":54,"column":23},"end":{"line":54,"column":24}},"loc":{"start":{"line":54,"column":31},"end":{"line":84,"column":1}},"line":54},"2":{"name":"(anonymous_2)","decl":{"start":{"line":58,"column":15},"end":{"line":58,"column":16}},"loc":{"start":{"line":58,"column":37},"end":{"line":71,"column":9}},"line":58}},"branchMap":{"0":{"loc":{"start":{"line":59,"column":12},"end":{"line":70,"column":13}},"type":"if","locations":[{"start":{"line":59,"column":12},"end":{"line":70,"column":13}},{"start":{"line":59,"column":12},"end":{"line":70,"column":13}}],"line":59},"1":{"loc":{"start":{"line":60,"column":16},"end":{"line":69,"column":17}},"type":"switch","locations":[{"start":{"line":61,"column":20},"end":{"line":65,"column":30}},{"start":{"line":66,"column":20},"end":{"line":68,"column":30}}],"line":60},"2":{"loc":{"start":{"line":75,"column":4},"end":{"line":83,"column":5}},"type":"if","locations":[{"start":{"line":75,"column":4},"end":{"line":83,"column":5}},{"start":{"line":75,"column":4},"end":{"line":83,"column":5}}],"line":75},"3":{"loc":{"start":{"line":75,"column":8},"end":{"line":75,"column":56}},"type":"binary-expr","locations":[{"start":{"line":75,"column":8},"end":{"line":75,"column":41}},{"start":{"line":75,"column":45},"end":{"line":75,"column":56}}],"line":75},"4":{"loc":{"start":{"line":80,"column":9},"end":{"line":83,"column":5}},"type":"if","locations":[{"start":{"line":80,"column":9},"end":{"line":83,"column":5}},{"start":{"line":80,"column":9},"end":{"line":83,"column":5}}],"line":80},"5":{"loc":{"start":{"line":80,"column":13},"end":{"line":80,"column":63}},"type":"binary-expr","locations":[{"start":{"line":80,"column":13},"end":{"line":80,"column":47}},{"start":{"line":80,"column":51},"end":{"line":80,"column":63}}],"line":80}},"s":{"0":1,"1":1,"2":1,"3":1,"4":1,"5":1,"6":8,"7":1,"8":36,"9":36,"10":36,"11":422,"12":132,"13":6,"14":6,"15":6,"16":0,"17":2,"18":2,"19":36,"20":36,"21":36,"22":6,"23":30,"24":2},"f":{"0":8,"1":36,"2":422},"b":{"0":[132,290],"1":[6,2],"2":[6,30],"3":[36,30],"4":[2,28],"5":[30,28]},"inputSourceMap":{"version":3,"file":"__dirname.js","sourceRoot":"","sources":["__dirname.ts"],"names":[],"mappings":";;AAAA,2CAAmD;AAKtC,QAAA,UAAU,GAAe,EAAC,IAAI,EAAE,YAAY,EAAE,IAAI,EAAE,YAAY,EAAC,CAAA;AACjE,QAAA,SAAS,GAAe,EAAC,IAAI,EAAE,YAAY,EAAE,IAAI,EAAE,WAAW,EAAC,CAAA;AAC5E,MAAM,oBAAoB,GAAqF;IAC9G,QAAQ,EAAE,CAAC,GAAW,EAAE,EAAE;QACzB,OAAO;YACN,MAAM,EACL,qBAAqB;YACtB,cAAc,EACb,CAAC;oBACA,MAAM,EAAE,oBAAoB;oBAC5B,IAAI,EAAE,kBAAU;oBAChB,MAAM,EAAE;wBACP,MAAM,EAAE,gBAAgB;wBACxB,QAAQ,EAAE;4BACT,MAAM,EAAE,kBAAkB;4BAC1B,UAAU,EAAE,KAAK;4BACjB,QAAQ,EAAE;gCACT,MAAM,EAAE,gBAAgB;gCACxB,QAAQ,EAAE,EAAC,MAAM,EAAE,YAAY,EAAE,MAAM,EAAE,SAAS,EAAC;gCACnD,WAAW,EAAE,CAAC,EAAC,MAAM,EAAE,SAAS,EAAE,OAAO,EAAE,KAAK,EAAE,KAAK,EAAE,OAAO,EAAC,CAAC;6BAClE;4BACD,UAAU,EAAE,EAAC,MAAM,EAAE,YAAY,EAAE,MAAM,EAAE,eAAe,EAAC;yBAC3D;wBACD,WAAW,EAAE,CAAC,EAAC,MAAM,EAAE,YAAY,EAAE,MAAM,EAAE,GAAG,EAAC,CAAC;qBAClD;iBACD,CAAC;YACH,MAAM,EACL,KAAK;SACN,CAAA;IACF,CAAC;IACD,OAAO,EAAE;QACR,MAAM,EAAE,qBAAqB;QAC7B,cAAc,EAAE,CAAC;gBAChB,MAAM,EAAE,oBAAoB;gBAC5B,IAAI,EAAE,iBAAS;gBACf,MAAM,EAAE;oBACP,MAAM,EAAE,gBAAgB;oBACxB,QAAQ,EAAE;wBACT,MAAM,EAAE,kBAAkB;wBAC1B,UAAU,EAAE,KAAK;wBACjB,QAAQ,EAAE;4BACT,MAAM,EAAE,gBAAgB;4BACxB,QAAQ,EAAE,EAAC,MAAM,EAAE,YAAY,EAAE,MAAM,EAAE,SAAS,EAAC;4BACnD,WAAW,EAAE,CAAC,EAAC,MAAM,EAAE,SAAS,EAAE,OAAO,EAAE,MAAM,EAAE,KAAK,EAAE,QAAQ,EAAC,CAAC;yBACpE;wBACD,UAAU,EAAE,EAAC,MAAM,EAAE,YAAY,EAAE,MAAM,EAAE,SAAS,EAAC;qBACrD;oBACD,WAAW,EAAE,CAAC,kBAAU,CAAC;iBACzB;aACD,CAAC;QACF,MAAM,EAAE,KAAK;KACb;CAED,CAAA;AAEY,QAAA,YAAY,GAAsB,CAAC,EAAU,EAAE,EAAE;IAC7D,IAAI,WAAW,GAAY,KAAK,CAAA;IAChC,IAAI,YAAY,GAAY,KAAK,CAAA;IACjC,qBAAQ,CAAC,EAAE,CAAC,MAAM,EAAE,EAAE;QACrB,KAAK,EAAE,CAAC,IAAI,EAAE,UAAU,EAAE,EAAE;YAC3B,IAAI,IAAI,CAAC,IAAI,KAAK,YAAY,EAAE;gBAC/B,QAAQ,IAAI,CAAC,IAAI,EAAE;oBAClB,KAAK,WAAW;wBACf,WAAW,GAAG,IAAI,CAAC;wBACnB,YAAY,GAAG,IAAI,CAAC;wBACpB,OAAO,0BAAa,CAAC,KAAK,CAAA;wBAC1B,MAAM;oBACP,KAAK,YAAY;wBAChB,YAAY,GAAG,IAAI,CAAC;wBACpB,MAAM;iBACP;aAED;QACF,CAAC;KACD,CAAC,CAAA;IAEF,IAAI,eAAe,GAAG,EAAE,CAAC,YAAY,EAAE,CAAC,aAAa,EAAE,CAAA;IAEvD,EAAE,CAAC,eAAe,CAAC,eAAe,CAAC,IAAI,EAAE,iBAAiB,CAAC,CAAA;IAC3D,IAAI,EAAE,CAAC,iBAAiB,CAAC,WAAW,CAAC,IAAI,WAAW,EAAE;QACrD,EAAE,CAAC,MAAM,EAAE,CAAC,IAAI,CAAC,MAAM,CAAC,CAAC,EAAE,CAAC,EAAE,oBAAoB,CAAC,QAAQ,CAAC,eAAe,CAAC,IAAI,CAAC,EAAE,oBAAoB,CAAC,OAAO,CAAC,CAAA;QAEhH,kBAAkB;QAClB,uCAAuC;KAEvC;SAAM,IAAI,EAAE,CAAC,iBAAiB,CAAC,YAAY,CAAC,IAAI,YAAY,EAAE;QAE9D,EAAE,CAAC,MAAM,EAAE,CAAC,IAAI,CAAC,MAAM,CAAC,CAAC,EAAE,CAAC,EAAE,oBAAoB,CAAC,QAAQ,CAAC,eAAe,CAAC,IAAI,CAAC,CAAC,CAAA;QAElF,mBAAmB;KAGnB;AAGF,CAAC,CAAA"},"_coverageSchema":"1a1c01bbd47fc00a2c39e90264f33305004495a9","hash":"b4bdb647f90b17cea43152301bf46cec0401203f"},"/Users/sam/Dropbox/Spring_20/research_proj/CJS_Transform/src/abstract_fs_v2/ProjectManager.js":{"path":"/Users/sam/Dropbox/Spring_20/research_proj/CJS_Transform/src/abstract_fs_v2/ProjectManager.js","statementMap":{"0":{"start":{"line":1,"column":22},"end":{"line":7,"column":3}},"1":{"start":{"line":2,"column":4},"end":{"line":2,"column":33}},"2":{"start":{"line":2,"column":26},"end":{"line":2,"column":33}},"3":{"start":{"line":3,"column":4},"end":{"line":3,"column":89}},"4":{"start":{"line":3,"column":71},"end":{"line":3,"column":83}},"5":{"start":{"line":5,"column":4},"end":{"line":5,"column":33}},"6":{"start":{"line":5,"column":26},"end":{"line":5,"column":33}},"7":{"start":{"line":6,"column":4},"end":{"line":6,"column":17}},"8":{"start":{"line":8,"column":25},"end":{"line":12,"column":2}},"9":{"start":{"line":9,"column":4},"end":{"line":9,"column":72}},"10":{"start":{"line":11,"column":4},"end":{"line":11,"column":21}},"11":{"start":{"line":13,"column":19},"end":{"line":19,"column":1}},"12":{"start":{"line":14,"column":4},"end":{"line":14,"column":42}},"13":{"start":{"line":14,"column":31},"end":{"line":14,"column":42}},"14":{"start":{"line":15,"column":17},"end":{"line":15,"column":19}},"15":{"start":{"line":16,"column":4},"end":{"line":16,"column":131}},"16":{"start":{"line":16,"column":21},"end":{"line":16,"column":131}},"17":{"start":{"line":16,"column":40},"end":{"line":16,"column":131}},"18":{"start":{"line":16,"column":99},"end":{"line":16,"column":131}},"19":{"start":{"line":17,"column":4},"end":{"line":17,"column":36}},"20":{"start":{"line":18,"column":4},"end":{"line":18,"column":18}},"21":{"start":{"line":20,"column":22},"end":{"line":22,"column":1}},"22":{"start":{"line":21,"column":4},"end":{"line":21,"column":62}},"23":{"start":{"line":23,"column":0},"end":{"line":23,"column":62}},"24":{"start":{"line":24,"column":0},"end":{"line":24,"column":32}},"25":{"start":{"line":25,"column":17},"end":{"line":25,"column":48}},"26":{"start":{"line":26,"column":14},"end":{"line":26,"column":45}},"27":{"start":{"line":27,"column":13},"end":{"line":27,"column":26}},"28":{"start":{"line":28,"column":15},"end":{"line":28,"column":30}},"29":{"start":{"line":29,"column":23},"end":{"line":29,"column":48}},"30":{"start":{"line":30,"column":16},"end":{"line":30,"column":34}},"31":{"start":{"line":31,"column":18},"end":{"line":31,"column":38}},"32":{"start":{"line":32,"column":21},"end":{"line":32,"column":44}},"33":{"start":{"line":33,"column":15},"end":{"line":33,"column":32}},"34":{"start":{"line":34,"column":24},"end":{"line":34,"column":50}},"35":{"start":{"line":35,"column":19},"end":{"line":35,"column":40}},"36":{"start":{"line":38,"column":8},"end":{"line":38,"column":23}},"37":{"start":{"line":39,"column":8},"end":{"line":39,"column":26}},"38":{"start":{"line":40,"column":8},"end":{"line":40,"column":24}},"39":{"start":{"line":41,"column":8},"end":{"line":41,"column":26}},"40":{"start":{"line":42,"column":8},"end":{"line":42,"column":31}},"41":{"start":{"line":43,"column":8},"end":{"line":43,"column":27}},"42":{"start":{"line":44,"column":8},"end":{"line":44,"column":28}},"43":{"start":{"line":45,"column":8},"end":{"line":45,"column":28}},"44":{"start":{"line":46,"column":8},"end":{"line":46,"column":31}},"45":{"start":{"line":47,"column":8},"end":{"line":47,"column":32}},"46":{"start":{"line":48,"column":8},"end":{"line":48,"column":40}},"47":{"start":{"line":49,"column":8},"end":{"line":49,"column":46}},"48":{"start":{"line":50,"column":8},"end":{"line":50,"column":49}},"49":{"start":{"line":51,"column":8},"end":{"line":51,"column":24}},"50":{"start":{"line":52,"column":8},"end":{"line":52,"column":46}},"51":{"start":{"line":53,"column":8},"end":{"line":53,"column":34}},"52":{"start":{"line":54,"column":8},"end":{"line":54,"column":76}},"53":{"start":{"line":55,"column":8},"end":{"line":55,"column":102}},"54":{"start":{"line":56,"column":8},"end":{"line":56,"column":33}},"55":{"start":{"line":57,"column":8},"end":{"line":57,"column":82}},"56":{"start":{"line":58,"column":8},"end":{"line":58,"column":43}},"57":{"start":{"line":59,"column":8},"end":{"line":59,"column":30}},"58":{"start":{"line":60,"column":8},"end":{"line":60,"column":63}},"59":{"start":{"line":61,"column":8},"end":{"line":68,"column":9}},"60":{"start":{"line":62,"column":12},"end":{"line":67,"column":13}},"61":{"start":{"line":63,"column":16},"end":{"line":63,"column":44}},"62":{"start":{"line":66,"column":16},"end":{"line":66,"column":132}},"63":{"start":{"line":69,"column":8},"end":{"line":69,"column":34}},"64":{"start":{"line":70,"column":8},"end":{"line":75,"column":9}},"65":{"start":{"line":71,"column":12},"end":{"line":74,"column":15}},"66":{"start":{"line":72,"column":26},"end":{"line":72,"column":46}},"67":{"start":{"line":73,"column":16},"end":{"line":73,"column":81}},"68":{"start":{"line":78,"column":8},"end":{"line":78,"column":66}},"69":{"start":{"line":81,"column":8},"end":{"line":85,"column":9}},"70":{"start":{"line":82,"column":12},"end":{"line":84,"column":13}},"71":{"start":{"line":83,"column":16},"end":{"line":83,"column":41}},"72":{"start":{"line":86,"column":8},"end":{"line":86,"column":20}},"73":{"start":{"line":89,"column":8},"end":{"line":105,"column":11}},"74":{"start":{"line":90,"column":12},"end":{"line":90,"column":37}},"75":{"start":{"line":91,"column":12},"end":{"line":93,"column":13}},"76":{"start":{"line":92,"column":16},"end":{"line":92,"column":42}},"77":{"start":{"line":94,"column":12},"end":{"line":104,"column":13}},"78":{"start":{"line":95,"column":16},"end":{"line":95,"column":40}},"79":{"start":{"line":96,"column":16},"end":{"line":96,"column":53}},"80":{"start":{"line":98,"column":17},"end":{"line":104,"column":13}},"81":{"start":{"line":99,"column":16},"end":{"line":99,"column":40}},"82":{"start":{"line":100,"column":16},"end":{"line":100,"column":54}},"83":{"start":{"line":102,"column":17},"end":{"line":104,"column":13}},"84":{"start":{"line":103,"column":16},"end":{"line":103,"column":45}},"85":{"start":{"line":108,"column":19},"end":{"line":108,"column":21}},"86":{"start":{"line":122,"column":8},"end":{"line":135,"column":9}},"87":{"start":{"line":123,"column":12},"end":{"line":129,"column":15}},"88":{"start":{"line":124,"column":16},"end":{"line":124,"column":77}},"89":{"start":{"line":125,"column":16},"end":{"line":125,"column":44}},"90":{"start":{"line":128,"column":16},"end":{"line":128,"column":29}},"91":{"start":{"line":132,"column":12},"end":{"line":132,"column":106}},"92":{"start":{"line":133,"column":12},"end":{"line":133,"column":27}},"93":{"start":{"line":134,"column":12},"end":{"line":134,"column":20}},"94":{"start":{"line":138,"column":8},"end":{"line":138,"column":32}},"95":{"start":{"line":142,"column":8},"end":{"line":142,"column":33}},"96":{"start":{"line":145,"column":8},"end":{"line":153,"column":9}},"97":{"start":{"line":146,"column":12},"end":{"line":146,"column":32}},"98":{"start":{"line":148,"column":13},"end":{"line":153,"column":9}},"99":{"start":{"line":149,"column":12},"end":{"line":149,"column":27}},"100":{"start":{"line":152,"column":12},"end":{"line":152,"column":53}},"101":{"start":{"line":166,"column":8},"end":{"line":169,"column":9}},"102":{"start":{"line":167,"column":23},"end":{"line":167,"column":50}},"103":{"start":{"line":168,"column":12},"end":{"line":168,"column":85}},"104":{"start":{"line":170,"column":8},"end":{"line":170,"column":25}},"105":{"start":{"line":171,"column":8},"end":{"line":171,"column":24}},"106":{"start":{"line":175,"column":30},"end":{"line":181,"column":9}},"107":{"start":{"line":175,"column":40},"end":{"line":181,"column":9}},"108":{"start":{"line":182,"column":8},"end":{"line":185,"column":11}},"109":{"start":{"line":184,"column":12},"end":{"line":184,"column":71}},"110":{"start":{"line":192,"column":8},"end":{"line":206,"column":11}},"111":{"start":{"line":194,"column":12},"end":{"line":194,"column":49}},"112":{"start":{"line":195,"column":12},"end":{"line":205,"column":13}},"113":{"start":{"line":197,"column":16},"end":{"line":197,"column":104}},"114":{"start":{"line":200,"column":16},"end":{"line":200,"column":53}},"115":{"start":{"line":201,"column":16},"end":{"line":201,"column":72}},"116":{"start":{"line":202,"column":16},"end":{"line":202,"column":72}},"117":{"start":{"line":203,"column":16},"end":{"line":203,"column":80}},"118":{"start":{"line":204,"column":16},"end":{"line":204,"column":49}},"119":{"start":{"line":208,"column":8},"end":{"line":224,"column":9}},"120":{"start":{"line":209,"column":29},"end":{"line":209,"column":72}},"121":{"start":{"line":210,"column":23},"end":{"line":210,"column":69}},"122":{"start":{"line":214,"column":12},"end":{"line":214,"column":58}},"123":{"start":{"line":251,"column":18},"end":{"line":251,"column":26}},"124":{"start":{"line":252,"column":22},"end":{"line":252,"column":33}},"125":{"start":{"line":253,"column":18},"end":{"line":253,"column":32}},"126":{"start":{"line":254,"column":8},"end":{"line":254,"column":38}},"127":{"start":{"line":268,"column":8},"end":{"line":294,"column":11}},"128":{"start":{"line":292,"column":12},"end":{"line":292,"column":35}},"129":{"start":{"line":295,"column":25},"end":{"line":295,"column":40}},"130":{"start":{"line":296,"column":29},"end":{"line":296,"column":52}},"131":{"start":{"line":298,"column":32},"end":{"line":298,"column":62}},"132":{"start":{"line":299,"column":12},"end":{"line":307,"column":13}},"133":{"start":{"line":300,"column":16},"end":{"line":300,"column":29}},"134":{"start":{"line":302,"column":17},"end":{"line":307,"column":13}},"135":{"start":{"line":303,"column":16},"end":{"line":303,"column":29}},"136":{"start":{"line":305,"column":17},"end":{"line":307,"column":13}},"137":{"start":{"line":306,"column":16},"end":{"line":306,"column":29}},"138":{"start":{"line":312,"column":22},"end":{"line":312,"column":46}},"139":{"start":{"line":313,"column":21},"end":{"line":313,"column":34}},"140":{"start":{"line":314,"column":22},"end":{"line":314,"column":36}},"141":{"start":{"line":315,"column":22},"end":{"line":315,"column":66}},"142":{"start":{"line":316,"column":12},"end":{"line":316,"column":39}},"143":{"start":{"line":320,"column":21},"end":{"line":320,"column":23}},"144":{"start":{"line":321,"column":8},"end":{"line":321,"column":52}},"145":{"start":{"line":321,"column":36},"end":{"line":321,"column":50}},"146":{"start":{"line":322,"column":8},"end":{"line":324,"column":9}},"147":{"start":{"line":323,"column":12},"end":{"line":323,"column":47}},"148":{"start":{"line":325,"column":8},"end":{"line":325,"column":186}},"149":{"start":{"line":325,"column":35},"end":{"line":325,"column":120}},"150":{"start":{"line":325,"column":138},"end":{"line":325,"column":184}},"151":{"start":{"line":346,"column":8},"end":{"line":348,"column":11}},"152":{"start":{"line":347,"column":12},"end":{"line":347,"column":19}},"153":{"start":{"line":351,"column":8},"end":{"line":351,"column":31}},"154":{"start":{"line":354,"column":0},"end":{"line":354,"column":40}}},"fnMap":{"0":{"name":"(anonymous_0)","decl":{"start":{"line":1,"column":74},"end":{"line":1,"column":75}},"loc":{"start":{"line":1,"column":96},"end":{"line":4,"column":1}},"line":1},"1":{"name":"(anonymous_1)","decl":{"start":{"line":3,"column":58},"end":{"line":3,"column":59}},"loc":{"start":{"line":3,"column":69},"end":{"line":3,"column":85}},"line":3},"2":{"name":"(anonymous_2)","decl":{"start":{"line":4,"column":6},"end":{"line":4,"column":7}},"loc":{"start":{"line":4,"column":28},"end":{"line":7,"column":1}},"line":4},"3":{"name":"(anonymous_3)","decl":{"start":{"line":8,"column":80},"end":{"line":8,"column":81}},"loc":{"start":{"line":8,"column":95},"end":{"line":10,"column":1}},"line":8},"4":{"name":"(anonymous_4)","decl":{"start":{"line":10,"column":5},"end":{"line":10,"column":6}},"loc":{"start":{"line":10,"column":20},"end":{"line":12,"column":1}},"line":10},"5":{"name":"(anonymous_5)","decl":{"start":{"line":13,"column":50},"end":{"line":13,"column":51}},"loc":{"start":{"line":13,"column":65},"end":{"line":19,"column":1}},"line":13},"6":{"name":"(anonymous_6)","decl":{"start":{"line":20,"column":56},"end":{"line":20,"column":57}},"loc":{"start":{"line":20,"column":71},"end":{"line":22,"column":1}},"line":20},"7":{"name":"(anonymous_7)","decl":{"start":{"line":37,"column":4},"end":{"line":37,"column":5}},"loc":{"start":{"line":37,"column":44},"end":{"line":76,"column":5}},"line":37},"8":{"name":"(anonymous_8)","decl":{"start":{"line":71,"column":35},"end":{"line":71,"column":36}},"loc":{"start":{"line":71,"column":40},"end":{"line":74,"column":13}},"line":71},"9":{"name":"(anonymous_9)","decl":{"start":{"line":77,"column":4},"end":{"line":77,"column":5}},"loc":{"start":{"line":77,"column":28},"end":{"line":79,"column":5}},"line":77},"10":{"name":"(anonymous_10)","decl":{"start":{"line":80,"column":4},"end":{"line":80,"column":5}},"loc":{"start":{"line":80,"column":23},"end":{"line":87,"column":5}},"line":80},"11":{"name":"(anonymous_11)","decl":{"start":{"line":88,"column":4},"end":{"line":88,"column":5}},"loc":{"start":{"line":88,"column":25},"end":{"line":106,"column":5}},"line":88},"12":{"name":"(anonymous_12)","decl":{"start":{"line":89,"column":24},"end":{"line":89,"column":25}},"loc":{"start":{"line":89,"column":32},"end":{"line":105,"column":9}},"line":89},"13":{"name":"(anonymous_13)","decl":{"start":{"line":107,"column":4},"end":{"line":107,"column":5}},"loc":{"start":{"line":107,"column":44},"end":{"line":136,"column":5}},"line":107},"14":{"name":"(anonymous_14)","decl":{"start":{"line":123,"column":33},"end":{"line":123,"column":34}},"loc":{"start":{"line":123,"column":43},"end":{"line":129,"column":13}},"line":123},"15":{"name":"(anonymous_15)","decl":{"start":{"line":137,"column":4},"end":{"line":137,"column":5}},"loc":{"start":{"line":137,"column":16},"end":{"line":139,"column":5}},"line":137},"16":{"name":"(anonymous_16)","decl":{"start":{"line":141,"column":4},"end":{"line":141,"column":5}},"loc":{"start":{"line":141,"column":13},"end":{"line":143,"column":5}},"line":141},"17":{"name":"(anonymous_17)","decl":{"start":{"line":144,"column":4},"end":{"line":144,"column":5}},"loc":{"start":{"line":144,"column":15},"end":{"line":154,"column":5}},"line":144},"18":{"name":"(anonymous_18)","decl":{"start":{"line":155,"column":4},"end":{"line":155,"column":5}},"loc":{"start":{"line":155,"column":19},"end":{"line":173,"column":5}},"line":155},"19":{"name":"(anonymous_19)","decl":{"start":{"line":174,"column":4},"end":{"line":174,"column":5}},"loc":{"start":{"line":174,"column":50},"end":{"line":190,"column":5}},"line":174},"20":{"name":"(anonymous_20)","decl":{"start":{"line":175,"column":30},"end":{"line":175,"column":31}},"loc":{"start":{"line":175,"column":40},"end":{"line":181,"column":9}},"line":175},"21":{"name":"(anonymous_21)","decl":{"start":{"line":182,"column":31},"end":{"line":182,"column":32}},"loc":{"start":{"line":182,"column":41},"end":{"line":185,"column":9}},"line":182},"22":{"name":"(anonymous_22)","decl":{"start":{"line":191,"column":4},"end":{"line":191,"column":5}},"loc":{"start":{"line":191,"column":49},"end":{"line":225,"column":5}},"line":191},"23":{"name":"(anonymous_23)","decl":{"start":{"line":192,"column":31},"end":{"line":192,"column":32}},"loc":{"start":{"line":192,"column":39},"end":{"line":206,"column":9}},"line":192},"24":{"name":"(anonymous_24)","decl":{"start":{"line":244,"column":4},"end":{"line":244,"column":5}},"loc":{"start":{"line":244,"column":14},"end":{"line":318,"column":5}},"line":244},"25":{"name":"(anonymous_25)","decl":{"start":{"line":291,"column":11},"end":{"line":291,"column":12}},"loc":{"start":{"line":291,"column":17},"end":{"line":294,"column":9}},"line":291},"26":{"name":"_filter","decl":{"start":{"line":297,"column":17},"end":{"line":297,"column":24}},"loc":{"start":{"line":297,"column":35},"end":{"line":317,"column":9}},"line":297},"27":{"name":"(anonymous_27)","decl":{"start":{"line":319,"column":4},"end":{"line":319,"column":5}},"loc":{"start":{"line":319,"column":40},"end":{"line":326,"column":5}},"line":319},"28":{"name":"(anonymous_28)","decl":{"start":{"line":321,"column":31},"end":{"line":321,"column":32}},"loc":{"start":{"line":321,"column":36},"end":{"line":321,"column":50}},"line":321},"29":{"name":"(anonymous_29)","decl":{"start":{"line":325,"column":29},"end":{"line":325,"column":30}},"loc":{"start":{"line":325,"column":35},"end":{"line":325,"column":120}},"line":325},"30":{"name":"(anonymous_30)","decl":{"start":{"line":325,"column":128},"end":{"line":325,"column":129}},"loc":{"start":{"line":325,"column":138},"end":{"line":325,"column":184}},"line":325},"31":{"name":"(anonymous_31)","decl":{"start":{"line":345,"column":4},"end":{"line":345,"column":5}},"loc":{"start":{"line":345,"column":24},"end":{"line":349,"column":5}},"line":345},"32":{"name":"(anonymous_32)","decl":{"start":{"line":346,"column":34},"end":{"line":346,"column":35}},"loc":{"start":{"line":346,"column":39},"end":{"line":348,"column":9}},"line":346},"33":{"name":"(anonymous_33)","decl":{"start":{"line":350,"column":4},"end":{"line":350,"column":5}},"loc":{"start":{"line":350,"column":17},"end":{"line":352,"column":5}},"line":350}},"branchMap":{"0":{"loc":{"start":{"line":1,"column":22},"end":{"line":7,"column":3}},"type":"binary-expr","locations":[{"start":{"line":1,"column":23},"end":{"line":1,"column":27}},{"start":{"line":1,"column":31},"end":{"line":1,"column":51}},{"start":{"line":1,"column":57},"end":{"line":7,"column":2}}],"line":1},"1":{"loc":{"start":{"line":1,"column":57},"end":{"line":7,"column":2}},"type":"cond-expr","locations":[{"start":{"line":1,"column":74},"end":{"line":4,"column":1}},{"start":{"line":4,"column":6},"end":{"line":7,"column":1}}],"line":1},"2":{"loc":{"start":{"line":2,"column":4},"end":{"line":2,"column":33}},"type":"if","locations":[{"start":{"line":2,"column":4},"end":{"line":2,"column":33}},{"start":{"line":2,"column":4},"end":{"line":2,"column":33}}],"line":2},"3":{"loc":{"start":{"line":5,"column":4},"end":{"line":5,"column":33}},"type":"if","locations":[{"start":{"line":5,"column":4},"end":{"line":5,"column":33}},{"start":{"line":5,"column":4},"end":{"line":5,"column":33}}],"line":5},"4":{"loc":{"start":{"line":8,"column":25},"end":{"line":12,"column":2}},"type":"binary-expr","locations":[{"start":{"line":8,"column":26},"end":{"line":8,"column":30}},{"start":{"line":8,"column":34},"end":{"line":8,"column":57}},{"start":{"line":8,"column":63},"end":{"line":12,"column":1}}],"line":8},"5":{"loc":{"start":{"line":8,"column":63},"end":{"line":12,"column":1}},"type":"cond-expr","locations":[{"start":{"line":8,"column":80},"end":{"line":10,"column":1}},{"start":{"line":10,"column":5},"end":{"line":12,"column":1}}],"line":8},"6":{"loc":{"start":{"line":13,"column":19},"end":{"line":19,"column":1}},"type":"binary-expr","locations":[{"start":{"line":13,"column":20},"end":{"line":13,"column":24}},{"start":{"line":13,"column":28},"end":{"line":13,"column":45}},{"start":{"line":13,"column":50},"end":{"line":19,"column":1}}],"line":13},"7":{"loc":{"start":{"line":14,"column":4},"end":{"line":14,"column":42}},"type":"if","locations":[{"start":{"line":14,"column":4},"end":{"line":14,"column":42}},{"start":{"line":14,"column":4},"end":{"line":14,"column":42}}],"line":14},"8":{"loc":{"start":{"line":14,"column":8},"end":{"line":14,"column":29}},"type":"binary-expr","locations":[{"start":{"line":14,"column":8},"end":{"line":14,"column":11}},{"start":{"line":14,"column":15},"end":{"line":14,"column":29}}],"line":14},"9":{"loc":{"start":{"line":16,"column":4},"end":{"line":16,"column":131}},"type":"if","locations":[{"start":{"line":16,"column":4},"end":{"line":16,"column":131}},{"start":{"line":16,"column":4},"end":{"line":16,"column":131}}],"line":16},"10":{"loc":{"start":{"line":16,"column":40},"end":{"line":16,"column":131}},"type":"if","locations":[{"start":{"line":16,"column":40},"end":{"line":16,"column":131}},{"start":{"line":16,"column":40},"end":{"line":16,"column":131}}],"line":16},"11":{"loc":{"start":{"line":16,"column":44},"end":{"line":16,"column":97}},"type":"binary-expr","locations":[{"start":{"line":16,"column":44},"end":{"line":16,"column":59}},{"start":{"line":16,"column":63},"end":{"line":16,"column":97}}],"line":16},"12":{"loc":{"start":{"line":20,"column":22},"end":{"line":22,"column":1}},"type":"binary-expr","locations":[{"start":{"line":20,"column":23},"end":{"line":20,"column":27}},{"start":{"line":20,"column":31},"end":{"line":20,"column":51}},{"start":{"line":20,"column":56},"end":{"line":22,"column":1}}],"line":20},"13":{"loc":{"start":{"line":21,"column":11},"end":{"line":21,"column":61}},"type":"cond-expr","locations":[{"start":{"line":21,"column":37},"end":{"line":21,"column":40}},{"start":{"line":21,"column":43},"end":{"line":21,"column":61}}],"line":21},"14":{"loc":{"start":{"line":21,"column":12},"end":{"line":21,"column":33}},"type":"binary-expr","locations":[{"start":{"line":21,"column":12},"end":{"line":21,"column":15}},{"start":{"line":21,"column":19},"end":{"line":21,"column":33}}],"line":21},"15":{"loc":{"start":{"line":37,"column":28},"end":{"line":37,"column":42}},"type":"default-arg","locations":[{"start":{"line":37,"column":37},"end":{"line":37,"column":42}}],"line":37},"16":{"loc":{"start":{"line":49,"column":23},"end":{"line":49,"column":45}},"type":"binary-expr","locations":[{"start":{"line":49,"column":23},"end":{"line":49,"column":35}},{"start":{"line":49,"column":39},"end":{"line":49,"column":45}}],"line":49},"17":{"loc":{"start":{"line":50,"column":26},"end":{"line":50,"column":48}},"type":"binary-expr","locations":[{"start":{"line":50,"column":26},"end":{"line":50,"column":38}},{"start":{"line":50,"column":42},"end":{"line":50,"column":48}}],"line":50},"18":{"loc":{"start":{"line":60,"column":22},"end":{"line":60,"column":62}},"type":"cond-expr","locations":[{"start":{"line":60,"column":40},"end":{"line":60,"column":55}},{"start":{"line":60,"column":58},"end":{"line":60,"column":62}}],"line":60},"19":{"loc":{"start":{"line":61,"column":8},"end":{"line":68,"column":9}},"type":"if","locations":[{"start":{"line":61,"column":8},"end":{"line":68,"column":9}},{"start":{"line":61,"column":8},"end":{"line":68,"column":9}}],"line":61},"20":{"loc":{"start":{"line":61,"column":12},"end":{"line":61,"column":44}},"type":"binary-expr","locations":[{"start":{"line":61,"column":12},"end":{"line":61,"column":23}},{"start":{"line":61,"column":27},"end":{"line":61,"column":44}}],"line":61},"21":{"loc":{"start":{"line":62,"column":12},"end":{"line":67,"column":13}},"type":"if","locations":[{"start":{"line":62,"column":12},"end":{"line":67,"column":13}},{"start":{"line":62,"column":12},"end":{"line":67,"column":13}}],"line":62},"22":{"loc":{"start":{"line":66,"column":28},"end":{"line":66,"column":85}},"type":"binary-expr","locations":[{"start":{"line":66,"column":28},"end":{"line":66,"column":40}},{"start":{"line":66,"column":44},"end":{"line":66,"column":85}}],"line":66},"23":{"loc":{"start":{"line":70,"column":8},"end":{"line":75,"column":9}},"type":"if","locations":[{"start":{"line":70,"column":8},"end":{"line":75,"column":9}},{"start":{"line":70,"column":8},"end":{"line":75,"column":9}}],"line":70},"24":{"loc":{"start":{"line":70,"column":12},"end":{"line":70,"column":59}},"type":"binary-expr","locations":[{"start":{"line":70,"column":12},"end":{"line":70,"column":44}},{"start":{"line":70,"column":48},"end":{"line":70,"column":59}}],"line":70},"25":{"loc":{"start":{"line":82,"column":12},"end":{"line":84,"column":13}},"type":"if","locations":[{"start":{"line":82,"column":12},"end":{"line":84,"column":13}},{"start":{"line":82,"column":12},"end":{"line":84,"column":13}}],"line":82},"26":{"loc":{"start":{"line":91,"column":12},"end":{"line":93,"column":13}},"type":"if","locations":[{"start":{"line":91,"column":12},"end":{"line":93,"column":13}},{"start":{"line":91,"column":12},"end":{"line":93,"column":13}}],"line":91},"27":{"loc":{"start":{"line":94,"column":12},"end":{"line":104,"column":13}},"type":"if","locations":[{"start":{"line":94,"column":12},"end":{"line":104,"column":13}},{"start":{"line":94,"column":12},"end":{"line":104,"column":13}}],"line":94},"28":{"loc":{"start":{"line":98,"column":17},"end":{"line":104,"column":13}},"type":"if","locations":[{"start":{"line":98,"column":17},"end":{"line":104,"column":13}},{"start":{"line":98,"column":17},"end":{"line":104,"column":13}}],"line":98},"29":{"loc":{"start":{"line":102,"column":17},"end":{"line":104,"column":13}},"type":"if","locations":[{"start":{"line":102,"column":17},"end":{"line":104,"column":13}},{"start":{"line":102,"column":17},"end":{"line":104,"column":13}}],"line":102},"30":{"loc":{"start":{"line":107,"column":24},"end":{"line":107,"column":42}},"type":"default-arg","locations":[{"start":{"line":107,"column":33},"end":{"line":107,"column":42}}],"line":107},"31":{"loc":{"start":{"line":145,"column":8},"end":{"line":153,"column":9}},"type":"if","locations":[{"start":{"line":145,"column":8},"end":{"line":153,"column":9}},{"start":{"line":145,"column":8},"end":{"line":153,"column":9}}],"line":145},"32":{"loc":{"start":{"line":148,"column":13},"end":{"line":153,"column":9}},"type":"if","locations":[{"start":{"line":148,"column":13},"end":{"line":153,"column":9}},{"start":{"line":148,"column":13},"end":{"line":153,"column":9}}],"line":148},"33":{"loc":{"start":{"line":174,"column":14},"end":{"line":174,"column":48}},"type":"default-arg","locations":[{"start":{"line":174,"column":25},"end":{"line":174,"column":48}}],"line":174},"34":{"loc":{"start":{"line":191,"column":13},"end":{"line":191,"column":47}},"type":"default-arg","locations":[{"start":{"line":191,"column":24},"end":{"line":191,"column":47}}],"line":191},"35":{"loc":{"start":{"line":299,"column":12},"end":{"line":307,"column":13}},"type":"if","locations":[{"start":{"line":299,"column":12},"end":{"line":307,"column":13}},{"start":{"line":299,"column":12},"end":{"line":307,"column":13}}],"line":299},"36":{"loc":{"start":{"line":299,"column":16},"end":{"line":299,"column":65}},"type":"binary-expr","locations":[{"start":{"line":299,"column":16},"end":{"line":299,"column":51}},{"start":{"line":299,"column":55},"end":{"line":299,"column":65}}],"line":299},"37":{"loc":{"start":{"line":302,"column":17},"end":{"line":307,"column":13}},"type":"if","locations":[{"start":{"line":302,"column":17},"end":{"line":307,"column":13}},{"start":{"line":302,"column":17},"end":{"line":307,"column":13}}],"line":302},"38":{"loc":{"start":{"line":302,"column":21},"end":{"line":302,"column":67}},"type":"binary-expr","locations":[{"start":{"line":302,"column":21},"end":{"line":302,"column":53}},{"start":{"line":302,"column":57},"end":{"line":302,"column":67}}],"line":302},"39":{"loc":{"start":{"line":305,"column":17},"end":{"line":307,"column":13}},"type":"if","locations":[{"start":{"line":305,"column":17},"end":{"line":307,"column":13}},{"start":{"line":305,"column":17},"end":{"line":307,"column":13}}],"line":305},"40":{"loc":{"start":{"line":305,"column":21},"end":{"line":305,"column":79}},"type":"binary-expr","locations":[{"start":{"line":305,"column":21},"end":{"line":305,"column":61}},{"start":{"line":305,"column":65},"end":{"line":305,"column":79}}],"line":305},"41":{"loc":{"start":{"line":316,"column":21},"end":{"line":316,"column":37}},"type":"binary-expr","locations":[{"start":{"line":316,"column":21},"end":{"line":316,"column":24}},{"start":{"line":316,"column":28},"end":{"line":316,"column":30}},{"start":{"line":316,"column":34},"end":{"line":316,"column":37}}],"line":316},"42":{"loc":{"start":{"line":319,"column":15},"end":{"line":319,"column":38}},"type":"default-arg","locations":[{"start":{"line":319,"column":34},"end":{"line":319,"column":38}}],"line":319},"43":{"loc":{"start":{"line":325,"column":35},"end":{"line":325,"column":120}},"type":"binary-expr","locations":[{"start":{"line":325,"column":35},"end":{"line":325,"column":75}},{"start":{"line":325,"column":79},"end":{"line":325,"column":120}}],"line":325}},"s":{"0":1,"1":20,"2":20,"3":20,"4":438,"5":0,"6":0,"7":0,"8":1,"9":1,"10":0,"11":1,"12":1,"13":0,"14":1,"15":1,"16":1,"17":20,"18":20,"19":1,"20":1,"21":1,"22":1,"23":1,"24":1,"25":1,"26":1,"27":1,"28":1,"29":1,"30":1,"31":1,"32":1,"33":1,"34":1,"35":1,"36":219,"37":219,"38":219,"39":219,"40":219,"41":219,"42":219,"43":219,"44":219,"45":219,"46":219,"47":219,"48":219,"49":219,"50":219,"51":219,"52":219,"53":219,"54":219,"55":219,"56":219,"57":219,"58":219,"59":219,"60":219,"61":0,"62":219,"63":219,"64":219,"65":0,"66":0,"67":0,"68":4,"69":2,"70":2,"71":2,"72":0,"73":219,"74":1004,"75":1004,"76":713,"77":1004,"78":291,"79":291,"80":713,"81":537,"82":537,"83":176,"84":176,"85":152,"86":152,"87":152,"88":260,"89":260,"90":260,"91":1,"92":1,"93":1,"94":290,"95":0,"96":0,"97":0,"98":0,"99":0,"100":0,"101":0,"102":0,"103":0,"104":0,"105":0,"106":0,"107":0,"108":0,"109":0,"110":0,"111":0,"112":0,"113":0,"114":0,"115":0,"116":0,"117":0,"118":0,"119":0,"120":0,"121":0,"122":0,"123":0,"124":0,"125":0,"126":0,"127":0,"128":0,"129":0,"130":0,"131":0,"132":0,"133":0,"134":0,"135":0,"136":0,"137":0,"138":0,"139":0,"140":0,"141":0,"142":0,"143":0,"144":0,"145":0,"146":0,"147":0,"148":0,"149":0,"150":0,"151":13,"152":13,"153":0,"154":1},"f":{"0":20,"1":438,"2":0,"3":1,"4":0,"5":1,"6":1,"7":219,"8":0,"9":4,"10":2,"11":219,"12":1004,"13":152,"14":260,"15":290,"16":0,"17":0,"18":0,"19":0,"20":0,"21":0,"22":0,"23":0,"24":0,"25":0,"26":0,"27":0,"28":0,"29":0,"30":0,"31":13,"32":13,"33":0},"b":{"0":[1,1,1],"1":[1,0],"2":[20,0],"3":[0,0],"4":[1,1,1],"5":[1,0],"6":[1,1,1],"7":[0,1],"8":[1,1],"9":[1,0],"10":[20,0],"11":[20,20],"12":[1,1,1],"13":[0,1],"14":[1,1],"15":[121],"16":[219,214],"17":[219,214],"18":[0,219],"19":[219,0],"20":[219,219],"21":[0,219],"22":[219,219],"23":[0,219],"24":[219,219],"25":[2,0],"26":[713,291],"27":[291,713],"28":[537,176],"29":[176,0],"30":[134],"31":[0,0],"32":[0,0],"33":[0],"34":[0],"35":[0,0],"36":[0,0],"37":[0,0],"38":[0,0],"39":[0,0],"40":[0,0],"41":[0,0,0],"42":[0],"43":[0,0]},"inputSourceMap":{"version":3,"file":"ProjectManager.js","sourceRoot":"","sources":["ProjectManager.ts"],"names":[],"mappings":";;;;;;;;;;;;;;;;;;;;;;;;AAAA,iDAAgD;AAChD,8CAAsB;AACtB,2BAA+E;AAC/E,+BAAgE;AAChE,iDAA8D;AAC9D,mCAA4B;AAC5B,uCAAsC;AACtC,6CAAsE;AACtE,iCAA8B;AAC9B,mDAA4C;AAC5C,yCAAoC;AAcpC,MAAa,cAAc;IA8B1B,YAAY,IAAY,EAAE,IAA0B,EAAE,SAAkB,KAAK;QAzBrE,SAAI,GAA2B,EAAE,CAAA;QACjC,YAAO,GAAU,EAAE,CAAA;QAEnB,UAAK,GAA8B,EAAE,CAAA;QACrC,YAAO,GAAa,EAAE,CAAA;QAEtB,iBAAY,GAAmB,EAAE,CAAA;QAKjC,aAAQ,GAAmB,EAAE,CAAA;QAC7B,cAAS,GAAuB,EAAE,CAAA;QAClC,cAAS,GAA4C,EAAE,CAAA,CAAA,yBAAyB;QAIvE,iBAAY,GAA8B,EAAE,CAAA;QACrD,eAAU,GAAY,KAAK,CAAC;QAC5B,uBAAkB,GAAY,KAAK,CAAC;QAO3C,IAAI,CAAC,OAAO,GAAG,IAAI,CAAC,OAAO,IAAI,MAAM,CAAC;QACtC,IAAI,CAAC,UAAU,GAAG,IAAI,CAAC,OAAO,IAAI,MAAM,CAAC;QACzC,IAAI,CAAC,GAAG,GAAG,IAAI,CAAA;QACf,IAAI,CAAC,YAAY,GAAG,IAAI,CAAC,YAAY,CAAA;QACrC,IAAI,CAAC,MAAM,GAAG,IAAI,CAAC,MAAM,CAAC;QAC1B,IAAI,CAAC,QAAQ,GAAG,IAAI,mBAAQ,CAAC,OAAO,CAAC,GAAG,EAAE,EAAE,IAAI,CAAC,MAAM,CAAC,CAAA;QACxD,WAAU,CAAC,cAAS,CAAC,IAAI,CAAC,CAAC,WAAW,EAAE,EAAE,iBAAiB,IAAI,uBAAuB,CAAC,CAAA;QACvF,IAAI,CAAC,IAAI,GAAG,IAAI,CAAC,OAAO,CAAA;QACxB,IAAI,CAAC,OAAO,GAAG,IAAI,qBAAW,CAAC,IAAI,EAAE,IAAI,EAAE,IAAI,EAAE,IAAI,CAAC,QAAQ,CAAC,CAAC;QAChE,IAAI,CAAC,IAAI,GAAG,IAAI,CAAC,OAAO,CAAC,OAAO,EAAE,CAAC;QACnC,IAAI,CAAC,IAAI,CAAC,SAAS,EAAE,CAAC;QAEtB,IAAI,CAAC,MAAM,GAAG,IAAI,CAAC,UAAU,CAAC,CAAC,CAAC,IAAI,CAAC,UAAU,CAAC,CAAC,CAAC,IAAI,CAAA;QAEtD,IAAI,IAAI,CAAC,MAAM,IAAI,IAAI,CAAC,YAAY,EAAE;YACrC,IAAI,CAAC,eAAU,CAAC,IAAI,CAAC,MAAM,CAAC,EAAE;gBAC7B,cAAS,CAAC,IAAI,CAAC,MAAM,CAAC,CAAA;aACtB;iBAAM;gBACN,WAAU,CAAC,CAAC,IAAI,CAAC,MAAM,IAAI,cAAS,CAAC,IAAI,CAAC,MAAM,CAAC,CAAC,WAAW,EAAE,EAAE,gBAAgB,IAAI,uBAAuB,CAAC,CAAA;aAC7G;SACD;QAED,IAAI,CAAC,kBAAkB,EAAE,CAAC;QAC1B,IAAI,IAAI,CAAC,YAAY,KAAK,UAAU,IAAI,IAAI,CAAC,MAAM,EAAE;YACpD,IAAI,CAAC,SAAS,CAAC,OAAO,CAAC,CAAC,CAAC,EAAE;gBAC1B,IAAI,GAAG,GAAG,CAAC,CAAC,gBAAgB,EAAE,CAAA;gBAC9B,IAAI,CAAC,YAAY,CAAC,GAAG,CAAC,YAAY,GAAG,IAAI,CAAC,MAAM,CAAC,GAAG,GAAG,CAAC,QAAQ,CAAC;YAClE,CAAC,CAAC,CAAA;SACF;IACF,CAAC;IAED,SAAS,CAAC,YAA8B;QACvC,IAAI,CAAC,SAAS,CAAC,YAAY,CAAC,WAAW,EAAE,CAAC,GAAG,YAAY,CAAC;IAC3D,CAAC;IAGD,aAAa,CAAC,GAAW;QACxB,KAAK,IAAI,CAAC,IAAI,IAAI,CAAC,SAAS,EAAE;YAC7B,IAAI,CAAC,KAAK,GAAG,EAAE;gBACd,OAAO,IAAI,CAAC,SAAS,CAAC,CAAC,CAAC,CAAA;aACxB;SACD;QACD,OAAO,IAAI,CAAA;IAEZ,CAAC;IAEO,kBAAkB;QACzB,IAAI,CAAC,IAAI,CAAC,KAAK,CACd,IAAI,CAAC,EAAE;YACN,IAAI,CAAC,QAAQ,CAAC,IAAI,CAAC,IAAI,CAAC,CAAA;YACxB,IAAI,IAAI,YAAY,+BAAgB,EAAE;gBACrC,IAAI,CAAC,SAAS,CAAC,IAAI,CAAC,IAAI,CAAC,CAAA;aACzB;YAED,IAAI,IAAI,YAAY,WAAG,EAAE;gBACxB,IAAI,CAAC,OAAO,CAAC,IAAI,CAAC,IAAI,CAAC,CAAA;gBACvB,IAAI,CAAC,IAAI,CAAC,IAAI,CAAC,WAAW,EAAE,CAAC,GAAG,IAAI,CAAC;aACrC;iBAAM,IAAI,IAAI,YAAY,aAAM,EAAE;gBAClC,IAAI,CAAC,OAAO,CAAC,IAAI,CAAC,IAAI,CAAC,CAAA;gBACvB,IAAI,CAAC,KAAK,CAAC,IAAI,CAAC,WAAW,EAAE,CAAC,GAAG,IAAI,CAAC;aACtC;iBAAM,IAAI,IAAI,YAAY,2BAAW,EAAE;gBACvC,IAAI,CAAC,YAAY,CAAC,IAAI,CAAC,IAAI,CAAC,CAAA;aAC5B;QACF,CAAC,CAAC,CAAA;IACJ,CAAC;IAED,aAAa,CAAC,IAA6B,EAAE,SAAiB,IAAI,CAAC,IAAI;QACtE,IAAI,IAAI,GAAW,EAAE,CAAA;QAErB,6BAA6B;QAC7B,2CAA2C;QAC3C,oBAAoB;QACpB,KAAK;QACL,kBAAkB;QAClB,iCAAiC;QACjC,sCAAsC;QACtC,IAAI;QACJ,6BAA6B;QAC7B,yBAAyB;QACzB,uCAAuC;QACvC,KAAK;QACL,KAAK;QAEL,IAAI;YAEH,IAAI,CAAC,OAAO,CAAC,OAAO,CAAC,MAAM,CAAC,EAAE;gBAC7B,gBAAM,CAAC,MAAM,EAAE,yBAAyB,GAAC,MAAM,CAAE,CAAA;gBACjD,IAAI,GAAG,MAAM,CAAC,WAAW,EAAE,CAAA;gBAC/B,eAAe;gBACV,+EAA+E;gBAChF,IAAI,CAAC,MAAM,CAAC,CAAA;YACb,CAAC,CAAC,CAAA;SACF;QAAC,OAAO,CAAC,EAAE;YAEX,OAAO,CAAC,GAAG,CAAC,uDAAuD,IAAI,aAAa,MAAM,EAAE,CAAC,CAAA;YAC7F,OAAO,CAAC,GAAG,CAAC,CAAC,CAAE,CAAA;YAEf,MAAM,CAAC,CAAC;SAER;IACF,CAAC;IAED,KAAK,CAAC,IAAY;QACjB,OAAO,IAAI,CAAC,KAAK,CAAC,IAAI,CAAC,CAAA;IACxB,CAAC;IAAA,CAAC;IAEF,MAAM;QACL,IAAI,CAAC,QAAQ,CAAC,QAAQ,EAAE,CAAA;IACzB,CAAC;IAEM,QAAQ;QAEd,IAAI,IAAI,CAAC,YAAY,KAAK,UAAU,EAAE;YACrC,IAAI,CAAC,YAAY,EAAE,CAAA;SACnB;aAAM,IAAI,IAAI,CAAC,YAAY,KAAK,MAAM,EAAE;YACxC,IAAI,CAAC,OAAO,EAAE,CAAA;SACd;aAAM;YACN,MAAM,IAAI,KAAK,CAAC,uBAAuB,CAAC,CAAA;SACxC;IAEF,CAAC;IAGO,YAAY;QAEnB,gBAAgB;QAChB,qDAAqD;QACrD,2EAA2E;QAC3E,+CAA+C;QAC/C,2DAA2D;QAC3D,2DAA2D;QAC3D,EAAE;QACF,uDAAuD;QACvD,UAAU;QACV,eAAe;QACf,KAAK,IAAI,QAAQ,IAAI,IAAI,CAAC,YAAY,EAAE;YACvC,IAAI,IAAI,GAAG,IAAI,CAAC,YAAY,CAAC,QAAQ,CAAC,CAAA;YACtC,kBAAa,CAAC,WAAI,CAAC,IAAI,CAAC,IAAI,CAAC,WAAW,EAAE,EAAE,QAAQ,CAAC,EAAE,IAAI,CAAC,CAAA;SAC5D;QAED,IAAI,CAAC,SAAS,EAAE,CAAA;QAChB,IAAI,CAAC,QAAQ,EAAE,CAAA;QACf,uBAAuB;IACxB,CAAC;IAEO,SAAS,CAAC,WAAmB,IAAI,CAAC,IAAI,CAAC,WAAW,EAAE;QAC3D,IAAI,eAAe,GAAG,CAAC,IAAI,EAAE,EAAE,CAAC,eAAU,CAAC,IAAI;QAC9C,mBAAmB;QACnB,iBAAiB;QACjB,0DAA0D;QAC1D,QAAQ;QACR,IAAI;SACJ,CAAC;QACF,IAAI,CAAC,SAAS,CAAC,OAAO,CAAC,CAAC,IAAsB,EAAE,EAAE;YACjD,sCAAsC;YACtC,eAAU,CAAC,WAAI,CAAC,QAAQ,EAAE,IAAI,CAAC,WAAW,EAAE,CAAC,CAAC,CAAA;QAC/C,CAAC,CAAC,CAAA;QAEF,uDAAuD;QACvD,iEAAiE;QACjE,2BAA2B;QAC3B,MAAM;IACP,CAAC;IAGO,QAAQ,CAAC,WAAmB,IAAI,CAAC,IAAI,CAAC,WAAW,EAAE;QAC1D,IAAI,CAAC,SAAS,CAAC,OAAO,CAAC,IAAI,CAAC,EAAE;YAC7B,IAAI,UAA4B,CAAA;YAEhC,UAAU,GAAG,IAAI,CAAC,gBAAgB,EAAE,CAAC;YAGrC,IAAI;gBACH,wBAAwB;gBACxB,kBAAa,CAAC,WAAI,CAAC,QAAQ,EAAE,UAAU,CAAC,YAAY,CAAC,EAAE,UAAU,CAAC,QAAQ,CAAC,CAAA;aAC3E;YAAC,OAAO,EAAE,EAAE;gBACZ,OAAO,CAAC,GAAG,CAAC,aAAa,QAAQ,EAAE,CAAC,CAAA;gBACpC,OAAO,CAAC,GAAG,CAAC,sBAAsB,IAAI,CAAC,WAAW,EAAE,EAAE,CAAC,CAAA;gBACvD,OAAO,CAAC,GAAG,CAAC,sBAAsB,IAAI,CAAC,WAAW,EAAE,EAAE,CAAC,CAAA;gBACvD,OAAO,CAAC,GAAG,CAAC,gBAAgB,IAAI,CAAC,gBAAgB,EAAE,CAAC,QAAQ,EAAE,CAAC,CAAA;gBAE/D,OAAO,CAAC,GAAG,CAAC,eAAe,EAAE,EAAE,CAAC,CAAA;aAChC;QAEF,CAAC,CAAC,CAAA;QACF,+EAA+E;QAE/E,KAAK,IAAI,QAAQ,IAAI,IAAI,CAAC,SAAS,EAAE;YACpC,IAAI,UAAU,GAAqB,IAAI,CAAC,SAAS,CAAC,QAAQ,CAAC,CAAC,gBAAgB,EAAE,CAAA;YAC9E,IAAI,IAAI,GAAG,WAAI,CAAC,QAAQ,EAAE,UAAU,CAAC,YAAY,CAAC,CAAA;YAClD,gEAAgE;YAChE,4CAA4C;YAC5C,uCAAuC;YAEvC,kBAAa,CAAC,IAAI,EAAE,UAAU,CAAC,QAAQ,CAAC,CAAA;YACxC,mBAAmB;YACnB,iBAAiB;YACjB,gDAAgD;YAChD,qBAAqB;YACrB,QAAQ;YACR,IAAI;YAGJ,KAAK;YAEL,kEAAkE;YAClE,+EAA+E;SAC/E;IACF,CAAC;IAED,EAAE;IACF,iEAAiE;IACjE,2DAA2D;IAC3D,qEAAqE;IACrE,0EAA0E;IAC1E,kCAAkC;IAClC,gDAAgD;IAChD,YAAY;IACZ,uFAAuF;IACvF,SAAS;IACT,6CAA6C;IAC7C,8CAA8C;IAC9C,qEAAqE;IACrE,0EAA0E;IAC1E,uFAAuF;IACvF,EAAE;IACF,QAAQ;IACR,IAAI;IAEI,OAAO;QAEd,oDAAoD;QACpD,6CAA6C;QAC7C,4CAA4C;QAC5C,KAAK;QACL,cAAc;QAEd,KAAK;QACL,IAAI,GAAG,GAAG,IAAI,CAAC,GAAG,CAAA;QAClB,IAAI,OAAO,GAAG,IAAI,CAAC,MAAM,CAAA;QACzB,IAAI,GAAG,GAAG,OAAO,CAAC,KAAK,CAAC,CAAA;QACxB,IAAI,CAAC,IAAI,CAAC,MAAM,CAAC,IAAI,CAAC,MAAM,CAAC,CAAA;QAC7B,+BAA+B;QAC/B,wBAAwB;QACxB,0BAA0B;QAC1B,EAAE;QACF,EAAE;QACF,gCAAgC;QAChC,QAAQ;QACR,kBAAkB;QAClB,6BAA6B;QAC7B,gBAAgB;QAChB,2BAA2B;QAC3B,oCAAoC;QAEpC,EAAE;QACF,aAAG,CAAC,IAAI,CAAC,GAAG,EAAE,IAAI,CAAC,MAAM,EAAE;YAC1B,OAAO,EAAE,KAAK,EAAE,MAAM,EAAE,OAAO;YAC/B,wBAAwB;YACxB,kDAAkD;YAClD,iCAAiC;YACjC,0CAA0C;YAC1C,wBAAwB;YACxB,qDAAqD;YACrD,EAAE;YACF,wBAAwB;YACxB,QAAQ;YACR,EAAE;YACF,iDAAiD;YACjD,2BAA2B;YAC3B,WAAW;YACX,kCAAkC;YAClC,EAAE;YACF,6BAA6B;YAC7B,+BAA+B;YAC/B,sDAAsD;YACtD,EAAE;YACF,iCAAiC;YACjC,IAAI;SACJ,EAAE,GAAG,EAAE;YAEP,IAAI,CAAC,QAAQ,CAAC,OAAO,CAAC,CAAA;YACtB,uBAAuB;QACxB,CAAC,CAAC,CAAA;QACF,IAAI,UAAU,GAAG,IAAI,CAAC,UAAU,CAAC;QACjC,IAAI,cAAc,GAAG,IAAI,CAAC,kBAAkB,CAAA;QAE5C,SAAS,OAAO,CAAC,QAAQ;YACxB,IAAI,aAAa,GAAG,eAAQ,CAAC,GAAG,EAAE,QAAQ,CAAC,CAAA;YAC3C,IAAI,cAAO,CAAC,QAAQ,CAAC,KAAK,MAAM,IAAI,UAAU,EAAE;gBAC/C,OAAO,KAAK,CAAC;aACb;iBAAM,IAAI,aAAa,CAAC,UAAU,CAAC,MAAM,CAAC,IAAI,UAAU,EAAE;gBAE1D,OAAO,KAAK,CAAC;aACb;iBAAM,IAAI,aAAa,CAAC,UAAU,CAAC,cAAc,CAAC,IAAI,cAAc,EAAE;gBACtE,OAAO,KAAK,CAAC;aACb;YAED,8CAA8C;YAC9C,0CAA0C;YAC1C,oBAAoB;YACpB,IAAI;YACJ,IAAI,GAAG,GAAG,cAAO,CAAC,QAAQ,CAAC,CAAA;YAE3B,IAAI,EAAE,GAAG,GAAG,KAAK,KAAK,CAAA;YACtB,IAAI,GAAG,GAAG,GAAG,KAAK,MAAM,CAAA;YACxB,IAAI,GAAG,GAAG,eAAQ,CAAC,QAAQ,CAAC,KAAK,cAAc,CAAA;YAE/C,OAAO,CAAC,CAAC,GAAG,IAAI,EAAE,IAAI,GAAG,CAAC,CAAA;QAC3B,CAAC;IAEF,CAAC;IAED,UAAU,CAAC,gBAAgB,GAAG,IAAI;QACjC,IAAI,MAAM,GAAuB,EAAE,CAAC;QACpC,IAAI,CAAC,SAAS,CAAC,OAAO,CAAC,CAAC,CAAC,EAAE,CAAC,MAAM,CAAC,IAAI,CAAC,CAAC,CAAC,CAAC,CAAA;QAC3C,KAAK,IAAI,KAAK,IAAI,IAAI,CAAC,SAAS,EAAE;YACjC,MAAM,CAAC,IAAI,CAAC,IAAI,CAAC,SAAS,CAAC,KAAK,CAAC,CAAC,CAAA;SAClC;QACD,OAAO,MAAM,CAAC,MAAM,CAAC,CAAC,CAAC,EAAE,CAAC,CAAC,CAAC,CAAC,OAAO,EAAE,KAAK,qBAAQ,CAAC,EAAE,IAAI,CAAC,CAAC,OAAO,EAAE,KAAK,qBAAQ,CAAC,GAAG,CAAC,CAAC,CAAC,IAAI,CAC5F,CAAC,CAAC,EAAE,CAAC,EAAE,EAAE,CAAC,CAAC,CAAC,WAAW,EAAE,CAAC,aAAa,CAAC,CAAC,CAAC,WAAW,EAAE,CAAC,CAAC,CAAA;IAC3D,CAAC;IAGF,oCAAoC;IACnC,MAAM;IACN,kFAAkF;IAClF,mFAAmF;IACnF,MAAM;IACN,6EAA6E;IAC7E,+DAA+D;IAC/D,8BAA8B;IAC9B,IAAI;IAEJ,EAAE;IACF,MAAM;IACN,0EAA0E;IAC1E,MAAM;IACN,uBAAuB;IACvB,2CAA2C;IAC3C,iCAAiC;IACjC,SAAS;IACT,IAAI;IAEJ,cAAc,CAAC,GAA0B;QACxC,IAAI,CAAC,YAAY,CAAC,OAAO,CAAC,CAAC,CAAC,EAAE;YAC7B,GAAG,CAAC,CAAC,CAAC,CAAA;QACP,CAAC,CAAC,CAAA;IACH,CAAC;IAED,UAAU;QACT,OAAO,IAAI,CAAC,UAAU,CAAC;IACxB,CAAC;CACD;AAhYD,wCAgYC"},"_coverageSchema":"1a1c01bbd47fc00a2c39e90264f33305004495a9","hash":"b51eb260c2a62ff9901b0da3987dc8210ea4cce9"},"/Users/sam/Dropbox/Spring_20/research_proj/CJS_Transform/src/abstract_fs_v2/Abstractions.js":{"path":"/Users/sam/Dropbox/Spring_20/research_proj/CJS_Transform/src/abstract_fs_v2/Abstractions.js","statementMap":{"0":{"start":{"line":1,"column":0},"end":{"line":1,"column":62}},"1":{"start":{"line":2,"column":0},"end":{"line":2,"column":57}},"2":{"start":{"line":3,"column":13},"end":{"line":3,"column":26}},"3":{"start":{"line":6,"column":8},"end":{"line":6,"column":29}},"4":{"start":{"line":7,"column":8},"end":{"line":7,"column":27}},"5":{"start":{"line":8,"column":8},"end":{"line":8,"column":29}},"6":{"start":{"line":9,"column":8},"end":{"line":9,"column":29}},"7":{"start":{"line":10,"column":8},"end":{"line":10,"column":33}},"8":{"start":{"line":11,"column":8},"end":{"line":11,"column":35}},"9":{"start":{"line":12,"column":8},"end":{"line":12,"column":37}},"10":{"start":{"line":13,"column":8},"end":{"line":13,"column":47}},"11":{"start":{"line":14,"column":8},"end":{"line":14,"column":41}},"12":{"start":{"line":15,"column":8},"end":{"line":15,"column":46}},"13":{"start":{"line":18,"column":8},"end":{"line":18,"column":33}},"14":{"start":{"line":21,"column":8},"end":{"line":21,"column":29}},"15":{"start":{"line":24,"column":8},"end":{"line":24,"column":25}},"16":{"start":{"line":27,"column":8},"end":{"line":27,"column":25}},"17":{"start":{"line":30,"column":8},"end":{"line":30,"column":24}},"18":{"start":{"line":33,"column":8},"end":{"line":33,"column":50}},"19":{"start":{"line":36,"column":8},"end":{"line":36,"column":29}},"20":{"start":{"line":39,"column":8},"end":{"line":39,"column":34}},"21":{"start":{"line":42,"column":8},"end":{"line":42,"column":22}},"22":{"start":{"line":45,"column":0},"end":{"line":45,"column":36}},"23":{"start":{"line":48,"column":8},"end":{"line":48,"column":39}},"24":{"start":{"line":49,"column":8},"end":{"line":54,"column":9}},"25":{"start":{"line":50,"column":12},"end":{"line":50,"column":29}},"26":{"start":{"line":53,"column":12},"end":{"line":53,"column":66}},"27":{"start":{"line":57,"column":0},"end":{"line":57,"column":44}},"28":{"start":{"line":59,"column":4},"end":{"line":61,"column":5}},"29":{"start":{"line":60,"column":8},"end":{"line":60,"column":20}},"30":{"start":{"line":62,"column":21},"end":{"line":62,"column":30}},"31":{"start":{"line":62,"column":27},"end":{"line":62,"column":30}},"32":{"start":{"line":63,"column":4},"end":{"line":63,"column":40}},"33":{"start":{"line":64,"column":4},"end":{"line":64,"column":21}}},"fnMap":{"0":{"name":"(anonymous_0)","decl":{"start":{"line":5,"column":4},"end":{"line":5,"column":5}},"loc":{"start":{"line":5,"column":43},"end":{"line":16,"column":5}},"line":5},"1":{"name":"(anonymous_1)","decl":{"start":{"line":17,"column":4},"end":{"line":17,"column":5}},"loc":{"start":{"line":17,"column":26},"end":{"line":19,"column":5}},"line":17},"2":{"name":"(anonymous_2)","decl":{"start":{"line":20,"column":4},"end":{"line":20,"column":5}},"loc":{"start":{"line":20,"column":18},"end":{"line":22,"column":5}},"line":20},"3":{"name":"(anonymous_3)","decl":{"start":{"line":23,"column":4},"end":{"line":23,"column":5}},"loc":{"start":{"line":23,"column":14},"end":{"line":25,"column":5}},"line":23},"4":{"name":"(anonymous_4)","decl":{"start":{"line":26,"column":4},"end":{"line":26,"column":5}},"loc":{"start":{"line":26,"column":15},"end":{"line":28,"column":5}},"line":26},"5":{"name":"(anonymous_5)","decl":{"start":{"line":29,"column":4},"end":{"line":29,"column":5}},"loc":{"start":{"line":29,"column":13},"end":{"line":31,"column":5}},"line":29},"6":{"name":"(anonymous_6)","decl":{"start":{"line":32,"column":4},"end":{"line":32,"column":5}},"loc":{"start":{"line":32,"column":16},"end":{"line":34,"column":5}},"line":32},"7":{"name":"(anonymous_7)","decl":{"start":{"line":35,"column":4},"end":{"line":35,"column":5}},"loc":{"start":{"line":35,"column":18},"end":{"line":37,"column":5}},"line":35},"8":{"name":"(anonymous_8)","decl":{"start":{"line":38,"column":4},"end":{"line":38,"column":5}},"loc":{"start":{"line":38,"column":18},"end":{"line":40,"column":5}},"line":38},"9":{"name":"(anonymous_9)","decl":{"start":{"line":41,"column":4},"end":{"line":41,"column":5}},"loc":{"start":{"line":41,"column":19},"end":{"line":43,"column":5}},"line":41},"10":{"name":"(anonymous_10)","decl":{"start":{"line":47,"column":4},"end":{"line":47,"column":5}},"loc":{"start":{"line":47,"column":44},"end":{"line":55,"column":5}},"line":47},"11":{"name":"createGetParent","decl":{"start":{"line":58,"column":9},"end":{"line":58,"column":24}},"loc":{"start":{"line":58,"column":30},"end":{"line":65,"column":1}},"line":58},"12":{"name":"(anonymous_12)","decl":{"start":{"line":62,"column":21},"end":{"line":62,"column":22}},"loc":{"start":{"line":62,"column":27},"end":{"line":62,"column":30}},"line":62}},"branchMap":{"0":{"loc":{"start":{"line":33,"column":15},"end":{"line":33,"column":49}},"type":"cond-expr","locations":[{"start":{"line":33,"column":29},"end":{"line":33,"column":33}},{"start":{"line":33,"column":36},"end":{"line":33,"column":49}}],"line":33},"1":{"loc":{"start":{"line":47,"column":33},"end":{"line":47,"column":42}},"type":"default-arg","locations":[{"start":{"line":47,"column":40},"end":{"line":47,"column":42}}],"line":47},"2":{"loc":{"start":{"line":49,"column":8},"end":{"line":54,"column":9}},"type":"if","locations":[{"start":{"line":49,"column":8},"end":{"line":54,"column":9}},{"start":{"line":49,"column":8},"end":{"line":54,"column":9}}],"line":49},"3":{"loc":{"start":{"line":59,"column":4},"end":{"line":61,"column":5}},"type":"if","locations":[{"start":{"line":59,"column":4},"end":{"line":61,"column":5}},{"start":{"line":59,"column":4},"end":{"line":61,"column":5}}],"line":59}},"s":{"0":1,"1":1,"2":1,"3":1008,"4":1008,"5":1008,"6":1008,"7":1008,"8":1008,"9":1008,"10":1008,"11":1008,"12":1008,"13":1004,"14":55,"15":0,"16":0,"17":0,"18":152,"19":667,"20":3808,"21":713,"22":1,"23":717,"24":717,"25":4,"26":713,"27":1,"28":1008,"29":219,"30":789,"31":345,"32":789,"33":789},"f":{"0":1008,"1":1004,"2":55,"3":0,"4":0,"5":0,"6":152,"7":667,"8":3808,"9":713,"10":717,"11":1008,"12":345},"b":{"0":[0,152],"1":[176],"2":[4,713],"3":[219,789]},"inputSourceMap":{"version":3,"file":"Abstractions.js","sourceRoot":"","sources":["Abstractions.ts"],"names":[],"mappings":";;AAEA,2BAAuC;AAGvC,MAAsB,YAAY;IAG9B,YAAsB,IAAY,EAAE,GAAa,EAAE,MAAW,EAAE,MAAc;QACzE,IAAI,CAAC,MAAM,GAAG,MAAM,CAAC;QACtB,IAAI,CAAC,GAAG,GAAG,GAAG,CAAC,GAAG,CAAA;QAClB,IAAI,CAAC,IAAI,GAAG,GAAG,CAAC,IAAI,CAAA;QACpB,IAAI,CAAC,IAAI,GAAG,GAAG,CAAC,IAAI,CAAA;QAEpB,IAAI,CAAC,MAAM,GAAG,GAAG,CAAC,MAAM,CAAA;QACxB,IAAI,CAAC,OAAO,GAAG,GAAG,CAAC,OAAO,CAAA;QAE1B,IAAI,CAAC,QAAQ,GAAG,GAAG,CAAC,QAAQ,CAAA;QAC5B,IAAI,CAAC,aAAa,GAAG,GAAG,CAAC,aAAa,CAAA;QACtC,IAAI,CAAC,UAAU,GAAG,GAAG,CAAC,UAAU,CAAC;QACjC,IAAI,CAAC,MAAM,GAAG,eAAe,CAAC,MAAM,CAAC,CAAA;IAEzC,CAAC;IAeD,WAAW,CAAC,QAAiB;QACzB,IAAI,CAAC,QAAQ,GAAG,QAAQ,CAAA;IAC5B,CAAC;IACD,WAAW;QACP,OAAO,IAAI,CAAC,QAAQ,CAAA;IACxB,CAAC;IACD,OAAO;QACH,OAAO,IAAI,CAAC,IAAI,CAAA;IACpB,CAAC;IAED,QAAQ;QACJ,OAAO,IAAI,CAAC,IAAI,CAAA;IACpB,CAAC;IAED,MAAM;QACF,OAAO,IAAI,CAAC,GAAG,CAAA;IACnB,CAAC;IAED,SAAS;QACL,OAAO,IAAI,CAAC,MAAM,CAAC,CAAC,CAAC,IAAI,CAAC,CAAC,CAAC,IAAI,CAAC,MAAM,EAAE,CAAA;IAC7C,CAAC;IAED,WAAW;QACP,OAAO,IAAI,CAAC,QAAQ,CAAA;IACxB,CAAC;IAED,WAAW;QACP,OAAO,IAAI,CAAC,aAAa,CAAC;IAC9B,CAAC;IAED,KAAK,CAAC,OAAoB;QACtB,OAAO,CAAC,IAAI,CAAC,CAAA;IACjB,CAAC;CAGJ;AAnED,oCAmEC;AAED,MAAsB,gBAAiB,SAAQ,YAAY;IAGvD,YAAsB,IAAY,EAAE,CAAW,EAAE,MAAW,EAAE,OAAe,EAAE;QAC3E,KAAK,CAAC,IAAI,EAAE,CAAC,EAAE,MAAM,EAAE,CAAC,CAAC,IAAI,CAAC,CAAC;QAE/B,IAAI,IAAI,EAAE;YACN,IAAI,CAAC,IAAI,GAAG,IAAI,CAAC;SACpB;aAAM;YACH,IAAI,CAAC,IAAI,GAAG,iBAAY,CAAC,IAAI,CAAC,QAAQ,EAAE,OAAO,CAAC,CAAA;SACnD;IACL,CAAC;CAGJ;AAdD,4CAcC;AAGD,SAAS,eAAe,CAAC,GAAQ;IAC7B,IAAI,CAAC,GAAG,EAAE;QACN,OAAO,IAAI,CAAC;KACf;IACD,IAAI,SAAS,GAAG,CAAC,GAAG,EAAE,CAAC,GAAG,CAAgB,CAAA;IAC1C,SAAS,CAAC,KAAK,GAAG,GAAG,CAAC,WAAW,EAAE,CAAC;IACpC,OAAO,SAAS,CAAA;AACpB,CAAC"},"_coverageSchema":"1a1c01bbd47fc00a2c39e90264f33305004495a9","hash":"836ce9dae9f953068e32cb78a463902ce5c6c800"},"/Users/sam/Dropbox/Spring_20/research_proj/CJS_Transform/src/abstract_fs_v2/Dirv2.js":{"path":"/Users/sam/Dropbox/Spring_20/research_proj/CJS_Transform/src/abstract_fs_v2/Dirv2.js","statementMap":{"0":{"start":{"line":1,"column":0},"end":{"line":1,"column":62}},"1":{"start":{"line":2,"column":0},"end":{"line":2,"column":21}},"2":{"start":{"line":3,"column":13},"end":{"line":3,"column":26}},"3":{"start":{"line":4,"column":15},"end":{"line":4,"column":30}},"4":{"start":{"line":5,"column":23},"end":{"line":5,"column":48}},"5":{"start":{"line":8,"column":8},"end":{"line":8,"column":39}},"6":{"start":{"line":9,"column":8},"end":{"line":9,"column":28}},"7":{"start":{"line":10,"column":8},"end":{"line":10,"column":27}},"8":{"start":{"line":11,"column":8},"end":{"line":11,"column":25}},"9":{"start":{"line":12,"column":8},"end":{"line":12,"column":37}},"10":{"start":{"line":12,"column":29},"end":{"line":12,"column":36}},"11":{"start":{"line":13,"column":8},"end":{"line":13,"column":61}},"12":{"start":{"line":14,"column":22},"end":{"line":14,"column":24}},"13":{"start":{"line":15,"column":22},"end":{"line":15,"column":24}},"14":{"start":{"line":16,"column":16},"end":{"line":16,"column":18}},"15":{"start":{"line":17,"column":8},"end":{"line":32,"column":11}},"16":{"start":{"line":18,"column":12},"end":{"line":28,"column":15}},"17":{"start":{"line":19,"column":26},"end":{"line":19,"column":89}},"18":{"start":{"line":20,"column":16},"end":{"line":26,"column":17}},"19":{"start":{"line":21,"column":20},"end":{"line":21,"column":33}},"20":{"start":{"line":22,"column":20},"end":{"line":22,"column":36}},"21":{"start":{"line":25,"column":20},"end":{"line":25,"column":33}},"22":{"start":{"line":27,"column":16},"end":{"line":27,"column":32}},"23":{"start":{"line":33,"column":8},"end":{"line":33,"column":37}},"24":{"start":{"line":34,"column":8},"end":{"line":34,"column":25}},"25":{"start":{"line":37,"column":8},"end":{"line":37,"column":34}},"26":{"start":{"line":41,"column":8},"end":{"line":41,"column":34}},"27":{"start":{"line":44,"column":8},"end":{"line":44,"column":27}},"28":{"start":{"line":47,"column":8},"end":{"line":47,"column":25}},"29":{"start":{"line":50,"column":8},"end":{"line":50,"column":22}},"30":{"start":{"line":51,"column":8},"end":{"line":51,"column":53}},"31":{"start":{"line":51,"column":35},"end":{"line":51,"column":51}},"32":{"start":{"line":54,"column":26},"end":{"line":54,"column":61}},"33":{"start":{"line":55,"column":8},"end":{"line":58,"column":9}},"34":{"start":{"line":56,"column":12},"end":{"line":56,"column":31}},"35":{"start":{"line":57,"column":12},"end":{"line":57,"column":19}},"36":{"start":{"line":59,"column":8},"end":{"line":67,"column":11}},"37":{"start":{"line":61,"column":24},"end":{"line":62,"column":64}},"38":{"start":{"line":63,"column":12},"end":{"line":66,"column":13}},"39":{"start":{"line":64,"column":16},"end":{"line":64,"column":72}},"40":{"start":{"line":65,"column":16},"end":{"line":65,"column":34}},"41":{"start":{"line":70,"column":8},"end":{"line":70,"column":35}},"42":{"start":{"line":73,"column":8},"end":{"line":81,"column":9}},"43":{"start":{"line":74,"column":12},"end":{"line":74,"column":32}},"44":{"start":{"line":76,"column":13},"end":{"line":81,"column":9}},"45":{"start":{"line":77,"column":12},"end":{"line":77,"column":54}},"46":{"start":{"line":80,"column":12},"end":{"line":80,"column":50}},"47":{"start":{"line":84,"column":18},"end":{"line":84,"column":67}},"48":{"start":{"line":85,"column":8},"end":{"line":85,"column":27}},"49":{"start":{"line":86,"column":8},"end":{"line":86,"column":33}},"50":{"start":{"line":89,"column":23},"end":{"line":89,"column":58}},"51":{"start":{"line":90,"column":8},"end":{"line":96,"column":9}},"52":{"start":{"line":93,"column":16},"end":{"line":93,"column":23}},"53":{"start":{"line":95,"column":16},"end":{"line":95,"column":22}},"54":{"start":{"line":97,"column":26},"end":{"line":101,"column":24}},"55":{"start":{"line":99,"column":12},"end":{"line":99,"column":36}},"56":{"start":{"line":101,"column":22},"end":{"line":101,"column":23}},"57":{"start":{"line":102,"column":23},"end":{"line":102,"column":66}},"58":{"start":{"line":103,"column":8},"end":{"line":108,"column":9}},"59":{"start":{"line":104,"column":12},"end":{"line":104,"column":59}},"60":{"start":{"line":104,"column":37},"end":{"line":104,"column":57}},"61":{"start":{"line":107,"column":12},"end":{"line":107,"column":58}},"62":{"start":{"line":135,"column":8},"end":{"line":140,"column":9}},"63":{"start":{"line":136,"column":12},"end":{"line":136,"column":53}},"64":{"start":{"line":139,"column":12},"end":{"line":139,"column":42}},"65":{"start":{"line":143,"column":8},"end":{"line":143,"column":40}},"66":{"start":{"line":146,"column":8},"end":{"line":146,"column":43}},"67":{"start":{"line":149,"column":0},"end":{"line":149,"column":18}}},"fnMap":{"0":{"name":"(anonymous_0)","decl":{"start":{"line":7,"column":4},"end":{"line":7,"column":5}},"loc":{"start":{"line":7,"column":60},"end":{"line":35,"column":5}},"line":7},"1":{"name":"(anonymous_1)","decl":{"start":{"line":12,"column":23},"end":{"line":12,"column":24}},"loc":{"start":{"line":12,"column":29},"end":{"line":12,"column":36}},"line":12},"2":{"name":"(anonymous_2)","decl":{"start":{"line":17,"column":35},"end":{"line":17,"column":36}},"loc":{"start":{"line":17,"column":46},"end":{"line":32,"column":9}},"line":17},"3":{"name":"(anonymous_3)","decl":{"start":{"line":18,"column":28},"end":{"line":18,"column":29}},"loc":{"start":{"line":18,"column":36},"end":{"line":28,"column":13}},"line":18},"4":{"name":"(anonymous_4)","decl":{"start":{"line":36,"column":4},"end":{"line":36,"column":5}},"loc":{"start":{"line":36,"column":25},"end":{"line":38,"column":5}},"line":36},"5":{"name":"(anonymous_5)","decl":{"start":{"line":40,"column":4},"end":{"line":40,"column":5}},"loc":{"start":{"line":40,"column":20},"end":{"line":42,"column":5}},"line":40},"6":{"name":"(anonymous_6)","decl":{"start":{"line":43,"column":4},"end":{"line":43,"column":5}},"loc":{"start":{"line":43,"column":16},"end":{"line":45,"column":5}},"line":43},"7":{"name":"(anonymous_7)","decl":{"start":{"line":46,"column":4},"end":{"line":46,"column":5}},"loc":{"start":{"line":46,"column":21},"end":{"line":48,"column":5}},"line":46},"8":{"name":"(anonymous_8)","decl":{"start":{"line":49,"column":4},"end":{"line":49,"column":5}},"loc":{"start":{"line":49,"column":19},"end":{"line":52,"column":5}},"line":49},"9":{"name":"(anonymous_9)","decl":{"start":{"line":51,"column":30},"end":{"line":51,"column":31}},"loc":{"start":{"line":51,"column":35},"end":{"line":51,"column":51}},"line":51},"10":{"name":"(anonymous_10)","decl":{"start":{"line":53,"column":4},"end":{"line":53,"column":5}},"loc":{"start":{"line":53,"column":16},"end":{"line":68,"column":5}},"line":53},"11":{"name":"(anonymous_11)","decl":{"start":{"line":60,"column":21},"end":{"line":60,"column":22}},"loc":{"start":{"line":60,"column":26},"end":{"line":67,"column":9}},"line":60},"12":{"name":"(anonymous_12)","decl":{"start":{"line":69,"column":4},"end":{"line":69,"column":5}},"loc":{"start":{"line":69,"column":32},"end":{"line":71,"column":5}},"line":69},"13":{"name":"(anonymous_13)","decl":{"start":{"line":72,"column":4},"end":{"line":72,"column":5}},"loc":{"start":{"line":72,"column":21},"end":{"line":82,"column":5}},"line":72},"14":{"name":"(anonymous_14)","decl":{"start":{"line":83,"column":4},"end":{"line":83,"column":5}},"loc":{"start":{"line":83,"column":24},"end":{"line":87,"column":5}},"line":83},"15":{"name":"(anonymous_15)","decl":{"start":{"line":88,"column":4},"end":{"line":88,"column":5}},"loc":{"start":{"line":88,"column":23},"end":{"line":126,"column":5}},"line":88},"16":{"name":"(anonymous_16)","decl":{"start":{"line":98,"column":20},"end":{"line":98,"column":21}},"loc":{"start":{"line":98,"column":25},"end":{"line":100,"column":9}},"line":98},"17":{"name":"(anonymous_17)","decl":{"start":{"line":101,"column":17},"end":{"line":101,"column":18}},"loc":{"start":{"line":101,"column":22},"end":{"line":101,"column":23}},"line":101},"18":{"name":"(anonymous_18)","decl":{"start":{"line":104,"column":32},"end":{"line":104,"column":33}},"loc":{"start":{"line":104,"column":37},"end":{"line":104,"column":57}},"line":104},"19":{"name":"(anonymous_19)","decl":{"start":{"line":134,"column":4},"end":{"line":134,"column":5}},"loc":{"start":{"line":134,"column":33},"end":{"line":141,"column":5}},"line":134},"20":{"name":"(anonymous_20)","decl":{"start":{"line":142,"column":4},"end":{"line":142,"column":5}},"loc":{"start":{"line":142,"column":14},"end":{"line":144,"column":5}},"line":142},"21":{"name":"(anonymous_21)","decl":{"start":{"line":145,"column":4},"end":{"line":145,"column":5}},"loc":{"start":{"line":145,"column":17},"end":{"line":147,"column":5}},"line":145}},"branchMap":{"0":{"loc":{"start":{"line":7,"column":46},"end":{"line":7,"column":58}},"type":"default-arg","locations":[{"start":{"line":7,"column":56},"end":{"line":7,"column":58}}],"line":7},"1":{"loc":{"start":{"line":20,"column":16},"end":{"line":26,"column":17}},"type":"if","locations":[{"start":{"line":20,"column":16},"end":{"line":26,"column":17}},{"start":{"line":20,"column":16},"end":{"line":26,"column":17}}],"line":20},"2":{"loc":{"start":{"line":55,"column":8},"end":{"line":58,"column":9}},"type":"if","locations":[{"start":{"line":55,"column":8},"end":{"line":58,"column":9}},{"start":{"line":55,"column":8},"end":{"line":58,"column":9}}],"line":55},"3":{"loc":{"start":{"line":55,"column":12},"end":{"line":55,"column":68}},"type":"binary-expr","locations":[{"start":{"line":55,"column":12},"end":{"line":55,"column":34}},{"start":{"line":55,"column":38},"end":{"line":55,"column":68}}],"line":55},"4":{"loc":{"start":{"line":63,"column":12},"end":{"line":66,"column":13}},"type":"if","locations":[{"start":{"line":63,"column":12},"end":{"line":66,"column":13}},{"start":{"line":63,"column":12},"end":{"line":66,"column":13}}],"line":63},"5":{"loc":{"start":{"line":63,"column":16},"end":{"line":63,"column":45}},"type":"binary-expr","locations":[{"start":{"line":63,"column":16},"end":{"line":63,"column":21}},{"start":{"line":63,"column":25},"end":{"line":63,"column":45}}],"line":63},"6":{"loc":{"start":{"line":73,"column":8},"end":{"line":81,"column":9}},"type":"if","locations":[{"start":{"line":73,"column":8},"end":{"line":81,"column":9}},{"start":{"line":73,"column":8},"end":{"line":81,"column":9}}],"line":73},"7":{"loc":{"start":{"line":76,"column":13},"end":{"line":81,"column":9}},"type":"if","locations":[{"start":{"line":76,"column":13},"end":{"line":81,"column":9}},{"start":{"line":76,"column":13},"end":{"line":81,"column":9}}],"line":76},"8":{"loc":{"start":{"line":90,"column":8},"end":{"line":96,"column":9}},"type":"switch","locations":[{"start":{"line":91,"column":12},"end":{"line":91,"column":24}},{"start":{"line":92,"column":12},"end":{"line":93,"column":23}},{"start":{"line":94,"column":12},"end":{"line":95,"column":22}}],"line":90},"9":{"loc":{"start":{"line":103,"column":8},"end":{"line":108,"column":9}},"type":"if","locations":[{"start":{"line":103,"column":8},"end":{"line":108,"column":9}},{"start":{"line":103,"column":8},"end":{"line":108,"column":9}}],"line":103},"10":{"loc":{"start":{"line":135,"column":8},"end":{"line":140,"column":9}},"type":"if","locations":[{"start":{"line":135,"column":8},"end":{"line":140,"column":9}},{"start":{"line":135,"column":8},"end":{"line":140,"column":9}}],"line":135}},"s":{"0":1,"1":1,"2":1,"3":1,"4":1,"5":291,"6":291,"7":291,"8":291,"9":291,"10":938,"11":291,"12":291,"13":291,"14":291,"15":291,"16":786,"17":0,"18":0,"19":0,"20":0,"21":0,"22":0,"23":291,"24":291,"25":0,"26":789,"27":0,"28":8,"29":291,"30":291,"31":785,"32":291,"33":291,"34":0,"35":0,"36":291,"37":786,"38":786,"39":72,"40":72,"41":176,"42":77,"43":76,"44":1,"45":0,"46":1,"47":4,"48":4,"49":4,"50":0,"51":0,"52":0,"53":0,"54":0,"55":0,"56":0,"57":0,"58":0,"59":0,"60":0,"61":0,"62":0,"63":0,"64":0,"65":0,"66":76,"67":1},"f":{"0":291,"1":938,"2":786,"3":0,"4":0,"5":789,"6":0,"7":8,"8":291,"9":785,"10":291,"11":786,"12":176,"13":77,"14":4,"15":0,"16":0,"17":0,"18":0,"19":0,"20":0,"21":76},"b":{"0":[0],"1":[0,0],"2":[0,291],"3":[291,291],"4":[72,714],"5":[786,785],"6":[76,1],"7":[0,1],"8":[0,0,0],"9":[0,0],"10":[0,0]},"inputSourceMap":{"version":3,"file":"Dirv2.js","sourceRoot":"","sources":["Dirv2.ts"],"names":[],"mappings":";;AAAA,2BAA0C;AAC1C,+BAA0C;AAE1C,iDAA4C;AAM5C,MAAa,GAAI,SAAQ,2BAAY;IAsBpC,YAAY,IAAY,EAAE,CAAW,EAAE,MAAW,EAAE,OAAoB,EAAE,EAAgB,EAAE,UAAiB,EAAE;QAC9G,KAAK,CAAC,IAAI,EAAE,CAAC,EAAE,MAAM,EAAC,CAAC,CAAC,IAAI,CAAC,CAAC;QATrB,YAAO,GAAgB,IAAI,CAAC;QAC5B,aAAQ,GAAmB,EAAE,CAAA;QAStC,IAAI,CAAC,MAAM,GAAG,EAAE,CAAC;QACjB,IAAI,CAAC,OAAO,GAAG,GAAG,EAAE,CAAC,OAAO,CAAC;QAC7B,IAAI,CAAC,aAAa,GAAG,gBAAW,CAAC,IAAI,CAAC,QAAQ,CAAC,CAAA;QAC/C,IAAI,OAAO,GAAQ,EAAE,CAAA;QACrB,IAAI,OAAO,GAAG,EAAE,CAAA;QAChB,IAAI,CAAC,GAAG,EAAE,CAAA;QACV,IAAI,CAAC,aAAa,CAAC,OAAO,CAAC,CAAC,KAAK,EAAC,EAAE;YACnC,OAAO,CAAC,OAAO,CAAC,CAAC,EAAS,EAAE,EAAE;gBAC7B,IAAI,GAAG,GAAG,OAAO,CAAC,MAAM,CAAC,CAAC,QAAQ,CAAC,EAAE,EAAI,WAAI,CAAC,IAAI,CAAC,QAAQ,EAAE,KAAK,CAAC,CAAC,CAAA;gBACpE,IAAI,CAAC,GAAG,EAAC;oBACR,OAAO,GAAE,EAAE,CAAA;oBACX,OAAO,GAAG,KAAK,CAAA;iBACf;qBAAK;oBACL,OAAO,GAAC,EAAE,CAAA;iBACV;gBAED,CAAC,CAAC,IAAI,CAAE,OAAO,CAAC,CAAA;YACjB,CAAC,CAAC,CAAA;YACF,gBAAgB;YAChB,8CAA8C;YAC9C,IAAI;QACL,CAAC,CAAC,CAAA;QAGD,IAAI,CAAC,IAAI,GAAG,OAAO,CAAC,QAAQ,CAAA;QAC7B,IAAI,CAAC,MAAM,GAAG,EAAE,CAAC;IAClB,CAAC;IAxCD,kBAAkB;QACjB,OAAO,IAAI,CAAC,aAAa,CAAC;IAC3B,CAAC;IAKD,sBAAsB;IACtB,QAAQ,CAAC,KAAmB;QAC3B,IAAI,CAAC,QAAQ,CAAC,IAAI,CAAC,KAAK,CAAC,CAAA;IAC1B,CAAC;IAgCD,SAAS;QACR,OAAO,IAAI,CAAC,MAAM,CAAA;IACnB,CAAC;IAED,cAAc;QACb,OAAO,IAAI,CAAC,IAAI,CAAA;IACjB,CAAC;IAED,KAAK,CAAC,OAAoB;QACzB,OAAO,CAAC,IAAI,CAAC,CAAA;QACb,IAAI,CAAC,QAAQ,CAAC,OAAO,CAAC,CAAC,CAAC,EAAE,CAAC,CAAC,CAAC,KAAK,CAAC,OAAO,CAAC,CAAC,CAAA;IAC7C,CAAC;IAED,SAAS;QACR,IAAI,WAAW,GAAG,eAAQ,CAAC,IAAI,CAAC,WAAW,EAAE,CAAC,CAAA;QAC9C,IAAI,WAAW,KAAK,MAAM,IAAI,WAAW,KAAK,cAAc,EAAE;YAC7D,IAAI,CAAC,QAAQ,GAAG,EAAE,CAAC;YACnB,OAAO;SACP;QAED,gBAAW,CAAC,IAAI,CAAC,WAAW,EAAE,CAAC;aAC7B,OAAO,CAAC,CAAC,CAAC,EAAE;YACZ,IAAI,KAAK,GAAG,IAAI,CAAC,OAAO,EAAE;iBACxB,UAAU,CAAC,WAAI,CAAC,IAAI,CAAC,QAAQ,EAAE,CAAC,CAAC,EAAE,IAAI,CAAC,CAAA;YAC1C,IAAI,KAAK,IAAI,KAAK,YAAY,GAAG,EAAE;gBAClC,IAAI,CAAC,OAAO,EAAE,CAAC,SAAS,EAAE,CAAC,KAAK,CAAC,WAAW,EAAE,CAAC,GAAG,KAAK,CAAC;gBACxD,KAAK,CAAC,SAAS,EAAE,CAAA;aACjB;QACF,CAAC,CAAC,CAAA;IAEJ,CAAC;IAGD,cAAc,CAAC,WAAwB;QACtC,IAAI,CAAC,OAAO,GAAG,WAAW,CAAA;IAC3B,CAAC;IAED,cAAc;QACb,IAAI,IAAI,CAAC,OAAO,EAAE;YACjB,OAAO,IAAI,CAAC,OAAO,CAAA;SAEnB;aAAM,IAAI,IAAI,CAAC,MAAM,EAAE;YACvB,MAAO,IAAI,KAAK,CAAC,wBAAwB,CAAC,CAAA;SAC1C;aAAM;YACN,OAAO,IAAI,CAAC,MAAM,EAAE,CAAC,cAAc,EAAE,CAAA;SACrC;IACF,CAAC;IAGD,QAAQ,CAAC,SAAyB;QACjC,IAAI,GAAG,GAAc,IAAI,CAAC,OAAO,EAAE,CAAC,uBAAuB,CAAC,SAAS,CAAC,CAAC;QACvE,IAAI,CAAC,QAAQ,CAAC,GAAG,CAAC,CAAA;QAClB,OAAO,GAAG,CAAC,WAAW,EAAE,CAAA;IACzB,CAAC;IAGD,MAAM,CAAC,UAAkB;QACxB,IAAI,QAAQ,GAAG,eAAQ,CAAC,IAAI,CAAC,aAAa,CAAC,CAAA;QAC3C,QAAQ,QAAQ,EAAE;YACjB,KAAK,MAAM,CAAC;YACZ,KAAK,cAAc;gBAClB,OAAO;YACR;gBACC,MAAM;SACP;QAED,IAAI,WAAW,GAAU,IAAI,CAAC,QAAQ;aACpC,MAAM,CAAC,CAAC,CAAC,EAAE;YACX,OAAO,CAAC,YAAY,GAAG,CAAA;QACxB,CAAC,CAAC;aACD,GAAG,CAAC,CAAC,CAAC,EAAE,CAAC,CAAQ,CAAC,CAAA;QAEpB,IAAI,QAAQ,GAAG,WAAI,CAAC,UAAU,EAAE,IAAI,CAAC,aAAa,CAAC,CAAC;QAEpD,IAAI,WAAW,CAAC,MAAM,EAAE;YACvB,WAAW,CAAC,OAAO,CAAC,CAAC,CAAC,EAAE,CAAC,CAAC,CAAC,MAAM,CAAC,UAAU,CAAC,CAAC,CAAA;SAC9C;aAAM;YACN,cAAS,CAAC,QAAQ,EAAE,EAAC,SAAS,EAAE,IAAI,EAAC,CAAC,CAAA;SACtC;QAGD,aAAa;QACb,qCAAqC;QACrC,sBAAsB;QACtB,IAAI;QACJ,EAAE;QACF,wBAAwB;QACxB,6BAA6B;QAC7B,6BAA6B;QAC7B,0BAA0B;QAC1B,QAAQ;QACR,KAAK;QACL,eAAe;QACf,8BAA8B;QAC9B,IAAI;QACJ,qBAAqB;QACrB,iEAAiE;QACjE,KAAK;IACN,CAAC;IAED,4CAA4C;IAC5C,uBAAuB;IACvB,gDAAgD;IAChD,YAAY;IACZ,yCAAyC;IACzC,KAAK;IACL,IAAI;IAEJ,iBAAiB,CAAC,SAAiB;QAClC,IAAI,CAAC,IAAI,CAAC,MAAM,EAAE;YACjB,OAAO,IAAI,CAAC,iBAAiB,CAAC,SAAS,CAAC,CAAA;SACxC;aAAM;YACN,OAAO,IAAI,CAAC,MAAM,CAAC,SAAS,CAAC,CAAA;SAC7B;IAEF,CAAC;IAEF,KAAK,CAAC,EAAS;QACb,OAAO,IAAI,CAAC,OAAO,EAAE,CAAC,KAAK,CAAC,EAAE,CAAC,CAAA;IACjC,CAAC;IAIA,MAAM,CAAC,IAAY;QAClB,OAAO,IAAI,CAAC,OAAO,EAAE,CAAC,MAAM,CAAC,IAAI,CAAE,CAAA;IACpC,CAAC;CACD;AAlLD,kBAkLC"},"_coverageSchema":"1a1c01bbd47fc00a2c39e90264f33305004495a9","hash":"01a000239192937c9299e3dc9c0f0d8619efd277"},"/Users/sam/Dropbox/Spring_20/research_proj/CJS_Transform/src/abstract_fs_v2/Factory.js":{"path":"/Users/sam/Dropbox/Spring_20/research_proj/CJS_Transform/src/abstract_fs_v2/Factory.js","statementMap":{"0":{"start":{"line":1,"column":22},"end":{"line":7,"column":3}},"1":{"start":{"line":2,"column":4},"end":{"line":2,"column":33}},"2":{"start":{"line":2,"column":26},"end":{"line":2,"column":33}},"3":{"start":{"line":3,"column":4},"end":{"line":3,"column":89}},"4":{"start":{"line":3,"column":71},"end":{"line":3,"column":83}},"5":{"start":{"line":5,"column":4},"end":{"line":5,"column":33}},"6":{"start":{"line":5,"column":26},"end":{"line":5,"column":33}},"7":{"start":{"line":6,"column":4},"end":{"line":6,"column":17}},"8":{"start":{"line":8,"column":25},"end":{"line":12,"column":2}},"9":{"start":{"line":9,"column":4},"end":{"line":9,"column":72}},"10":{"start":{"line":11,"column":4},"end":{"line":11,"column":21}},"11":{"start":{"line":13,"column":19},"end":{"line":19,"column":1}},"12":{"start":{"line":14,"column":4},"end":{"line":14,"column":42}},"13":{"start":{"line":14,"column":31},"end":{"line":14,"column":42}},"14":{"start":{"line":15,"column":17},"end":{"line":15,"column":19}},"15":{"start":{"line":16,"column":4},"end":{"line":16,"column":131}},"16":{"start":{"line":16,"column":21},"end":{"line":16,"column":131}},"17":{"start":{"line":16,"column":40},"end":{"line":16,"column":131}},"18":{"start":{"line":16,"column":99},"end":{"line":16,"column":131}},"19":{"start":{"line":17,"column":4},"end":{"line":17,"column":36}},"20":{"start":{"line":18,"column":4},"end":{"line":18,"column":18}},"21":{"start":{"line":20,"column":0},"end":{"line":20,"column":62}},"22":{"start":{"line":21,"column":0},"end":{"line":21,"column":52}},"23":{"start":{"line":22,"column":13},"end":{"line":22,"column":26}},"24":{"start":{"line":23,"column":15},"end":{"line":23,"column":44}},"25":{"start":{"line":24,"column":14},"end":{"line":24,"column":70}},"26":{"start":{"line":25,"column":25},"end":{"line":25,"column":101}},"27":{"start":{"line":26,"column":16},"end":{"line":26,"column":34}},"28":{"start":{"line":27,"column":21},"end":{"line":27,"column":44}},"29":{"start":{"line":28,"column":15},"end":{"line":28,"column":32}},"30":{"start":{"line":29,"column":24},"end":{"line":29,"column":50}},"31":{"start":{"line":32,"column":8},"end":{"line":32,"column":25}},"32":{"start":{"line":33,"column":8},"end":{"line":33,"column":50}},"33":{"start":{"line":34,"column":8},"end":{"line":34,"column":77}},"34":{"start":{"line":34,"column":37},"end":{"line":34,"column":76}},"35":{"start":{"line":35,"column":8},"end":{"line":35,"column":114}},"36":{"start":{"line":35,"column":33},"end":{"line":35,"column":113}},"37":{"start":{"line":38,"column":8},"end":{"line":38,"column":69}},"38":{"start":{"line":39,"column":22},"end":{"line":39,"column":70}},"39":{"start":{"line":40,"column":20},"end":{"line":40,"column":73}},"40":{"start":{"line":41,"column":8},"end":{"line":49,"column":9}},"41":{"start":{"line":42,"column":12},"end":{"line":44,"column":13}},"42":{"start":{"line":43,"column":16},"end":{"line":43,"column":90}},"43":{"start":{"line":45,"column":12},"end":{"line":45,"column":48}},"44":{"start":{"line":48,"column":12},"end":{"line":48,"column":85}},"45":{"start":{"line":52,"column":8},"end":{"line":52,"column":44}},"46":{"start":{"line":57,"column":8},"end":{"line":62,"column":10}},"47":{"start":{"line":58,"column":12},"end":{"line":58,"column":101}},"48":{"start":{"line":59,"column":12},"end":{"line":61,"column":13}},"49":{"start":{"line":60,"column":16},"end":{"line":60,"column":52}},"50":{"start":{"line":65,"column":8},"end":{"line":70,"column":9}},"51":{"start":{"line":66,"column":12},"end":{"line":66,"column":94}},"52":{"start":{"line":69,"column":12},"end":{"line":69,"column":35}},"53":{"start":{"line":73,"column":8},"end":{"line":73,"column":15}},"54":{"start":{"line":76,"column":23},"end":{"line":76,"column":56}},"55":{"start":{"line":77,"column":8},"end":{"line":79,"column":9}},"56":{"start":{"line":78,"column":12},"end":{"line":78,"column":57}},"57":{"start":{"line":80,"column":8},"end":{"line":80,"column":55}},"58":{"start":{"line":84,"column":8},"end":{"line":103,"column":9}},"59":{"start":{"line":85,"column":27},"end":{"line":85,"column":64}},"60":{"start":{"line":86,"column":12},"end":{"line":86,"column":41}},"61":{"start":{"line":89,"column":12},"end":{"line":102,"column":13}},"62":{"start":{"line":90,"column":16},"end":{"line":90,"column":72}},"63":{"start":{"line":92,"column":17},"end":{"line":102,"column":13}},"64":{"start":{"line":94,"column":16},"end":{"line":97,"column":17}},"65":{"start":{"line":95,"column":32},"end":{"line":95,"column":57}},"66":{"start":{"line":96,"column":20},"end":{"line":96,"column":78}},"67":{"start":{"line":98,"column":16},"end":{"line":98,"column":52}},"68":{"start":{"line":101,"column":16},"end":{"line":101,"column":73}},"69":{"start":{"line":163,"column":8},"end":{"line":163,"column":119}},"70":{"start":{"line":166,"column":0},"end":{"line":166,"column":36}},"71":{"start":{"line":169,"column":8},"end":{"line":169,"column":37}},"72":{"start":{"line":170,"column":8},"end":{"line":170,"column":25}},"73":{"start":{"line":171,"column":8},"end":{"line":171,"column":23}},"74":{"start":{"line":172,"column":8},"end":{"line":172,"column":24}},"75":{"start":{"line":173,"column":8},"end":{"line":173,"column":33}},"76":{"start":{"line":174,"column":8},"end":{"line":174,"column":38}},"77":{"start":{"line":175,"column":8},"end":{"line":175,"column":45}},"78":{"start":{"line":176,"column":8},"end":{"line":176,"column":21}},"79":{"start":{"line":177,"column":8},"end":{"line":177,"column":36}},"80":{"start":{"line":178,"column":8},"end":{"line":178,"column":39}},"81":{"start":{"line":179,"column":8},"end":{"line":179,"column":35}},"82":{"start":{"line":180,"column":8},"end":{"line":180,"column":42}},"83":{"start":{"line":183,"column":8},"end":{"line":183,"column":27}},"84":{"start":{"line":186,"column":8},"end":{"line":186,"column":29}},"85":{"start":{"line":189,"column":23},"end":{"line":189,"column":57}},"86":{"start":{"line":190,"column":23},"end":{"line":202,"column":9}},"87":{"start":{"line":203,"column":27},"end":{"line":203,"column":105}},"88":{"start":{"line":208,"column":8},"end":{"line":208,"column":40}},"89":{"start":{"line":209,"column":8},"end":{"line":209,"column":28}},"90":{"start":{"line":213,"column":23},"end":{"line":213,"column":43}},"91":{"start":{"line":214,"column":19},"end":{"line":214,"column":43}},"92":{"start":{"line":215,"column":8},"end":{"line":215,"column":44}},"93":{"start":{"line":216,"column":20},"end":{"line":216,"column":60}},"94":{"start":{"line":217,"column":8},"end":{"line":219,"column":9}},"95":{"start":{"line":218,"column":12},"end":{"line":218,"column":19}},"96":{"start":{"line":220,"column":8},"end":{"line":222,"column":9}},"97":{"start":{"line":221,"column":12},"end":{"line":221,"column":35}},"98":{"start":{"line":223,"column":8},"end":{"line":223,"column":21}},"99":{"start":{"line":226,"column":23},"end":{"line":226,"column":52}},"100":{"start":{"line":227,"column":19},"end":{"line":227,"column":43}},"101":{"start":{"line":228,"column":19},"end":{"line":228,"column":47}},"102":{"start":{"line":229,"column":18},"end":{"line":229,"column":89}},"103":{"start":{"line":230,"column":8},"end":{"line":230,"column":29}},"104":{"start":{"line":231,"column":8},"end":{"line":231,"column":39}},"105":{"start":{"line":232,"column":8},"end":{"line":232,"column":19}},"106":{"start":{"line":237,"column":8},"end":{"line":250,"column":10}},"107":{"start":{"line":253,"column":21},"end":{"line":253,"column":26}},"108":{"start":{"line":254,"column":8},"end":{"line":260,"column":9}},"109":{"start":{"line":255,"column":12},"end":{"line":259,"column":15}},"110":{"start":{"line":256,"column":16},"end":{"line":258,"column":17}},"111":{"start":{"line":257,"column":20},"end":{"line":257,"column":34}},"112":{"start":{"line":261,"column":8},"end":{"line":263,"column":9}},"113":{"start":{"line":262,"column":12},"end":{"line":262,"column":24}},"114":{"start":{"line":264,"column":8},"end":{"line":282,"column":9}},"115":{"start":{"line":266,"column":26},"end":{"line":266,"column":90}},"116":{"start":{"line":267,"column":16},"end":{"line":267,"column":51}},"117":{"start":{"line":268,"column":16},"end":{"line":268,"column":47}},"118":{"start":{"line":269,"column":16},"end":{"line":269,"column":27}},"119":{"start":{"line":270,"column":16},"end":{"line":270,"column":22}},"120":{"start":{"line":272,"column":26},"end":{"line":272,"column":78}},"121":{"start":{"line":273,"column":16},"end":{"line":273,"column":52}},"122":{"start":{"line":274,"column":16},"end":{"line":274,"column":47}},"123":{"start":{"line":275,"column":16},"end":{"line":275,"column":27}},"124":{"start":{"line":277,"column":27},"end":{"line":277,"column":78}},"125":{"start":{"line":278,"column":16},"end":{"line":278,"column":48}},"126":{"start":{"line":279,"column":16},"end":{"line":279,"column":28}},"127":{"start":{"line":281,"column":16},"end":{"line":281,"column":28}},"128":{"start":{"line":285,"column":8},"end":{"line":285,"column":30}},"129":{"start":{"line":288,"column":8},"end":{"line":296,"column":9}},"130":{"start":{"line":289,"column":12},"end":{"line":289,"column":45}},"131":{"start":{"line":291,"column":13},"end":{"line":296,"column":9}},"132":{"start":{"line":292,"column":12},"end":{"line":292,"column":43}},"133":{"start":{"line":295,"column":12},"end":{"line":295,"column":47}},"134":{"start":{"line":298,"column":22},"end":{"line":298,"column":56}},"135":{"start":{"line":299,"column":12},"end":{"line":311,"column":13}},"136":{"start":{"line":301,"column":20},"end":{"line":306,"column":21}},"137":{"start":{"line":302,"column":24},"end":{"line":302,"column":61}},"138":{"start":{"line":305,"column":24},"end":{"line":305,"column":58}},"139":{"start":{
[...]
AS,CAAC,MAAM,CAAC,CAAC;QACtC,OAAO,CAAC,MAAM,CAAC,GAAG,KAAK,CAAC;QACxB,KAAK,CAAC,cAAc,CAAC,KAAK,CAAC,CAAA;QAE3B,OAAO,CAAC,IAAI,CAAC,8BAAiB,CAAC,KAAK,EAAE,MAAM,EAAE,OAAO,CAAC,CAAC,CAAA;KACvD;IACD,OAAO,CAAC,OAAO,EAAE,CAAC,OAAO,CAAC,CAAC,CAAC,EAAE;QAC7B,IAAI,CAAC,MAAM,CAAC,CAAC,EAAE,CAAC,EAAE,CAAC,CAAC,CAAA;IACrB,CAAC,CAAC,CAAA;AAEH,CAAC;AAOD,SAAS,UAAU,CAAC,UAAkB;IACrC,IAAI,YAAY,GAAW,IAAI,MAAM,CAAC,iBAAiB,EAAE,GAAG,CAAC,CAAA,CAAA,cAAc;IAC3E,IAAI,OAAO,GAAW,IAAI,MAAM,CAAC,MAAM,0BAAkB,KAAK,EAAE,GAAG,CAAC,CAAC,CAAC,2BAA2B;IACjG,IAAI,OAAO,GAAG,UAAU,CAAC,OAAO,CAAC,YAAY,EAAE,EAAE,CAAC,CAAC;IACnD,OAAO,GAAG,OAAO,CAAC,OAAO,CAAC,OAAO,EAAE,GAAG,CAAC,CAAC;IAExC,OAAO,OAAO,CAAC;AAChB,CAAC;AAGD,SAAS,wBAAwB,CAAC,IAAwB;IACzD,IAAI,IAAI,CAAC,IAAI,CAAC,IAAI,KAAK,gBAAgB;WACnC,IAAI,CAAC,IAAI,CAAC,MAAM,CAAC,IAAI,KAAK,YAAY;WACtC,IAAI,CAAC,IAAI,CAAC,MAAM,CAAC,IAAI,KAAK,SAAS;WACnC,IAAI,CAAC,IAAI,CAAC,SAAS,IAAI,IAAI,CAAC,IAAI,CAAC,SAAS,CAAC,CAAC,CAAC,KAAK,IAAI;WACtD,IAAI,CAAC,IAAI,CAAC,SAAS,CAAC,CAAC,CAAC,CAAC,IAAI,KAAK,SAAS,EAAE;QAC9C,OAAQ,IAAI,CAAC,IAAI,CAAC,SAAS,CAAC,CAAC,CAAmB,CAAC,KAAK,CAAC,QAAQ,EAAE,CAAC;KAClE;AACF,CAAC;AAED,SAAS,eAAe,CAAC,IAAU,EAAE,MAAY;IAChD,OAAO,CAAC,CACP,MAAM,IAAI,CAAC,MAAM,CAAC,IAAI,KAAK,cAAc,IAAI,MAAM,CAAC,IAAI,IAAI,MAAM,CAAC,IAAI,CAAC,IAAI,KAAK,qBAAqB;WACnG,MAAM,CAAC,IAAI,KAAK,gBAAgB,IAAI,MAAM,CAAC,IAAI,IAAI,MAAM,CAAC,IAAI,CAAC,IAAI,KAAK,qBAAqB,CAAC;WAC9F,IAAI,CAAC,IAAI,KAAK,qBAAqB;WACnC,IAAI,CAAC,YAAY,CAAC,MAAM,GAAG,CAAC;WAC5B,CAAC,CAAC,MAAM,CAAC,IAAI,KAAK,cAAc,IAAI,IAAI,KAAK,MAAM,CAAC,IAAI,CAAC;eACzD,CAAC,MAAM,CAAC,IAAI,KAAK,gBAAgB,IAAI,IAAI,KAAK,MAAM,CAAC,IAAI,CAAC,CAAC,CAAC,CAAC,CAAC;AAEnE,CAAC;AAED,oGAAoG;AACpG,mEAAmE;AACnE,uGAAuG;AACvG,6EAA6E;AAC7E,EAAE;AACF,iDAAiD;AACjD,kCAAkC;AAClC,gCAAgC;AAChC,aAAa;AACb,4BAA4B;AAC5B,KAAK;AACL,mCAAmC;AACnC,iCAAiC;AACjC,mBAAmB;AACnB,uBAAuB;AACvB,EAAE;AACF,KAAK;AACL,cAAc;AACd,IAAI;AAEJ,SAAS,2BAA2B,CAAC,CAAqB,EAAE,OAA0D,EAAE,EAAa;IACpI,IAAI,CAAC,CAAC,CAAC,IAAI,IAAI,CAAC,CAAC,IAAI,CAAC,IAAI,KAAK,gBAAgB;WAC3C,CAAC,CAAC,IAAI,CAAC,MAAM,CAAC,IAAI,KAAK,YAAY;WACnC,CAAC,CAAC,IAAI,CAAC,MAAM,CAAC,IAAI,KAAK,SAAS;WAChC,CAAC,CAAC,IAAI,CAAC,SAAS,IAAI,CAAC,CAAC,IAAI,CAAC,SAAS,CAAC,CAAC,CAAC,KAAK,IAAI;WAChD,CAAC,CAAC,IAAI,CAAC,SAAS,CAAC,CAAC,CAAC,CAAC,IAAI,KAAK,SAAS,CAAC,EAAE;QAC5C,IAAI,EAAE,GAAG,OAAO,CAAC,wBAAwB,CAAC,CAAC,CAAC,EAAE,EAAE,CAAC,CAAC;QAClD,CAAC,CAAC,IAAI,GAAG,EAAE,CAAC;KAEZ;AACF,CAAC;AAWD,SAAS,UAAU,CAAC,IAAU;IAC7B,OAAO,IAAI,CAAC,IAAI,KAAK,gBAAgB;WACjC,IAAI,CAAC,MAAM,CAAC,IAAI,KAAK,YAAY;WACjC,IAAI,CAAC,MAAM,CAAC,IAAI,KAAK,SAAS,CAAC;AACpC,CAAC;AAED,sHAAsH;AACtH,EAAE;AACF,2BAA2B;AAC3B,EAAE;AACF,0CAA0C;AAC1C,mEAAmE;AACnE,wEAAwE;AACxE,aAAa;AACb,+BAA+B;AAC/B,mBAAmB;AACnB,sBAAsB;AACtB,qBAAqB;AACrB,MAAM;AACN,KAAK;AACL,kGAAkG;AAClG,iCAAiC;AACjC,yDAAyD;AACzD,mBAAmB;AACnB,oCAAoC;AACpC,wBAAwB;AACxB,wBAAwB;AACxB,oCAAoC;AACpC,qBAAqB;AACrB,yCAAyC;AACzC,UAAU;AACV,SAAS;AACT,gFAAgF;AAChF,sBAAsB;AACtB,mBAAmB;AACnB,oCAAoC;AACpC,wBAAwB;AACxB,wBAAwB;AACxB,oCAAoC;AACpC,qBAAqB;AACrB,uCAAuC;AACvC,UAAU;AACV,SAAS;AACT,OAAO;AACP,2CAA2C;AAC3C,+BAA+B;AAC/B,iCAAiC;AACjC,mBAAmB;AACnB,qBAAqB;AACrB,sCAAsC;AACtC,0BAA0B;AAC1B,0BAA0B;AAC1B,sCAAsC;AACtC,uBAAuB;AACvB,yCAAyC;AACzC,YAAY;AACZ,WAAW;AACX,MAAM;AACN,OAAO;AACP,EAAE;AACF,2DAA2D;AAC3D,EAAE;AACF,6BAA6B;AAC7B,oCAAoC;AACpC,oCAAoC;AACpC,kDAAkD;AAClD,2CAA2C;AAC3C,gDAAgD;AAChD,yBAAyB;AACzB,YAAY;AACZ,YAAY;AACZ,mDAAmD;AACnD,KAAK;AACL,kCAAkC;AAClC,iCAAiC;AACjC,EAAE;AACF,wBAAwB;AACxB,6BAA6B;AAC7B,EAAE;AACF,MAAM;AACN,8BAA8B;AAC9B,yBAAyB;AACzB,EAAE;AACF,+BAA+B;AAC/B,IAAI"},"_coverageSchema":"1a1c01bbd47fc00a2c39e90264f33305004495a9","hash":"82727190ca48977bbcab8754ef6ce89624cecf13"},"/Users/sam/Dropbox/Spring_20/research_proj/CJS_Transform/src/executor.js":{"path":"/Users/sam/Dropbox/Spring_20/research_proj/CJS_Transform/src/executor.js","statementMap":{"0":{"start":{"line":1,"column":0},"end":{"line":1,"column":62}},"1":{"start":{"line":2,"column":0},"end":{"line":2,"column":45}},"2":{"start":{"line":3,"column":23},"end":{"line":3,"column":48}},"3":{"start":{"line":4,"column":21},"end":{"line":4,"column":83}},"4":{"start":{"line":5,"column":26},"end":{"line":5,"column":102}},"5":{"start":{"line":6,"column":25},"end":{"line":6,"column":100}},"6":{"start":{"line":8,"column":19},"end":{"line":8,"column":67}},"7":{"start":{"line":12,"column":4},"end":{"line":12,"column":30}},"8":{"start":{"line":15,"column":4},"end":{"line":15,"column":102}},"9":{"start":{"line":17,"column":4},"end":{"line":17,"column":109}},"10":{"start":{"line":19,"column":4},"end":{"line":19,"column":85}},"11":{"start":{"line":23,"column":4},"end":{"line":23,"column":86}},"12":{"start":{"line":25,"column":4},"end":{"line":30,"column":23}},"13":{"start":{"line":26,"column":8},"end":{"line":28,"column":30}},"14":{"start":{"line":27,"column":12},"end":{"line":27,"column":29}},"15":{"start":{"line":29,"column":8},"end":{"line":29,"column":63}},"16":{"start":{"line":29,"column":45},"end":{"line":29,"column":61}},"17":{"start":{"line":32,"column":0},"end":{"line":32,"column":26}},"18":{"start":{"line":34,"column":4},"end":{"line":34,"column":87}},"19":{"start":{"line":38,"column":4},"end":{"line":38,"column":83}},"20":{"start":{"line":39,"column":4},"end":{"line":39,"column":97}},"21":{"start":{"line":41,"column":4},"end":{"line":41,"column":85}},"22":{"start":{"line":43,"column":0},"end":{"line":43,"column":30}},"23":{"start":{"line":44,"column":0},"end":{"line":44,"column":26}}},"fnMap":{"0":{"name":"execute","decl":{"start":{"line":10,"column":9},"end":{"line":10,"column":16}},"loc":{"start":{"line":10,"column":33},"end":{"line":31,"column":1}},"line":10},"1":{"name":"toModule","decl":{"start":{"line":25,"column":14},"end":{"line":25,"column":22}},"loc":{"start":{"line":25,"column":39},"end":{"line":30,"column":5}},"line":25},"2":{"name":"(anonymous_2)","decl":{"start":{"line":26,"column":37},"end":{"line":26,"column":38}},"loc":{"start":{"line":26,"column":43},"end":{"line":28,"column":9}},"line":26},"3":{"name":"(anonymous_3)","decl":{"start":{"line":29,"column":38},"end":{"line":29,"column":39}},"loc":{"start":{"line":29,"column":45},"end":{"line":29,"column":61}},"line":29},"4":{"name":"_sanitize","decl":{"start":{"line":33,"column":9},"end":{"line":33,"column":18}},"loc":{"start":{"line":33,"column":35},"end":{"line":42,"column":1}},"line":33}},"branchMap":{},"s":{"0":1,"1":1,"2":1,"3":1,"4":1,"5":1,"6":1,"7":0,"8":0,"9":0,"10":0,"11":0,"12":0,"13":0,"14":0,"15":0,"16":0,"17":1,"18":1,"19":1,"20":1,"21":1,"22":1,"23":1},"f":{"0":0,"1":0,"2":0,"3":0,"4":1},"b":{},"inputSourceMap":{"version":3,"file":"executor.js","sourceRoot":"","sources":["executor.ts"],"names":[],"mappings":";;AACA,iDAA+E;AAC/E,oFAA8E;AAC9E,uGAAqH;AACrH,qGAA+F;AAC/F,oBAAoB;AACpB,oEAA2G;AAE3G,uFAAuF;AAGvF,SAAgB,OAAO,CAAC,cAA8B;IACrD,2BAA2B;IAE3B,SAAS,CAAC,cAAc,CAAC,CAAA;IAGxB,UAAU;IAEZ,oEAAoE;IACnE,cAAc,CAAC,aAAa,CAAC,oCAAqB,EAAE,6BAA6B,CAAC,CAAA;IAClF,+DAA+D;IAC/D,cAAc,CAAC,aAAa,CAAC,sBAAS,EAAE,kDAAkD,CAAC,CAAA;IAC5F,EAAE;IACD,cAAc,CAAC,aAAa,CAAC,8BAAa,EAAE,kBAAkB,CAAC,CAAC;IAChE,qCAAqC;IACrC,qEAAqE;IACrE,UAAU;IACT,cAAc,CAAC,aAAa,CAAC,iCAAe,EAAE,gBAAgB,CAAC,CAAC;IACjE,KAAK;IAML,CAAC,SAAS,QAAQ,CAAC,cAA8B;QAChD,cAAc,CAAC,aAAa,CAAC,EAAE,CAAC,EAAE;YACjC,EAAE,CAAC,WAAW,EAAE,CAAA;QACjB,CAAC,EAAE,iBAAiB,CAAC,CAAA;QACrB,cAAc,CAAC,cAAc,CAAC,GAAG,CAAC,EAAE,CAAC,GAAG,CAAC,UAAU,EAAE,CAAC,CAAA;IACvD,CAAC,CAAC,CAAC,cAAc,CAAC,CAAC;AACpB,CAAC;AA9BD,0BA8BC;AAGD,SAAgB,SAAS,CAAC,cAA8B;IAEvD,cAAc,CAAC,aAAa,CAAC,iCAAsB,EAAE,iBAAiB,CAAC,CAAA;IACvE,qEAAqE;IAErE,wDAAwD;IACxD,2BAA2B;IAC3B,cAAc,CAAC,aAAa,CAAC,uBAAY,EAAE,uBAAuB,CAAC,CAAA;IAEnE,cAAc,CAAC,aAAa,CAAC,uCAAwB,EAAE,qBAAqB,CAAC,CAAA;IAE7E,+DAA+D;IAG/D,cAAc,CAAC,aAAa,CAAC,wBAAa,EAAE,wBAAwB,CAAC,CAAA;AACtE,CAAC;AAfD,8BAeC;AAED,kBAAe,OAAO,CAAA"},"_coverageSchema":"1a1c01bbd47fc00a2c39e90264f33305004495a9","hash":"3b6a036d336f1c6f5a38c78de635fc2d50ac718b"},"/Users/sam/Dropbox/Spring_20/research_proj/CJS_Transform/src/transformations/import_transformations/visitors/copyPassByValue.js":{"path":"/Users/sam/Dropbox/Spring_20/research_proj/CJS_Transform/src/transformations/import_transformations/visitors/copyPassByValue.js","statementMap":{"0":{"start":{"line":1,"column":0},"end":{"line":1,"column":62}},"1":{"start":{"line":2,"column":0},"end":{"line":2,"column":61}},"2":{"start":{"line":3,"column":21},"end":{"line":3,"column":42}},"3":{"start":{"line":4,"column":14},"end":{"line":4,"column":57}},"4":{"start":{"line":5,"column":0},"end":{"line":59,"column":2}},"5":{"start":{"line":6,"column":4},"end":{"line":8,"column":5}},"6":{"start":{"line":7,"column":8},"end":{"line":7,"column":15}},"7":{"start":{"line":9,"column":13},"end":{"line":9,"column":30}},"8":{"start":{"line":10,"column":30},"end":{"line":10,"column":32}},"9":{"start":{"line":11,"column":17},"end":{"line":11,"column":53}},"10":{"start":{"line":11,"column":24},"end":{"line":11,"column":53}},"11":{"start":{"line":12,"column":16},"end":{"line":12,"column":18}},"12":{"start":{"line":13,"column":22},"end":{"line":13,"column":41}},"13":{"start":{"line":14,"column":4},"end":{"line":39,"column":7}},"14":{"start":{"line":20,"column":18},"end":{"line":20,"column":93}},"15":{"start":{"line":21,"column":8},"end":{"line":23,"column":9}},"16":{"start":{"line":22,"column":12},"end":{"line":22,"column":24}},"17":{"start":{"line":24,"column":19},"end":{"line":24,"column":50}},"18":{"start":{"line":25,"column":8},"end":{"line":27,"column":9}},"19":{"start":{"line":26,"column":12},"end":{"line":26,"column":32}},"20":{"start":{"line":28,"column":8},"end":{"line":30,"column":9}},"21":{"start":{"line":29,"column":12},"end":{"line":29,"column":46}},"22":{"start":{"line":31,"column":8},"end":{"line":31,"column":37}},"23":{"start":{"line":32,"column":8},"end":{"line":32,"column":39}},"24":{"start":{"line":33,"column":26},"end":{"line":33,"column":61}},"25":{"start":{"line":34,"column":8},"end":{"line":34,"column":27}},"26":{"start":{"line":36,"column":21},"end":{"line":36,"column":31}},"27":{"start":{"line":38,"column":8},"end":{"line":38,"column":36}},"28":{"start":{"line":40,"column":4},"end":{"line":58,"column":7}},"29":{"start":{"line":42,"column":12},"end":{"line":56,"column":13}},"30":{"start":{"line":45,"column":16},"end":{"line":51,"column":17}},"31":{"start":{"line":50,"column":20},"end":{"line":50,"column":32}},"32":{"start":{"line":52,"column":16},"end":{"line":55,"column":17}},"33":{"start":{"line":54,"column":20},"end":{"line":54,"column":71}},"34":{"start":{"line":108,"column":0},"end":{"line":108,"column":46}},"35":{"start":{"line":110,"column":15},"end":{"line":110,"column":52}},"36":{"start":{"line":111,"column":15},"end":{"line":111,"column":55}},"37":{"start":{"line":112,"column":16},"end":{"line":112,"column":91}},"38":{"start":{"line":113,"column":21},"end":{"line":117,"column":5}},"39":{"start":{"line":118,"column":22},"end":{"line":122,"column":5}},"40":{"start":{"line":123,"column":4},"end":{"line":123,"column":23}},"41":{"start":{"line":126,"column":21},"end":{"line":130,"column":5}},"42":{"start":{"line":131,"column":22},"end":{"line":135,"column":5}},"43":{"start":{"line":136,"column":4},"end":{"line":136,"column":23}}},"fnMap":{"0":{"name":"(anonymous_0)","decl":{"start":{"line":5,"column":26},"end":{"line":5,"column":27}},"loc":{"start":{"line":5,"column":34},"end":{"line":59,"column":1}},"line":5},"1":{"name":"(anonymous_1)","decl":{"start":{"line":11,"column":17},"end":{"line":11,"column":18}},"loc":{"start":{"line":11,"column":24},"end":{"line":11,"column":53}},"line":11},"2":{"name":"(anonymous_2)","decl":{"start":{"line":16,"column":13},"end":{"line":16,"column":14}},"loc":{"start":{"line":16,"column":18},"end":{"line":35,"column":5}},"line":16},"3":{"name":"(anonymous_3)","decl":{"start":{"line":36,"column":16},"end":{"line":36,"column":17}},"loc":{"start":{"line":36,"column":21},"end":{"line":36,"column":31}},"line":36},"4":{"name":"(anonymous_4)","decl":{"start":{"line":37,"column":17},"end":{"line":37,"column":18}},"loc":{"start":{"line":37,"column":28},"end":{"line":39,"column":5}},"line":37},"5":{"name":"(anonymous_5)","decl":{"start":{"line":41,"column":16},"end":{"line":41,"column":17}},"loc":{"start":{"line":41,"column":34},"end":{"line":57,"column":9}},"line":41},"6":{"name":"named_copyByValue","decl":{"start":{"line":60,"column":9},"end":{"line":60,"column":26}},"loc":{"start":{"line":60,"column":31},"end":{"line":107,"column":1}},"line":60},"7":{"name":"createAccessedDeclFromBest","decl":{"start":{"line":109,"column":9},"end":{"line":109,"column":35}},"loc":{"start":{"line":109,"column":45},"end":{"line":124,"column":1}},"line":109},"8":{"name":"createAliasedDeclarator","decl":{"start":{"line":125,"column":9},"end":{"line":125,"column":32}},"loc":{"start":{"line":125,"column":49},"end":{"line":137,"column":1}},"line":125}},"branchMap":{"0":{"loc":{"start":{"line":6,"column":4},"end":{"line":8,"column":5}},"type":"if","locations":[{"start":{"line":6,"column":4},"end":{"line":8,"column":5}},{"start":{"line":6,"column":4},"end":{"line":8,"column":5}}],"line":6},"1":{"loc":{"start":{"line":21,"column":8},"end":{"line":23,"column":9}},"type":"if","locations":[{"start":{"line":21,"column":8},"end":{"line":23,"column":9}},{"start":{"line":21,"column":8},"end":{"line":23,"column":9}}],"line":21},"2":{"loc":{"start":{"line":21,"column":12},"end":{"line":21,"column":75}},"type":"binary-expr","locations":[{"start":{"line":21,"column":12},"end":{"line":21,"column":57}},{"start":{"line":21,"column":61},"end":{"line":21,"column":75}}],"line":21},"3":{"loc":{"start":{"line":25,"column":8},"end":{"line":27,"column":9}},"type":"if","locations":[{"start":{"line":25,"column":8},"end":{"line":27,"column":9}},{"start":{"line":25,"column":8},"end":{"line":27,"column":9}}],"line":25},"4":{"loc":{"start":{"line":28,"column":8},"end":{"line":30,"column":9}},"type":"if","locations":[{"start":{"line":28,"column":8},"end":{"line":30,"column":9}},{"start":{"line":28,"column":8},"end":{"line":30,"column":9}}],"line":28},"5":{"loc":{"start":{"line":42,"column":12},"end":{"line":56,"column":13}},"type":"if","locations":[{"start":{"line":42,"column":12},"end":{"line":56,"column":13}},{"start":{"line":42,"column":12},"end":{"line":56,"column":13}}],"line":42},"6":{"loc":{"start":{"line":42,"column":16},"end":{"line":44,"column":54}},"type":"binary-expr","locations":[{"start":{"line":42,"column":16},"end":{"line":42,"column":48}},{"start":{"line":43,"column":19},"end":{"line":43,"column":52}},{"start":{"line":44,"column":19},"end":{"line":44,"column":54}}],"line":42},"7":{"loc":{"start":{"line":45,"column":16},"end":{"line":51,"column":17}},"type":"if","locations":[{"start":{"line":45,"column":16},"end":{"line":51,"column":17}},{"start":{"line":45,"column":16},"end":{"line":51,"column":17}}],"line":45},"8":{"loc":{"start":{"line":45,"column":20},"end":{"line":49,"column":45}},"type":"binary-expr","locations":[{"start":{"line":45,"column":20},"end":{"line":45,"column":26}},{"start":{"line":46,"column":23},"end":{"line":46,"column":46}},{"start":{"line":47,"column":23},"end":{"line":47,"column":66}},{"start":{"line":48,"column":23},"end":{"line":48,"column":61}},{"start":{"line":49,"column":24},"end":{"line":49,"column":44}}],"line":45},"9":{"loc":{"start":{"line":52,"column":16},"end":{"line":55,"column":17}},"type":"if","locations":[{"start":{"line":52,"column":16},"end":{"line":55,"column":17}},{"start":{"line":52,"column":16},"end":{"line":55,"column":17}}],"line":52},"10":{"loc":{"start":{"line":52,"column":20},"end":{"line":53,"column":66}},"type":"binary-expr","locations":[{"start":{"line":52,"column":20},"end":{"line":52,"column":43}},{"start":{"line":53,"column":23},"end":{"line":53,"column":66}}],"line":52}},"s":{"0":1,"1":1,"2":1,"3":1,"4":1,"5":27,"6":10,"7":17,"8":17,"9":17,"10":0,"11":17,"12":17,"13":17,"14":4,"15":4,"16":2,"17":2,"18":2,"19":2,"20":2,"21":2,"22":2,"23":2,"24":2,"25":2,"26":4,"27":2,"28":17,"29":215,"30":16,"31":0,"32":16,"33":4,"34":1,"35":2,"36":2,"37":2,"38":2,"39":2,"40":2,"41":0,"42":0,"43":0},"f":{"0":27,"1":0,"2":4,"3":4,"4":2,"5":215,"6":0,"7":2,"8":0},"b":{"0":[10,17],"1":[2,2],"2":[4,3],"3":[2,0],"4":[2,0],"5":[16,199],"6":[215,16,16],"7":[0,16],"8":[16,16,4,4,0],"9":[4,12],"10":[16,4]},"inputSourceMap":{"version":3,"file":"copyPassByValue.js","sourceRoot":"","sources":["copyPassByValue.ts"],"names":[],"mappings":";;AAAA,2CAAmC;AAGnC,0DAA0D;AAG/C,QAAA,eAAe,GAAG,CAAC,EAAU,EAAE,EAAE;IAC3C,IAAI,EAAE,CAAC,SAAS,EAAE,EAAE;QACnB,OAAO;KACP;IACD,IAAI,EAAE,GAAG,EAAE,CAAC,YAAY,EAAE,CAAA;IAC1B,IAAI,mBAAmB,GAAiB,EAAE,CAAA;IAC1C,IAAI,MAAM,GAAG,CAAC,CAAS,EAAE,EAAE,CAAC,EAAE,CAAC,cAAc,EAAE,CAAC,MAAM,CAAC,CAAC,CAAC,CAAA;IAEzD,IAAI,KAAK,GAAuD,EAAE,CAAA;IAClE,IAAI,WAAW,GAAG,EAAE,CAAC,cAAc,EAAE,CAAA;IACrC,WAAW;SACT,aAAa,EAAE;SACf,GAAG,CAAC,CAAC,CAAC,EAAE;QACR,sCAAsC;QACtC,gBAAgB;QAChB,IAAI;QACJ,IAAI,GAAG,GAAG,EAAE,CAAC,SAAS,EAAE,CAAC,gBAAgB,CAAC,EAAE,EAAE,WAAW,CAAC,QAAQ,EAAE,CAAC,MAAM,CAAC,CAAC,CAAC,KAAK,CAAC,CAAC,CAAA;QACrF,IAAI,GAAG,CAAC,OAAO,EAAE,KAAK,cAAQ,CAAC,YAAY,IAAI,GAAG,CAAC,QAAQ,EAAE,EAAE;YAC9D,OAAO,IAAI,CAAC;SACZ;QACD,IAAI,IAAI,GAAG,EAAE,CAAC,gBAAgB,CAAC,CAAC,CAAC,QAAQ,CAAC,CAAA;QAC1C,IAAI,CAAC,KAAK,CAAC,CAAC,CAAC,KAAK,CAAC,EAAE;YACpB,KAAK,CAAC,CAAC,CAAC,KAAK,CAAC,GAAG,EAAE,CAAA;SACnB;QACD,IAAI,CAAC,KAAK,CAAC,CAAC,CAAC,KAAK,CAAC,CAAC,CAAC,CAAC,QAAQ,CAAC,EAAE;YAChC,KAAK,CAAC,CAAC,CAAC,KAAK,CAAC,CAAC,CAAC,CAAC,QAAQ,CAAC,GAAG,IAAI,CAAA;SACjC;QACD,EAAE,CAAC,cAAc,CAAC,IAAI,CAAC,IAAI,CAAC,CAAA;QAC5B,mBAAmB,CAAC,IAAI,CAAC,IAAI,CAAC,CAAA;QAE7B,IAAI,WAAW,GAAG,0BAA0B,CAAC,CAAC,EAAE,IAAI,CAAC,CAAC;QACvD,OAAO,WAAW,CAAA;IACnB,CAAC,CAAC;SACD,MAAM,CAAC,CAAC,CAAC,EAAE,CAAC,CAAC,KAAK,IAAI,CAAC;SACvB,OAAO,CAAC,CAAC,KAA0B,EAAE,EAAE;QACvC,EAAE,CAAC,iBAAiB,CAAC,KAAK,CAAC,CAAC;IAC7B,CAAC,CAAC,CAAC;IAGJ,oBAAO,CAAC,EAAE,CAAC,MAAM,EAAE,EAAE;QACpB,KAAK,EAAE,CAAC,CAAC,IAAI,EAAE,MAAM,EAAE,EAAE;YAExB,IAAI,IAAI,CAAC,IAAI,KAAK,kBAAkB;mBAChC,IAAI,CAAC,MAAM,CAAC,IAAI,KAAK,YAAY;mBACjC,IAAI,CAAC,QAAQ,CAAC,IAAI,KAAK,YAAY,EACrC;gBACD,IAAI,MAAM;uBACN,KAAK,CAAC,IAAI,CAAC,MAAM,CAAC,IAAI,CAAC;uBACvB,KAAK,CAAC,IAAI,CAAC,MAAM,CAAC,IAAI,CAAC,CAAC,IAAI,CAAC,QAAQ,CAAC,IAAI,CAAC;uBAC3C,MAAM,CAAC,IAAI,KAAK,sBAAsB;uBACtC,CAAC,MAAM,CAAC,IAAI,KAAK,IAAI,CAAC,EAAE;oBAC3B,OAAO,IAAI,CAAA;iBACX;gBACD,IAAI,KAAK,CAAC,IAAI,CAAC,MAAM,CAAC,IAAI,CAAC;uBACvB,KAAK,CAAC,IAAI,CAAC,MAAM,CAAC,IAAI,CAAC,CAAC,IAAI,CAAC,QAAQ,CAAC,IAAI,CAAC,EAAE;oBAChD,OAAO,KAAK,CAAC,IAAI,CAAC,MAAM,CAAC,IAAI,CAAC,CAAC,IAAI,CAAC,QAAQ,CAAC,IAAI,CAAC,CAAA;iBAClD;aACD;QACF,CAAC,CAAC;KACF,CAAC,CAAC;AACJ,CAAC,CAAA;AAED,SAAgB,iBAAiB,CAAC,EAAU;IAE3C,uCAAuC;IACvC,gCAAgC;IAChC,kCAAkC;IAElC,mBAAmB;IACnB,kBAAkB;IAClB,sBAAsB;IACtB,YAAY;IACZ,YAAY;IACZ,kFAAkF;IAClF,QAAQ;IACR,wCAAwC;IACxC,qCAAqC;IACrC,0DAA0D;IAC1D,+BAA+B;IAC/B,iCAAiC;IACjC,4BAA4B;IAC5B,oEAAoE;IACpE,EAAE;IACF,KAAK;IACL,IAAI;IACJ,oCAAoC;IACpC,oEAAoE;IACpE,6DAA6D;IAC7D,UAAU;IACV,SAAS;IACT,kCAAkC;IAClC,YAAY;IACZ,yCAAyC;IACzC,qCAAqC;IACrC,8BAA8B;IAC9B,6BAA6B;IAC7B,qCAAqC;IACrC,2BAA2B;IAC3B,2BAA2B;IAC3B,kBAAkB;IAClB,0EAA0E;IAC1E,2EAA2E;IAC3E,2BAA2B;IAC3B,QAAQ;IACR,OAAO;IACP,MAAM;IACN,mBAAmB;IACnB,sBAAsB;IACtB,oBAAoB;IACpB,KAAK;IACL,MAAM;AACP,CAAC;AAjDD,8CAiDC;AAED,SAAS,0BAA0B,CAAC,CAAsC,EAAE,IAAgB;IAC3F,IAAI,IAAI,GAAe,EAAC,IAAI,EAAE,YAAY,EAAE,IAAI,EAAE,CAAC,CAAC,KAAK,EAAC,CAAA;IAC1D,IAAI,IAAI,GAAe,EAAC,IAAI,EAAE,YAAY,EAAE,IAAI,EAAE,CAAC,CAAC,QAAQ,EAAC,CAAA;IAC7D,IAAI,KAAK,GAAqB,EAAC,IAAI,EAAE,kBAAkB,EAAE,QAAQ,EAAE,KAAK,EAAE,MAAM,EAAE,IAAI,EAAE,QAAQ,EAAE,IAAI,EAAC,CAAA;IACvG,IAAI,UAAU,GAAuB;QACpC,IAAI,EAAE,oBAAoB;QAC1B,EAAE,EAAE,IAAI;QACR,IAAI,EAAE,KAAK;KACX,CAAA;IACD,IAAI,WAAW,GAAwB;QACtC,IAAI,EAAE,qBAAqB;QAC3B,IAAI,EAAE,KAAK;QACX,YAAY,EAAE,CAAC,UAAU,CAAC;KAC1B,CAAA;IACD,OAAO,WAAW,CAAC;AACpB,CAAC;AAED,SAAS,uBAAuB,CAAC,IAAgB,EAAE,QAAoB;IACtE,IAAI,UAAU,GAAuB;QACpC,IAAI,EAAE,oBAAoB;QAC1B,EAAE,EAAE,QAAQ;QACZ,IAAI,EAAE,IAAI;KACV,CAAA;IACD,IAAI,WAAW,GAAwB;QACtC,IAAI,EAAE,qBAAqB;QAC3B,IAAI,EAAE,KAAK;QACX,YAAY,EAAE,CAAC,UAAU,CAAC;KAC1B,CAAA;IACD,OAAO,WAAW,CAAA;AACnB,CAAC"},"_coverageSchema":"1a1c01bbd47fc00a2c39e90264f33305004495a9","hash":"50da01cd9fcfc74d445ff87777b6a7519a99727c"}}