{"/Users/sam/Dropbox/Spring_20/research_proj/CJS_Transform/src/transformations/sanitizing/visitors/__dirname.js":{"path":"/Users/sam/Dropbox/Spring_20/research_proj/CJS_Transform/src/transformations/sanitizing/visitors/__dirname.js","statementMap":{"0":{"start":{"line":1,"column":0},"end":{"line":1,"column":62}},"1":{"start":{"line":2,"column":0},"end":{"line":2,"column":71}},"2":{"start":{"line":3,"column":21},"end":{"line":3,"column":42}},"3":{"start":{"line":4,"column":0},"end":{"line":4,"column":64}},"4":{"start":{"line":5,"column":0},"end":{"line":5,"column":62}},"5":{"start":{"line":6,"column":29},"end":{"line":53,"column":1}},"6":{"start":{"line":8,"column":8},"end":{"line":29,"column":10}},"7":{"start":{"line":54,"column":0},"end":{"line":85,"column":2}},"8":{"start":{"line":55,"column":22},"end":{"line":55,"column":27}},"9":{"start":{"line":56,"column":23},"end":{"line":56,"column":28}},"10":{"start":{"line":57,"column":4},"end":{"line":72,"column":7}},"11":{"start":{"line":59,"column":12},"end":{"line":70,"column":13}},"12":{"start":{"line":60,"column":16},"end":{"line":69,"column":17}},"13":{"start":{"line":62,"column":24},"end":{"line":62,"column":43}},"14":{"start":{"line":63,"column":24},"end":{"line":63,"column":44}},"15":{"start":{"line":64,"column":24},"end":{"line":64,"column":64}},"16":{"start":{"line":65,"column":24},"end":{"line":65,"column":30}},"17":{"start":{"line":67,"column":24},"end":{"line":67,"column":44}},"18":{"start":{"line":68,"column":24},"end":{"line":68,"column":30}},"19":{"start":{"line":73,"column":26},"end":{"line":73,"column":59}},"20":{"start":{"line":74,"column":4},"end":{"line":84,"column":5}},"21":{"start":{"line":75,"column":8},"end":{"line":75,"column":121}},"22":{"start":{"line":78,"column":8},"end":{"line":78,"column":68}},"23":{"start":{"line":80,"column":9},"end":{"line":84,"column":5}},"24":{"start":{"line":81,"column":8},"end":{"line":81,"column":91}},"25":{"start":{"line":83,"column":8},"end":{"line":83,"column":68}}},"fnMap":{"0":{"name":"(anonymous_0)","decl":{"start":{"line":7,"column":14},"end":{"line":7,"column":15}},"loc":{"start":{"line":7,"column":23},"end":{"line":30,"column":5}},"line":7},"1":{"name":"(anonymous_1)","decl":{"start":{"line":54,"column":23},"end":{"line":54,"column":24}},"loc":{"start":{"line":54,"column":31},"end":{"line":85,"column":1}},"line":54},"2":{"name":"(anonymous_2)","decl":{"start":{"line":58,"column":15},"end":{"line":58,"column":16}},"loc":{"start":{"line":58,"column":37},"end":{"line":71,"column":9}},"line":58}},"branchMap":{"0":{"loc":{"start":{"line":59,"column":12},"end":{"line":70,"column":13}},"type":"if","locations":[{"start":{"line":59,"column":12},"end":{"line":70,"column":13}},{"start":{"line":59,"column":12},"end":{"line":70,"column":13}}],"line":59},"1":{"loc":{"start":{"line":60,"column":16},"end":{"line":69,"column":17}},"type":"switch","locations":[{"start":{"line":61,"column":20},"end":{"line":65,"column":30}},{"start":{"line":66,"column":20},"end":{"line":68,"column":30}}],"line":60},"2":{"loc":{"start":{"line":74,"column":4},"end":{"line":84,"column":5}},"type":"if","locations":[{"start":{"line":74,"column":4},"end":{"line":84,"column":5}},{"start":{"line":74,"column":4},"end":{"line":84,"column":5}}],"line":74},"3":{"loc":{"start":{"line":74,"column":8},"end":{"line":74,"column":56}},"type":"binary-expr","locations":[{"start":{"line":74,"column":8},"end":{"line":74,"column":41}},{"start":{"line":74,"column":45},"end":{"line":74,"column":56}}],"line":74},"4":{"loc":{"start":{"line":80,"column":9},"end":{"line":84,"column":5}},"type":"if","locations":[{"start":{"line":80,"column":9},"end":{"line":84,"column":5}},{"start":{"line":80,"column":9},"end":{"line":84,"column":5}}],"line":80},"5":{"loc":{"start":{"line":80,"column":13},"end":{"line":80,"column":63}},"type":"binary-expr","locations":[{"start":{"line":80,"column":13},"end":{"line":80,"column":47}},{"start":{"line":80,"column":51},"end":{"line":80,"column":63}}],"line":80}},"s":{"0":1,"1":1,"2":1,"3":1,"4":1,"5":1,"6":8,"7":1,"8":42,"9":42,"10":42,"11":531,"12":163,"13":6,"14":6,"15":6,"16":0,"17":2,"18":2,"19":42,"20":42,"21":6,"22":6,"23":36,"24":2,"25":2},"f":{"0":8,"1":42,"2":531},"b":{"0":[163,368],"1":[6,2],"2":[6,36],"3":[42,36],"4":[2,34],"5":[36,34]},"inputSourceMap":{"version":3,"file":"__dirname.js","sourceRoot":"","sources":["__dirname.ts"],"names":[],"mappings":";;AAAA,2CAAmD;AAKtC,QAAA,UAAU,GAAe,EAAC,IAAI,EAAE,YAAY,EAAE,IAAI,EAAE,YAAY,EAAC,CAAA;AACjE,QAAA,SAAS,GAAe,EAAC,IAAI,EAAE,YAAY,EAAE,IAAI,EAAE,WAAW,EAAC,CAAA;AAC5E,MAAM,oBAAoB,GAAqF;IAC9G,QAAQ,EAAE,CAAC,GAAW,EAAE,EAAE;QACzB,OAAO;YACN,MAAM,EACL,qBAAqB;YACtB,cAAc,EACb,CAAC;oBACA,MAAM,EAAE,oBAAoB;oBAC5B,IAAI,EAAE,kBAAU;oBAChB,MAAM,EAAE;wBACP,MAAM,EAAE,gBAAgB;wBACxB,QAAQ,EAAE;4BACT,MAAM,EAAE,kBAAkB;4BAC1B,UAAU,EAAE,KAAK;4BACjB,QAAQ,EAAE;gCACT,MAAM,EAAE,gBAAgB;gCACxB,QAAQ,EAAE,EAAC,MAAM,EAAE,YAAY,EAAE,MAAM,EAAE,SAAS,EAAC;gCACnD,WAAW,EAAE,CAAC,EAAC,MAAM,EAAE,SAAS,EAAE,OAAO,EAAE,KAAK,EAAE,KAAK,EAAE,OAAO,EAAC,CAAC;6BAClE;4BACD,UAAU,EAAE,EAAC,MAAM,EAAE,YAAY,EAAE,MAAM,EAAE,eAAe,EAAC;yBAC3D;wBACD,WAAW,EAAE,CAAC,EAAC,MAAM,EAAE,YAAY,EAAE,MAAM,EAAE,GAAG,EAAC,CAAC;qBAClD;iBACD,CAAC;YACH,MAAM,EACL,KAAK;SACN,CAAA;IACF,CAAC;IACD,OAAO,EAAE;QACR,MAAM,EAAE,qBAAqB;QAC7B,cAAc,EAAE,CAAC;gBAChB,MAAM,EAAE,oBAAoB;gBAC5B,IAAI,EAAE,iBAAS;gBACf,MAAM,EAAE;oBACP,MAAM,EAAE,gBAAgB;oBACxB,QAAQ,EAAE;wBACT,MAAM,EAAE,kBAAkB;wBAC1B,UAAU,EAAE,KAAK;wBACjB,QAAQ,EAAE;4BACT,MAAM,EAAE,gBAAgB;4BACxB,QAAQ,EAAE,EAAC,MAAM,EAAE,YAAY,EAAE,MAAM,EAAE,SAAS,EAAC;4BACnD,WAAW,EAAE,CAAC,EAAC,MAAM,EAAE,SAAS,EAAE,OAAO,EAAE,MAAM,EAAE,KAAK,EAAE,QAAQ,EAAC,CAAC;yBACpE;wBACD,UAAU,EAAE,EAAC,MAAM,EAAE,YAAY,EAAE,MAAM,EAAE,SAAS,EAAC;qBACrD;oBACD,WAAW,EAAE,CAAC,kBAAU,CAAC;iBACzB;aACD,CAAC;QACF,MAAM,EAAE,KAAK;KACb;CAED,CAAA;AAEY,QAAA,YAAY,GAAsB,CAAC,EAAU,EAAE,EAAE;IAC7D,IAAI,WAAW,GAAY,KAAK,CAAA;IAChC,IAAI,YAAY,GAAY,KAAK,CAAA;IACjC,qBAAQ,CAAC,EAAE,CAAC,MAAM,EAAE,EAAE;QACrB,KAAK,EAAE,CAAC,IAAI,EAAE,UAAU,EAAE,EAAE;YAC3B,IAAI,IAAI,CAAC,IAAI,KAAK,YAAY,EAAE;gBAC/B,QAAQ,IAAI,CAAC,IAAI,EAAE;oBAClB,KAAK,WAAW;wBACf,WAAW,GAAG,IAAI,CAAC;wBACnB,YAAY,GAAG,IAAI,CAAC;wBACpB,OAAO,0BAAa,CAAC,KAAK,CAAA;wBAC1B,MAAM;oBACP,KAAK,YAAY;wBAChB,YAAY,GAAG,IAAI,CAAC;wBACpB,MAAM;iBACP;aAED;QACF,CAAC;KACD,CAAC,CAAA;IAEF,IAAI,eAAe,GAAG,EAAE,CAAC,YAAY,EAAE,CAAC,aAAa,EAAE,CAAA;IAEvD,IAAI,EAAE,CAAC,iBAAiB,CAAC,WAAW,CAAC,IAAI,WAAW,EAAE;QACrD,EAAE,CAAC,MAAM,EAAE,CAAC,IAAI,CAAC,MAAM,CAAC,CAAC,EAAE,CAAC,EAAE,oBAAoB,CAAC,QAAQ,CAAC,eAAe,CAAC,IAAI,CAAC,EAAE,oBAAoB,CAAC,OAAO,CAAC,CAAA;QAChH,kBAAkB;QAClB,uCAAuC;QAEvC,EAAE,CAAC,eAAe,CAAC,eAAe,CAAC,IAAI,EAAE,iBAAiB,CAAC,CAAA;KAE3D;SAAM,IAAI,EAAE,CAAC,iBAAiB,CAAC,YAAY,CAAC,IAAI,YAAY,EAAE;QAE9D,EAAE,CAAC,MAAM,EAAE,CAAC,IAAI,CAAC,MAAM,CAAC,CAAC,EAAE,CAAC,EAAE,oBAAoB,CAAC,QAAQ,CAAC,eAAe,CAAC,IAAI,CAAC,CAAC,CAAA;QAElF,mBAAmB;QACnB,EAAE,CAAC,eAAe,CAAC,eAAe,CAAC,IAAI,EAAE,iBAAiB,CAAC,CAAA;KAG3D;AAGF,CAAC,CAAA"},"_coverageSchema":"1a1c01bbd47fc00a2c39e90264f33305004495a9","hash":"99e04fdf3a2b4fa3b4e1bb9efa968159c0448080"},"/Users/sam/Dropbox/Spring_20/research_proj/CJS_Transform/src/abstract_fs_v2/ProjectManager.js":{"path":"/Users/sam/Dropbox/Spring_20/research_proj/CJS_Transform/src/abstract_fs_v2/ProjectManager.js","statementMap":{"0":{"start":{"line":1,"column":22},"end":{"line":3,"column":1}},"1":{"start":{"line":2,"column":4},"end":{"line":2,"column":62}},"2":{"start":{"line":4,"column":0},"end":{"line":4,"column":62}},"3":{"start":{"line":5,"column":0},"end":{"line":5,"column":32}},"4":{"start":{"line":6,"column":17},"end":{"line":6,"column":34}},"5":{"start":{"line":7,"column":14},"end":{"line":7,"column":45}},"6":{"start":{"line":8,"column":13},"end":{"line":8,"column":26}},"7":{"start":{"line":9,"column":15},"end":{"line":9,"column":30}},"8":{"start":{"line":10,"column":23},"end":{"line":10,"column":48}},"9":{"start":{"line":11,"column":16},"end":{"line":11,"column":34}},"10":{"start":{"line":12,"column":18},"end":{"line":12,"column":38}},"11":{"start":{"line":13,"column":21},"end":{"line":13,"column":44}},"12":{"start":{"line":14,"column":15},"end":{"line":14,"column":32}},"13":{"start":{"line":15,"column":24},"end":{"line":15,"column":50}},"14":{"start":{"line":16,"column":19},"end":{"line":16,"column":40}},"15":{"start":{"line":19,"column":8},"end":{"line":19,"column":23}},"16":{"start":{"line":20,"column":8},"end":{"line":20,"column":26}},"17":{"start":{"line":21,"column":8},"end":{"line":21,"column":24}},"18":{"start":{"line":22,"column":8},"end":{"line":22,"column":26}},"19":{"start":{"line":23,"column":8},"end":{"line":23,"column":31}},"20":{"start":{"line":24,"column":8},"end":{"line":24,"column":27}},"21":{"start":{"line":25,"column":8},"end":{"line":25,"column":28}},"22":{"start":{"line":26,"column":8},"end":{"line":26,"column":28}},"23":{"start":{"line":27,"column":8},"end":{"line":27,"column":31}},"24":{"start":{"line":28,"column":8},"end":{"line":28,"column":32}},"25":{"start":{"line":29,"column":8},"end":{"line":29,"column":40}},"26":{"start":{"line":30,"column":8},"end":{"line":30,"column":46}},"27":{"start":{"line":31,"column":8},"end":{"line":31,"column":49}},"28":{"start":{"line":32,"column":8},"end":{"line":32,"column":24}},"29":{"start":{"line":33,"column":8},"end":{"line":33,"column":46}},"30":{"start":{"line":34,"column":8},"end":{"line":34,"column":34}},"31":{"start":{"line":35,"column":8},"end":{"line":35,"column":76}},"32":{"start":{"line":36,"column":8},"end":{"line":36,"column":102}},"33":{"start":{"line":37,"column":8},"end":{"line":37,"column":33}},"34":{"start":{"line":38,"column":8},"end":{"line":38,"column":82}},"35":{"start":{"line":39,"column":8},"end":{"line":39,"column":43}},"36":{"start":{"line":40,"column":8},"end":{"line":40,"column":30}},"37":{"start":{"line":41,"column":8},"end":{"line":41,"column":63}},"38":{"start":{"line":42,"column":8},"end":{"line":49,"column":9}},"39":{"start":{"line":43,"column":12},"end":{"line":48,"column":13}},"40":{"start":{"line":44,"column":16},"end":{"line":44,"column":44}},"41":{"start":{"line":47,"column":16},"end":{"line":47,"column":132}},"42":{"start":{"line":50,"column":8},"end":{"line":50,"column":34}},"43":{"start":{"line":51,"column":8},"end":{"line":56,"column":9}},"44":{"start":{"line":52,"column":12},"end":{"line":55,"column":15}},"45":{"start":{"line":53,"column":26},"end":{"line":53,"column":46}},"46":{"start":{"line":54,"column":16},"end":{"line":54,"column":81}},"47":{"start":{"line":59,"column":8},"end":{"line":59,"column":66}},"48":{"start":{"line":62,"column":8},"end":{"line":66,"column":9}},"49":{"start":{"line":63,"column":12},"end":{"line":65,"column":13}},"50":{"start":{"line":64,"column":16},"end":{"line":64,"column":41}},"51":{"start":{"line":67,"column":8},"end":{"line":67,"column":20}},"52":{"start":{"line":70,"column":8},"end":{"line":86,"column":11}},"53":{"start":{"line":71,"column":12},"end":{"line":71,"column":37}},"54":{"start":{"line":72,"column":12},"end":{"line":74,"column":13}},"55":{"start":{"line":73,"column":16},"end":{"line":73,"column":42}},"56":{"start":{"line":75,"column":12},"end":{"line":85,"column":13}},"57":{"start":{"line":76,"column":16},"end":{"line":76,"column":40}},"58":{"start":{"line":77,"column":16},"end":{"line":77,"column":53}},"59":{"start":{"line":79,"column":17},"end":{"line":85,"column":13}},"60":{"start":{"line":80,"column":16},"end":{"line":80,"column":40}},"61":{"start":{"line":81,"column":16},"end":{"line":81,"column":54}},"62":{"start":{"line":83,"column":17},"end":{"line":85,"column":13}},"63":{"start":{"line":84,"column":16},"end":{"line":84,"column":45}},"64":{"start":{"line":90,"column":8},"end":{"line":103,"column":9}},"65":{"start":{"line":91,"column":12},"end":{"line":95,"column":15}},"66":{"start":{"line":92,"column":16},"end":{"line":92,"column":39}},"67":{"start":{"line":94,"column":16},"end":{"line":94,"column":24}},"68":{"start":{"line":98,"column":12},"end":{"line":98,"column":106}},"69":{"start":{"line":99,"column":12},"end":{"line":101,"column":13}},"70":{"start":{"line":100,"column":16},"end":{"line":100,"column":24}},"71":{"start":{"line":102,"column":12},"end":{"line":102,"column":20}},"72":{"start":{"line":106,"column":8},"end":{"line":106,"column":32}},"73":{"start":{"line":110,"column":8},"end":{"line":110,"column":33}},"74":{"start":{"line":113,"column":8},"end":{"line":121,"column":9}},"75":{"start":{"line":114,"column":12},"end":{"line":114,"column":32}},"76":{"start":{"line":116,"column":13},"end":{"line":121,"column":9}},"77":{"start":{"line":117,"column":12},"end":{"line":117,"column":27}},"78":{"start":{"line":120,"column":12},"end":{"line":120,"column":53}},"79":{"start":{"line":134,"column":8},"end":{"line":137,"column":9}},"80":{"start":{"line":135,"column":23},"end":{"line":135,"column":50}},"81":{"start":{"line":136,"column":12},"end":{"line":136,"column":85}},"82":{"start":{"line":138,"column":8},"end":{"line":138,"column":25}},"83":{"start":{"line":139,"column":8},"end":{"line":139,"column":24}},"84":{"start":{"line":143,"column":30},"end":{"line":149,"column":9}},"85":{"start":{"line":143,"column":40},"end":{"line":149,"column":9}},"86":{"start":{"line":150,"column":8},"end":{"line":153,"column":11}},"87":{"start":{"line":152,"column":12},"end":{"line":152,"column":71}},"88":{"start":{"line":160,"column":8},"end":{"line":174,"column":11}},"89":{"start":{"line":162,"column":12},"end":{"line":162,"column":49}},"90":{"start":{"line":163,"column":12},"end":{"line":173,"column":13}},"91":{"start":{"line":165,"column":16},"end":{"line":165,"column":104}},"92":{"start":{"line":168,"column":16},"end":{"line":168,"column":53}},"93":{"start":{"line":169,"column":16},"end":{"line":169,"column":72}},"94":{"start":{"line":170,"column":16},"end":{"line":170,"column":72}},"95":{"start":{"line":171,"column":16},"end":{"line":171,"column":80}},"96":{"start":{"line":172,"column":16},"end":{"line":172,"column":49}},"97":{"start":{"line":176,"column":8},"end":{"line":192,"column":9}},"98":{"start":{"line":177,"column":29},"end":{"line":177,"column":72}},"99":{"start":{"line":178,"column":23},"end":{"line":178,"column":69}},"100":{"start":{"line":182,"column":12},"end":{"line":182,"column":58}},"101":{"start":{"line":219,"column":18},"end":{"line":219,"column":26}},"102":{"start":{"line":220,"column":22},"end":{"line":220,"column":33}},"103":{"start":{"line":221,"column":18},"end":{"line":221,"column":32}},"104":{"start":{"line":222,"column":8},"end":{"line":222,"column":38}},"105":{"start":{"line":236,"column":8},"end":{"line":262,"column":11}},"106":{"start":{"line":260,"column":12},"end":{"line":260,"column":35}},"107":{"start":{"line":263,"column":25},"end":{"line":263,"column":40}},"108":{"start":{"line":264,"column":29},"end":{"line":264,"column":52}},"109":{"start":{"line":266,"column":32},"end":{"line":266,"column":62}},"110":{"start":{"line":267,"column":12},"end":{"line":275,"column":13}},"111":{"start":{"line":268,"column":16},"end":{"line":268,"column":29}},"112":{"start":{"line":270,"column":17},"end":{"line":275,"column":13}},"113":{"start":{"line":271,"column":16},"end":{"line":271,"column":29}},"114":{"start":{"line":273,"column":17},"end":{"line":275,"column":13}},"115":{"start":{"line":274,"column":16},"end":{"line":274,"column":29}},"116":{"start":{"line":280,"column":22},"end":{"line":280,"column":46}},"117":{"start":{"line":281,"column":21},"end":{"line":281,"column":34}},"118":{"start":{"line":282,"column":22},"end":{"line":282,"column":36}},"119":{"start":{"line":283,"column":22},"end":{"line":283,"column":66}},"120":{"start":{"line":284,"column":12},"end":{"line":284,"column":39}},"121":{"start":{"line":288,"column":21},"end":{"line":288,"column":23}},"122":{"start":{"line":289,"column":8},"end":{"line":289,"column":52}},"123":{"start":{"line":289,"column":36},"end":{"line":289,"column":50}},"124":{"start":{"line":290,"column":8},"end":{"line":292,"column":9}},"125":{"start":{"line":291,"column":12},"end":{"line":291,"column":47}},"126":{"start":{"line":293,"column":8},"end":{"line":293,"column":186}},"127":{"start":{"line":293,"column":35},"end":{"line":293,"column":120}},"128":{"start":{"line":293,"column":138},"end":{"line":293,"column":184}},"129":{"start":{"line":314,"column":8},"end":{"line":316,"column":11}},"130":{"start":{"line":315,"column":12},"end":{"line":315,"column":19}},"131":{"start":{"line":319,"column":8},"end":{"line":319,"column":31}},"132":{"start":{"line":322,"column":0},"end":{"line":322,"column":40}}},"fnMap":{"0":{"name":"(anonymous_0)","decl":{"start":{"line":1,"column":56},"end":{"line":1,"column":57}},"loc":{"start":{"line":1,"column":71},"end":{"line":3,"column":1}},"line":1},"1":{"name":"(anonymous_1)","decl":{"start":{"line":18,"column":4},"end":{"line":18,"column":5}},"loc":{"start":{"line":18,"column":44},"end":{"line":57,"column":5}},"line":18},"2":{"name":"(anonymous_2)","decl":{"start":{"line":52,"column":35},"end":{"line":52,"column":36}},"loc":{"start":{"line":52,"column":40},"end":{"line":55,"column":13}},"line":52},"3":{"name":"(anonymous_3)","decl":{"start":{"line":58,"column":4},"end":{"line":58,"column":5}},"loc":{"start":{"line":58,"column":28},"end":{"line":60,"column":5}},"line":58},"4":{"name":"(anonymous_4)","decl":{"start":{"line":61,"column":4},"end":{"line":61,"column":5}},"loc":{"start":{"line":61,"column":23},"end":{"line":68,"column":5}},"line":61},"5":{"name":"(anonymous_5)","decl":{"start":{"line":69,"column":4},"end":{"line":69,"column":5}},"loc":{"start":{"line":69,"column":25},"end":{"line":87,"column":5}},"line":69},"6":{"name":"(anonymous_6)","decl":{"start":{"line":70,"column":24},"end":{"line":70,"column":25}},"loc":{"start":{"line":70,"column":32},"end":{"line":86,"column":9}},"line":70},"7":{"name":"(anonymous_7)","decl":{"start":{"line":88,"column":4},"end":{"line":88,"column":5}},"loc":{"start":{"line":88,"column":48},"end":{"line":104,"column":5}},"line":88},"8":{"name":"(anonymous_8)","decl":{"start":{"line":91,"column":33},"end":{"line":91,"column":34}},"loc":{"start":{"line":91,"column":38},"end":{"line":95,"column":13}},"line":91},"9":{"name":"(anonymous_9)","decl":{"start":{"line":105,"column":4},"end":{"line":105,"column":5}},"loc":{"start":{"line":105,"column":16},"end":{"line":107,"column":5}},"line":105},"10":{"name":"(anonymous_10)","decl":{"start":{"line":109,"column":4},"end":{"line":109,"column":5}},"loc":{"start":{"line":109,"column":13},"end":{"line":111,"column":5}},"line":109},"11":{"name":"(anonymous_11)","decl":{"start":{"line":112,"column":4},"end":{"line":112,"column":5}},"loc":{"start":{"line":112,"column":15},"end":{"line":122,"column":5}},"line":112},"12":{"name":"(anonymous_12)","decl":{"start":{"line":123,"column":4},"end":{"line":123,"column":5}},"loc":{"start":{"line":123,"column":19},"end":{"line":141,"column":5}},"line":123},"13":{"name":"(anonymous_13)","decl":{"start":{"line":142,"column":4},"end":{"line":142,"column":5}},"loc":{"start":{"line":142,"column":50},"end":{"line":158,"column":5}},"line":142},"14":{"name":"(anonymous_14)","decl":{"start":{"line":143,"column":30},"end":{"line":143,"column":31}},"loc":{"start":{"line":143,"column":40},"end":{"line":149,"column":9}},"line":143},"15":{"name":"(anonymous_15)","decl":{"start":{"line":150,"column":31},"end":{"line":150,"column":32}},"loc":{"start":{"line":150,"column":41},"end":{"line":153,"column":9}},"line":150},"16":{"name":"(anonymous_16)","decl":{"start":{"line":159,"column":4},"end":{"line":159,"column":5}},"loc":{"start":{"line":159,"column":49},"end":{"line":193,"column":5}},"line":159},"17":{"name":"(anonymous_17)","decl":{"start":{"line":160,"column":31},"end":{"line":160,"column":32}},"loc":{"start":{"line":160,"column":39},"end":{"line":174,"column":9}},"line":160},"18":{"name":"(anonymous_18)","decl":{"start":{"line":212,"column":4},"end":{"line":212,"column":5}},"loc":{"start":{"line":212,"column":14},"end":{"line":286,"column":5}},"line":212},"19":{"name":"(anonymous_19)","decl":{"start":{"line":259,"column":11},"end":{"line":259,"column":12}},"loc":{"start":{"line":259,"column":17},"end":{"line":262,"column":9}},"line":259},"20":{"name":"_filter","decl":{"start":{"line":265,"column":17},"end":{"line":265,"column":24}},"loc":{"start":{"line":265,"column":35},"end":{"line":285,"column":9}},"line":265},"21":{"name":"(anonymous_21)","decl":{"start":{"line":287,"column":4},"end":{"line":287,"column":5}},"loc":{"start":{"line":287,"column":40},"end":{"line":294,"column":5}},"line":287},"22":{"name":"(anonymous_22)","decl":{"start":{"line":289,"column":31},"end":{"line":289,"column":32}},"loc":{"start":{"line":289,"column":36},"end":{"line":289,"column":50}},"line":289},"23":{"name":"(anonymous_23)","decl":{"start":{"line":293,"column":29},"end":{"line":293,"column":30}},"loc":{"start":{"line":293,"column":35},"end":{"line":293,"column":120}},"line":293},"24":{"name":"(anonymous_24)","decl":{"start":{"line":293,"column":128},"end":{"line":293,"column":129}},"loc":{"start":{"line":293,"column":138},"end":{"line":293,"column":184}},"line":293},"25":{"name":"(anonymous_25)","decl":{"start":{"line":313,"column":4},"end":{"line":313,"column":5}},"loc":{"start":{"line":313,"column":24},"end":{"line":317,"column":5}},"line":313},"26":{"name":"(anonymous_26)","decl":{"start":{"line":314,"column":34},"end":{"line":314,"column":35}},"loc":{"start":{"line":314,"column":39},"end":{"line":316,"column":9}},"line":314},"27":{"name":"(anonymous_27)","decl":{"start":{"line":318,"column":4},"end":{"line":318,"column":5}},"loc":{"start":{"line":318,"column":17},"end":{"line":320,"column":5}},"line":318}},"branchMap":{"0":{"loc":{"start":{"line":1,"column":22},"end":{"line":3,"column":1}},"type":"binary-expr","locations":[{"start":{"line":1,"column":23},"end":{"line":1,"column":27}},{"start":{"line":1,"column":31},"end":{"line":1,"column":51}},{"start":{"line":1,"column":56},"end":{"line":3,"column":1}}],"line":1},"1":{"loc":{"start":{"line":2,"column":11},"end":{"line":2,"column":61}},"type":"cond-expr","locations":[{"start":{"line":2,"column":37},"end":{"line":2,"column":40}},{"start":{"line":2,"column":43},"end":{"line":2,"column":61}}],"line":2},"2":{"loc":{"start":{"line":2,"column":12},"end":{"line":2,"column":33}},"type":"binary-expr","locations":[{"start":{"line":2,"column":12},"end":{"line":2,"column":15}},{"start":{"line":2,"column":19},"end":{"line":2,"column":33}}],"line":2},"3":{"loc":{"start":{"line":18,"column":28},"end":{"line":18,"column":42}},"type":"default-arg","locations":[{"start":{"line":18,"column":37},"end":{"line":18,"column":42}}],"line":18},"4":{"loc":{"start":{"line":30,"column":23},"end":{"line":30,"column":45}},"type":"binary-expr","locations":[{"start":{"line":30,"column":23},"end":{"line":30,"column":35}},{"start":{"line":30,"column":39},"end":{"line":30,"column":45}}],"line":30},"5":{"loc":{"start":{"line":31,"column":26},"end":{"line":31,"column":48}},"type":"binary-expr","locations":[{"start":{"line":31,"column":26},"end":{"line":31,"column":38}},{"start":{"line":31,"column":42},"end":{"line":31,"column":48}}],"line":31},"6":{"loc":{"start":{"line":41,"column":22},"end":{"line":41,"column":62}},"type":"cond-expr","locations":[{"start":{"line":41,"column":40},"end":{"line":41,"column":55}},{"start":{"line":41,"column":58},"end":{"line":41,"column":62}}],"line":41},"7":{"loc":{"start":{"line":42,"column":8},"end":{"line":49,"column":9}},"type":"if","locations":[{"start":{"line":42,"column":8},"end":{"line":49,"column":9}},{"start":{"line":42,"column":8},"end":{"line":49,"column":9}}],"line":42},"8":{"loc":{"start":{"line":42,"column":12},"end":{"line":42,"column":44}},"type":"binary-expr","locations":[{"start":{"line":42,"column":12},"end":{"line":42,"column":23}},{"start":{"line":42,"column":27},"end":{"line":42,"column":44}}],"line":42},"9":{"loc":{"start":{"line":43,"column":12},"end":{"line":48,"column":13}},"type":"if","locations":[{"start":{"line":43,"column":12},"end":{"line":48,"column":13}},{"start":{"line":43,"column":12},"end":{"line":48,"column":13}}],"line":43},"10":{"loc":{"start":{"line":47,"column":28},"end":{"line":47,"column":85}},"type":"binary-expr","locations":[{"start":{"line":47,"column":28},"end":{"line":47,"column":40}},{"start":{"line":47,"column":44},"end":{"line":47,"column":85}}],"line":47},"11":{"loc":{"start":{"line":51,"column":8},"end":{"line":56,"column":9}},"type":"if","locations":[{"start":{"line":51,"column":8},"end":{"line":56,"column":9}},{"start":{"line":51,"column":8},"end":{"line":56,"column":9}}],"line":51},"12":{"loc":{"start":{"line":51,"column":12},"end":{"line":51,"column":59}},"type":"binary-expr","locations":[{"start":{"line":51,"column":12},"end":{"line":51,"column":44}},{"start":{"line":51,"column":48},"end":{"line":51,"column":59}}],"line":51},"13":{"loc":{"start":{"line":63,"column":12},"end":{"line":65,"column":13}},"type":"if","locations":[{"start":{"line":63,"column":12},"end":{"line":65,"column":13}},{"start":{"line":63,"column":12},"end":{"line":65,"column":13}}],"line":63},"14":{"loc":{"start":{"line":72,"column":12},"end":{"line":74,"column":13}},"type":"if","locations":[{"start":{"line":72,"column":12},"end":{"line":74,"column":13}},{"start":{"line":72,"column":12},"end":{"line":74,"column":13}}],"line":72},"15":{"loc":{"start":{"line":75,"column":12},"end":{"line":85,"column":13}},"type":"if","locations":[{"start":{"line":75,"column":12},"end":{"line":85,"column":13}},{"start":{"line":75,"column":12},"end":{"line":85,"column":13}}],"line":75},"16":{"loc":{"start":{"line":79,"column":17},"end":{"line":85,"column":13}},"type":"if","locations":[{"start":{"line":79,"column":17},"end":{"line":85,"column":13}},{"start":{"line":79,"column":17},"end":{"line":85,"column":13}}],"line":79},"17":{"loc":{"start":{"line":83,"column":17},"end":{"line":85,"column":13}},"type":"if","locations":[{"start":{"line":83,"column":17},"end":{"line":85,"column":13}},{"start":{"line":83,"column":17},"end":{"line":85,"column":13}}],"line":83},"18":{"loc":{"start":{"line":88,"column":24},"end":{"line":88,"column":46}},"type":"default-arg","locations":[{"start":{"line":88,"column":33},"end":{"line":88,"column":46}}],"line":88},"19":{"loc":{"start":{"line":99,"column":12},"end":{"line":101,"column":13}},"type":"if","locations":[{"start":{"line":99,"column":12},"end":{"line":101,"column":13}},{"start":{"line":99,"column":12},"end":{"line":101,"column":13}}],"line":99},"20":{"loc":{"start":{"line":113,"column":8},"end":{"line":121,"column":9}},"type":"if","locations":[{"start":{"line":113,"column":8},"end":{"line":121,"column":9}},{"start":{"line":113,"column":8},"end":{"line":121,"column":9}}],"line":113},"21":{"loc":{"start":{"line":116,"column":13},"end":{"line":121,"column":9}},"type":"if","locations":[{"start":{"line":116,"column":13},"end":{"line":121,"column":9}},{"start":{"line":116,"column":13},"end":{"line":121,"column":9}}],"line":116},"22":{"loc":{"start":{"line":142,"column":14},"end":{"line":142,"column":48}},"type":"default-arg","locations":[{"start":{"line":142,"column":25},"end":{"line":142,"column":48}}],"line":142},"23":{"loc":{"start":{"line":159,"column":13},"end":{"line":159,"column":47}},"type":"default-arg","locations":[{"start":{"line":159,"column":24},"end":{"line":159,"column":47}}],"line":159},"24":{"loc":{"start":{"line":267,"column":12},"end":{"line":275,"column":13}},"type":"if","locations":[{"start":{"line":267,"column":12},"end":{"line":275,"column":13}},{"start":{"line":267,"column":12},"end":{"line":275,"column":13}}],"line":267},"25":{"loc":{"start":{"line":267,"column":16},"end":{"line":267,"column":65}},"type":"binary-expr","locations":[{"start":{"line":267,"column":16},"end":{"line":267,"column":51}},{"start":{"line":267,"column":55},"end":{"line":267,"column":65}}],"line":267},"26":{"loc":{"start":{"line":270,"column":17},"end":{"line":275,"column":13}},"type":"if","locations":[{"start":{"line":270,"column":17},"end":{"line":275,"column":13}},{"start":{"line":270,"column":17},"end":{"line":275,"column":13}}],"line":270},"27":{"loc":{"start":{"line":270,"column":21},"end":{"line":270,"column":67}},"type":"binary-expr","locations":[{"start":{"line":270,"column":21},"end":{"line":270,"column":53}},{"start":{"line":270,"column":57},"end":{"line":270,"column":67}}],"line":270},"28":{"loc":{"start":{"line":273,"column":17},"end":{"line":275,"column":13}},"type":"if","locations":[{"start":{"line":273,"column":17},"end":{"line":275,"column":13}},{"start":{"line":273,"column":17},"end":{"line":275,"column":13}}],"line":273},"29":{"loc":{"start":{"line":273,"column":21},"end":{"line":273,"column":79}},"type":"binary-expr","locations":[{"start":{"line":273,"column":21},"end":{"line":273,"column":61}},{"start":{"line":273,"column":65},"end":{"line":273,"column":79}}],"line":273},"30":{"loc":{"start":{"line":284,"column":21},"end":{"line":284,"column":37}},"type":"binary-expr","locations":[{"start":{"line":284,"column":21},"end":{"line":284,"column":24}},{"start":{"line":284,"column":28},"end":{"line":284,"column":30}},{"start":{"line":284,"column":34},"end":{"line":284,"column":37}}],"line":284},"31":{"loc":{"start":{"line":287,"column":15},"end":{"line":287,"column":38}},"type":"default-arg","locations":[{"start":{"line":287,"column":34},"end":{"line":287,"column":38}}],"line":287},"32":{"loc":{"start":{"line":293,"column":35},"end":{"line":293,"column":120}},"type":"binary-expr","locations":[{"start":{"line":293,"column":35},"end":{"line":293,"column":75}},{"start":{"line":293,"column":79},"end":{"line":293,"column":120}}],"line":293}},"s":{"0":1,"1":1,"2":1,"3":1,"4":1,"5":1,"6":1,"7":1,"8":1,"9":1,"10":1,"11":1,"12":1,"13":1,"14":1,"15":232,"16":232,"17":232,"18":232,"19":232,"20":232,"21":232,"22":232,"23":232,"24":232,"25":232,"26":232,"27":232,"28":232,"29":232,"30":232,"31":232,"32":232,"33":232,"34":232,"35":232,"36":232,"37":232,"38":232,"39":232,"40":0,"41":232,"42":232,"43":232,"44":0,"45":0,"46":0,"47":4,"48":2,"49":2,"50":2,"51":0,"52":232,"53":1022,"54":1022,"55":718,"56":1022,"57":304,"58":304,"59":718,"60":545,"61":545,"62":173,"63":173,"64":163,"65":163,"66":265,"67":265,"68":2,"69":2,"70":0,"71":2,"72":290,"73":0,"74":0,"75":0,"76":0,"77":0,"78":0,"79":0,"80":0,"81":0,"82":0,"83":0,"84":0,"85":0,"86":0,"87":0,"88":0,"89":0,"90":0,"91":0,"92":0,"93":0,"94":0,"95":0,"96":0,"97":0,"98":0,"99":0,"100":0,"101":0,"102":0,"103":0,"104":0,"105":0,"106":0,"107":0,"108":0,"109":0,"110":0,"111":0,"112":0,"113":0,"114":0,"115":0,"116":0,"117":0,"118":0,"119":0,"120":0,"121":0,"122":0,"123":0,"124":0,"125":0,"126":0,"127":0,"128":0,"129":13,"130":13,"131":0,"132":1},"f":{"0":1,"1":232,"2":0,"3":4,"4":2,"5":232,"6":1022,"7":163,"8":265,"9":290,"10":0,"11":0,"12":0,"13":0,"14":0,"15":0,"16":0,"17":0,"18":0,"19":0,"20":0,"21":0,"22":0,"23":0,"24":0,"25":13,"26":13,"27":0},"b":{"0":[1,1,1],"1":[0,1],"2":[1,1],"3":[121],"4":[232,227],"5":[232,227],"6":[0,232],"7":[232,0],"8":[232,232],"9":[0,232],"10":[232,232],"11":[0,232],"12":[232,232],"13":[2,0],"14":[718,304],"15":[304,718],"16":[545,173],"17":[173,0],"18":[150],"19":[0,2],"20":[0,0],"21":[0,0],"22":[0],"23":[0],"24":[0,0],"25":[0,0],"26":[0,0],"27":[0,0],"28":[0,0],"29":[0,0],"30":[0,0,0],"31":[0],"32":[0,0]},"inputSourceMap":{"version":3,"file":"ProjectManager.js","sourceRoot":"","sources":["ProjectManager.ts"],"names":[],"mappings":";;;;;AAAA,mCAAwC;AACxC,8CAAsB;AACtB,2BAA+E;AAC/E,+BAAgE;AAChE,iDAA8D;AAC9D,mCAA4B;AAC5B,uCAAsC;AACtC,6CAAsE;AACtE,iCAA8B;AAC9B,mDAA4C;AAC5C,yCAAoC;AAcpC,MAAa,cAAc;IA8B1B,YAAY,IAAY,EAAE,IAA0B,EAAE,SAAe,KAAK;QAzBlE,SAAI,GAA2B,EAAE,CAAA;QACjC,YAAO,GAAU,EAAE,CAAA;QAEnB,UAAK,GAA8B,EAAE,CAAA;QACrC,YAAO,GAAa,EAAE,CAAA;QAEtB,iBAAY,GAAmB,EAAE,CAAA;QAKjC,aAAQ,GAAmB,EAAE,CAAA;QAC7B,cAAS,GAAuB,EAAE,CAAA;QAClC,cAAS,GAA4C,EAAE,CAAA,CAAA,yBAAyB;QAIvE,iBAAY,GAA8B,EAAE,CAAA;QACrD,eAAU,GAAY,KAAK,CAAC;QAC5B,uBAAkB,GAAY,KAAK,CAAC;QAO3C,IAAI,CAAC,OAAO,GAAG,IAAI,CAAC,OAAO,IAAI,MAAM,CAAE;QACvC,IAAI,CAAC,UAAU,GAAG,IAAI,CAAC,OAAO,IAAI,MAAM,CAAE;QAC1C,IAAI,CAAC,GAAG,GAAG,IAAI,CAAA;QACf,IAAI,CAAC,YAAY,GAAG,IAAI,CAAC,YAAY,CAAA;QACrC,IAAI,CAAC,MAAM,GAAG,IAAI,CAAC,MAAM,CAAC;QAC1B,IAAI,CAAC,QAAQ,GAAG,IAAI,mBAAQ,CAAC,OAAO,CAAC,GAAG,EAAE,EAAE,IAAI,CAAC,MAAM,CAAE,CAAA;QACzD,WAAU,CAAC,cAAS,CAAC,IAAI,CAAC,CAAC,WAAW,EAAE,EAAE,iBAAiB,IAAI,uBAAuB,CAAC,CAAA;QACxF,IAAI,CAAC,IAAI,GAAG,IAAI,CAAC,OAAO,CAAA;QACvB,IAAI,CAAC,OAAO,GAAG,IAAI,qBAAW,CAAC,IAAI,EAAG,IAAI,EAAG,IAAI,EAAC,IAAI,CAAC,QAAQ,CAAC,CAAC;QACjE,IAAI,CAAC,IAAI,GAAG,IAAI,CAAC,OAAO,CAAC,OAAO,EAAE,CAAC;QACnC,IAAI,CAAC,IAAI,CAAC,SAAS,EAAE,CAAC;QAEtB,IAAI,CAAC,MAAM,GAAG,IAAI,CAAC,UAAU,CAAC,CAAC,CAAC,IAAI,CAAC,UAAU,CAAC,CAAC,CAAC,IAAI,CAAA;QAEtD,IAAI,IAAI,CAAC,MAAM,IAAI,IAAI,CAAC,YAAY,EAAE;YACrC,IAAI,CAAC,eAAU,CAAC,IAAI,CAAC,MAAM,CAAC,EAAE;gBAC7B,cAAS,CAAC,IAAI,CAAC,MAAM,CAAC,CAAA;aACtB;iBAAM;gBACN,WAAU,CAAC,CAAC,IAAI,CAAC,MAAM,IAAI,cAAS,CAAC,IAAI,CAAC,MAAM,CAAC,CAAC,WAAW,EAAE,EAAE,gBAAgB,IAAI,uBAAuB,CAAC,CAAA;aAC7G;SACD;QAED,IAAI,CAAC,kBAAkB,EAAE,CAAC;QAC1B,IAAI,IAAI,CAAC,YAAY,KAAK,UAAU,IAAI,IAAI,CAAC,MAAM,EAAE;YACpD,IAAI,CAAC,SAAS,CAAC,OAAO,CAAC,CAAC,CAAC,EAAE;gBAC1B,IAAI,GAAG,GAAG,CAAC,CAAC,gBAAgB,EAAE,CAAA;gBAC9B,IAAI,CAAC,YAAY,CAAC,GAAG,CAAC,YAAY,GAAG,IAAI,CAAC,MAAM,CAAC,GAAG,GAAG,CAAC,QAAQ,CAAC;YAClE,CAAC,CAAC,CAAA;SACF;IACF,CAAC;IAED,SAAS,CAAC,YAA8B;QACvC,IAAI,CAAC,SAAS,CAAC,YAAY,CAAC,WAAW,EAAE,CAAC,GAAG,YAAY,CAAC;IAC3D,CAAC;IAGD,aAAa,CAAC,GAAU;QACvB,KAAI,IAAI,CAAC,IAAI,IAAI,CAAC,SAAS,EAAE;YAC5B,IAAI,CAAC,KAAG,GAAG,EAAC;gBACX,OAAO,IAAI,CAAC,SAAS,CAAC,CAAC,CAAC,CAAA;aACxB;SACD;QACA,OAAO,IAAI,CAAA;IAEb,CAAC;IAEO,kBAAkB;QACzB,IAAI,CAAC,IAAI,CAAC,KAAK,CACd,IAAI,CAAC,EAAE;YACN,IAAI,CAAC,QAAQ,CAAC,IAAI,CAAC,IAAI,CAAC,CAAA;YACxB,IAAI,IAAI,YAAY,+BAAgB,EAAE;gBACrC,IAAI,CAAC,SAAS,CAAC,IAAI,CAAC,IAAI,CAAC,CAAA;aACzB;YAED,IAAI,IAAI,YAAY,WAAG,EAAE;gBACxB,IAAI,CAAC,OAAO,CAAC,IAAI,CAAC,IAAI,CAAC,CAAA;gBACvB,IAAI,CAAC,IAAI,CAAC,IAAI,CAAC,WAAW,EAAE,CAAC,GAAG,IAAI,CAAC;aACrC;iBAAM,IAAI,IAAI,YAAY,aAAM,EAAE;gBAClC,IAAI,CAAC,OAAO,CAAC,IAAI,CAAC,IAAI,CAAC,CAAA;gBACvB,IAAI,CAAC,KAAK,CAAC,IAAI,CAAC,WAAW,EAAE,CAAC,GAAG,IAAI,CAAC;aACtC;iBAAM,IAAI,IAAI,YAAY,2BAAW,EAAE;gBACvC,IAAI,CAAC,YAAY,CAAC,IAAI,CAAC,IAAI,CAAC,CAAA;aAC5B;QACF,CAAC,CAAC,CAAA;IACJ,CAAC;IAED,aAAa,CAAC,IAA8B,EAAC,SAAc,aAAa;QACvE,IAAI,IAAW,CAAA;QACf,IAAI;YACH,IAAI,CAAC,OAAO,CAAC,OAAO,CAAC,CAAC,CAAC,EAAE;gBACxB,IAAI,GAAG,CAAC,CAAC,WAAW,EAAE,CAAA;gBACtB,+EAA+E;gBAC/E,IAAI,CAAC,CAAC,CAAC,CAAA;YACR,CAAC,CAAC,CAAA;SACF;QAAC,OAAO,CAAC,EAAE;YAEX,OAAO,CAAC,GAAG,CAAC,uDAAuD,IAAI,aAAa,MAAM,EAAE,CAAC,CAAA;YAC7F,IAAK,CAAC,IAAI,CAAC,IAAI,EAAC;gBACf,MAAM,CAAC,CAAC;aACR;YACA,MAAM,CAAC,CAAC;SAET;IACF,CAAC;IAED,KAAK,CAAC,IAAY;QACjB,OAAO,IAAI,CAAC,KAAK,CAAC,IAAI,CAAC,CAAA;IACxB,CAAC;IAAA,CAAC;IACH,MAAM;QACL,IAAI,CAAC,QAAQ,CAAC,QAAQ,EAAE,CAAA;IACzB,CAAC;IACO,QAAQ;QAEd,IAAI,IAAI,CAAC,YAAY,KAAK,UAAU,EAAE;YACrC,IAAI,CAAC,YAAY,EAAE,CAAA;SACnB;aAAM,IAAI,IAAI,CAAC,YAAY,KAAK,MAAM,EAAE;YACxC,IAAI,CAAC,OAAO,EAAE,CAAA;SACd;aAAM;YACN,MAAM,IAAI,KAAK,CAAC,uBAAuB,CAAC,CAAA;SACxC;IAEF,CAAC;IAGO,YAAY;QAEnB,gBAAgB;QAChB,qDAAqD;QACrD,2EAA2E;QAC3E,+CAA+C;QAC/C,2DAA2D;QAC3D,2DAA2D;QAC3D,EAAE;QACF,uDAAuD;QACvD,UAAU;QACV,eAAe;QACf,KAAK,IAAI,QAAQ,IAAI,IAAI,CAAC,YAAY,EAAE;YACvC,IAAI,IAAI,GAAG,IAAI,CAAC,YAAY,CAAC,QAAQ,CAAC,CAAA;YACtC,kBAAa,CAAC,WAAI,CAAC,IAAI,CAAC,IAAI,CAAC,WAAW,EAAE,EAAE,QAAQ,CAAC,EAAE,IAAI,CAAC,CAAA;SAC5D;QAED,IAAI,CAAC,SAAS,EAAE,CAAA;QAChB,IAAI,CAAC,QAAQ,EAAE,CAAA;QACf,uBAAuB;IACxB,CAAC;IAEO,SAAS,CAAC,WAAmB,IAAI,CAAC,IAAI,CAAC,WAAW,EAAE;QAC3D,IAAI,eAAe,GAAG,CAAC,IAAI,EAAE,EAAE,CAAC,eAAU,CAAC,IAAI;QAC9C,mBAAmB;QACnB,iBAAiB;QACjB,0DAA0D;QAC1D,QAAQ;QACR,IAAI;SACJ,CAAC;QACF,IAAI,CAAC,SAAS,CAAC,OAAO,CAAC,CAAC,IAAsB,EAAE,EAAE;YACjD,sCAAsC;YACtC,eAAU,CAAC,WAAI,CAAC,QAAQ,EAAE,IAAI,CAAC,WAAW,EAAE,CAAC,CAAC,CAAA;QAC/C,CAAC,CAAC,CAAA;QAEF,uDAAuD;QACvD,iEAAiE;QACjE,2BAA2B;QAC3B,MAAM;IACP,CAAC;IAGO,QAAQ,CAAC,WAAmB,IAAI,CAAC,IAAI,CAAC,WAAW,EAAE;QAC1D,IAAI,CAAC,SAAS,CAAC,OAAO,CAAC,IAAI,CAAC,EAAE;YAC7B,IAAI,UAA4B,CAAA;YAEhC,UAAU,GAAG,IAAI,CAAC,gBAAgB,EAAE,CAAC;YAGrC,IAAI;gBACH,wBAAwB;gBACxB,kBAAa,CAAC,WAAI,CAAC,QAAQ,EAAE,UAAU,CAAC,YAAY,CAAC,EAAE,UAAU,CAAC,QAAQ,CAAC,CAAA;aAC3E;YAAC,OAAO,EAAE,EAAE;gBACZ,OAAO,CAAC,GAAG,CAAC,aAAa,QAAQ,EAAE,CAAC,CAAA;gBACpC,OAAO,CAAC,GAAG,CAAC,sBAAsB,IAAI,CAAC,WAAW,EAAE,EAAE,CAAC,CAAA;gBACvD,OAAO,CAAC,GAAG,CAAC,sBAAsB,IAAI,CAAC,WAAW,EAAE,EAAE,CAAC,CAAA;gBACvD,OAAO,CAAC,GAAG,CAAC,gBAAgB,IAAI,CAAC,gBAAgB,EAAE,CAAC,QAAQ,EAAE,CAAC,CAAA;gBAE/D,OAAO,CAAC,GAAG,CAAC,eAAe,EAAE,EAAE,CAAC,CAAA;aAChC;QAEF,CAAC,CAAC,CAAA;QACF,+EAA+E;QAE/E,KAAK,IAAI,QAAQ,IAAI,IAAI,CAAC,SAAS,EAAE;YACpC,IAAI,UAAU,GAAqB,IAAI,CAAC,SAAS,CAAC,QAAQ,CAAC,CAAC,gBAAgB,EAAE,CAAA;YAC9E,IAAI,IAAI,GAAG,WAAI,CAAC,QAAQ,EAAE,UAAU,CAAC,YAAY,CAAC,CAAA;YAClD,gEAAgE;YAChE,4CAA4C;YAC5C,uCAAuC;YAEvC,kBAAa,CAAC,IAAI,EAAE,UAAU,CAAC,QAAQ,CAAC,CAAA;YACxC,mBAAmB;YACnB,iBAAiB;YACjB,gDAAgD;YAChD,qBAAqB;YACrB,QAAQ;YACR,IAAI;YAGJ,KAAK;YAEL,kEAAkE;YAClE,+EAA+E;SAC/E;IACF,CAAC;IAED,EAAE;IACF,iEAAiE;IACjE,2DAA2D;IAC3D,qEAAqE;IACrE,0EAA0E;IAC1E,kCAAkC;IAClC,gDAAgD;IAChD,YAAY;IACZ,uFAAuF;IACvF,SAAS;IACT,6CAA6C;IAC7C,8CAA8C;IAC9C,qEAAqE;IACrE,0EAA0E;IAC1E,uFAAuF;IACvF,EAAE;IACF,QAAQ;IACR,IAAI;IAEI,OAAO;QAEd,oDAAoD;QACpD,6CAA6C;QAC7C,4CAA4C;QAC5C,KAAK;QACL,cAAc;QAEd,KAAK;QACL,IAAI,GAAG,GAAG,IAAI,CAAC,GAAG,CAAA;QAClB,IAAI,OAAO,GAAG,IAAI,CAAC,MAAM,CAAA;QACzB,IAAI,GAAG,GAAG,OAAO,CAAC,KAAK,CAAC,CAAA;QACxB,IAAI,CAAC,IAAI,CAAC,MAAM,CAAC,IAAI,CAAC,MAAM,CAAC,CAAA;QAC7B,+BAA+B;QAC/B,wBAAwB;QACxB,0BAA0B;QAC1B,EAAE;QACF,EAAE;QACF,gCAAgC;QAChC,QAAQ;QACR,kBAAkB;QAClB,6BAA6B;QAC7B,gBAAgB;QAChB,2BAA2B;QAC3B,oCAAoC;QAEpC,EAAE;QACF,aAAG,CAAC,IAAI,CAAC,GAAG,EAAE,IAAI,CAAC,MAAM,EAAE;YAC1B,OAAO,EAAE,KAAK,EAAE,MAAM,EAAE,OAAO;YAC/B,wBAAwB;YACxB,kDAAkD;YAClD,iCAAiC;YACjC,0CAA0C;YAC1C,wBAAwB;YACxB,qDAAqD;YACrD,EAAE;YACF,wBAAwB;YACxB,QAAQ;YACR,EAAE;YACF,iDAAiD;YACjD,2BAA2B;YAC3B,WAAW;YACX,kCAAkC;YAClC,EAAE;YACF,6BAA6B;YAC7B,+BAA+B;YAC/B,sDAAsD;YACtD,EAAE;YACF,iCAAiC;YACjC,IAAI;SACJ,EAAE,GAAG,EAAE;YAEP,IAAI,CAAC,QAAQ,CAAC,OAAO,CAAC,CAAA;YACtB,uBAAuB;QACxB,CAAC,CAAC,CAAA;QACF,IAAI,UAAU,GAAG,IAAI,CAAC,UAAU,CAAC;QACjC,IAAI,cAAc,GAAG,IAAI,CAAC,kBAAkB,CAAA;QAE5C,SAAS,OAAO,CAAC,QAAQ;YACxB,IAAI,aAAa,GAAG,eAAQ,CAAC,GAAG,EAAE,QAAQ,CAAC,CAAA;YAC3C,IAAI,cAAO,CAAC,QAAQ,CAAC,KAAK,MAAM,IAAI,UAAU,EAAE;gBAC/C,OAAO,KAAK,CAAC;aACb;iBAAM,IAAI,aAAa,CAAC,UAAU,CAAC,MAAM,CAAC,IAAI,UAAU,EAAE;gBAE1D,OAAO,KAAK,CAAC;aACb;iBAAM,IAAI,aAAa,CAAC,UAAU,CAAC,cAAc,CAAC,IAAI,cAAc,EAAE;gBACtE,OAAO,KAAK,CAAC;aACb;YAED,8CAA8C;YAC9C,0CAA0C;YAC1C,oBAAoB;YACpB,IAAI;YACJ,IAAI,GAAG,GAAG,cAAO,CAAC,QAAQ,CAAC,CAAA;YAE3B,IAAI,EAAE,GAAG,GAAG,KAAK,KAAK,CAAA;YACtB,IAAI,GAAG,GAAG,GAAG,KAAK,MAAM,CAAA;YACxB,IAAI,GAAG,GAAG,eAAQ,CAAC,QAAQ,CAAC,KAAK,cAAc,CAAA;YAE/C,OAAO,CAAC,CAAC,GAAG,IAAI,EAAE,IAAI,GAAG,CAAC,CAAA;QAC3B,CAAC;IAEF,CAAC;IAED,UAAU,CAAC,gBAAgB,GAAG,IAAI;QACjC,IAAI,MAAM,GAAuB,EAAE,CAAC;QACpC,IAAI,CAAC,SAAS,CAAC,OAAO,CAAC,CAAC,CAAC,EAAE,CAAC,MAAM,CAAC,IAAI,CAAC,CAAC,CAAC,CAAC,CAAA;QAC3C,KAAK,IAAI,KAAK,IAAI,IAAI,CAAC,SAAS,EAAE;YACjC,MAAM,CAAC,IAAI,CAAC,IAAI,CAAC,SAAS,CAAC,KAAK,CAAC,CAAC,CAAA;SAClC;QACD,OAAO,MAAM,CAAC,MAAM,CAAC,CAAC,CAAC,EAAE,CAAC,CAAC,CAAC,CAAC,OAAO,EAAE,KAAK,qBAAQ,CAAC,EAAE,IAAI,CAAC,CAAC,OAAO,EAAE,KAAK,qBAAQ,CAAC,GAAG,CAAC,CAAC,CAAC,IAAI,CAC5F,CAAC,CAAC,EAAE,CAAC,EAAE,EAAE,CAAC,CAAC,CAAC,WAAW,EAAE,CAAC,aAAa,CAAC,CAAC,CAAC,WAAW,EAAE,CAAC,CAAC,CAAA;IAC3D,CAAC;IAGF,oCAAoC;IACnC,MAAM;IACN,kFAAkF;IAClF,mFAAmF;IACnF,MAAM;IACN,6EAA6E;IAC7E,+DAA+D;IAC/D,8BAA8B;IAC9B,IAAI;IAEJ,EAAE;IACF,MAAM;IACN,0EAA0E;IAC1E,MAAM;IACN,uBAAuB;IACvB,2CAA2C;IAC3C,iCAAiC;IACjC,SAAS;IACT,IAAI;IAEJ,cAAc,CAAC,GAA0B;QACxC,IAAI,CAAC,YAAY,CAAC,OAAO,CAAC,CAAC,CAAC,EAAE;YAC7B,GAAG,CAAC,CAAC,CAAC,CAAA;QACP,CAAC,CAAC,CAAA;IACH,CAAC;IAED,UAAU;QACX,OAAO,IAAI,CAAC,UAAU,CAAC;IACtB,CAAC;CACD;AA7WD,wCA6WC"},"_coverageSchema":"1a1c01bbd47fc00a2c39e90264f33305004495a9","hash":"9c97df5b9e68c65d973b9621f79c7ec5ea116b01"},"/Users/sam/Dropbox/Spring_20/research_proj/CJS_Transform/src/abstract_fs_v2/Abstractions.js":{"path":"/Users/sam/Dropbox/Spring_20/research_proj/CJS_Transform/src/abstract_fs_v2/Abstractions.js","statementMap":{"0":{"start":{"line":1,"column":0},"end":{"line":1,"column":62}},"1":{"start":{"line":2,"column":0},"end":{"line":2,"column":57}},"2":{"start":{"line":3,"column":13},"end":{"line":3,"column":26}},"3":{"start":{"line":6,"column":8},"end":{"line":6,"column":29}},"4":{"start":{"line":7,"column":8},"end":{"line":7,"column":27}},"5":{"start":{"line":8,"column":8},"end":{"line":8,"column":29}},"6":{"start":{"line":9,"column":8},"end":{"line":9,"column":29}},"7":{"start":{"line":10,"column":8},"end":{"line":10,"column":33}},"8":{"start":{"line":11,"column":8},"end":{"line":11,"column":35}},"9":{"start":{"line":12,"column":8},"end":{"line":12,"column":37}},"10":{"start":{"line":13,"column":8},"end":{"line":13,"column":47}},"11":{"start":{"line":14,"column":8},"end":{"line":14,"column":41}},"12":{"start":{"line":15,"column":8},"end":{"line":15,"column":46}},"13":{"start":{"line":18,"column":8},"end":{"line":18,"column":33}},"14":{"start":{"line":21,"column":8},"end":{"line":21,"column":29}},"15":{"start":{"line":24,"column":8},"end":{"line":24,"column":25}},"16":{"start":{"line":27,"column":8},"end":{"line":27,"column":25}},"17":{"start":{"line":30,"column":8},"end":{"line":30,"column":24}},"18":{"start":{"line":33,"column":8},"end":{"line":33,"column":50}},"19":{"start":{"line":36,"column":8},"end":{"line":36,"column":29}},"20":{"start":{"line":39,"column":8},"end":{"line":39,"column":34}},"21":{"start":{"line":42,"column":8},"end":{"line":42,"column":22}},"22":{"start":{"line":45,"column":0},"end":{"line":45,"column":36}},"23":{"start":{"line":48,"column":8},"end":{"line":48,"column":39}},"24":{"start":{"line":49,"column":8},"end":{"line":54,"column":9}},"25":{"start":{"line":50,"column":12},"end":{"line":50,"column":29}},"26":{"start":{"line":53,"column":12},"end":{"line":53,"column":66}},"27":{"start":{"line":57,"column":0},"end":{"line":57,"column":44}},"28":{"start":{"line":59,"column":4},"end":{"line":61,"column":5}},"29":{"start":{"line":60,"column":8},"end":{"line":60,"column":20}},"30":{"start":{"line":62,"column":21},"end":{"line":62,"column":30}},"31":{"start":{"line":62,"column":27},"end":{"line":62,"column":30}},"32":{"start":{"line":63,"column":4},"end":{"line":63,"column":40}},"33":{"start":{"line":64,"column":4},"end":{"line":64,"column":21}}},"fnMap":{"0":{"name":"(anonymous_0)","decl":{"start":{"line":5,"column":4},"end":{"line":5,"column":5}},"loc":{"start":{"line":5,"column":43},"end":{"line":16,"column":5}},"line":5},"1":{"name":"(anonymous_1)","decl":{"start":{"line":17,"column":4},"end":{"line":17,"column":5}},"loc":{"start":{"line":17,"column":26},"end":{"line":19,"column":5}},"line":17},"2":{"name":"(anonymous_2)","decl":{"start":{"line":20,"column":4},"end":{"line":20,"column":5}},"loc":{"start":{"line":20,"column":18},"end":{"line":22,"column":5}},"line":20},"3":{"name":"(anonymous_3)","decl":{"start":{"line":23,"column":4},"end":{"line":23,"column":5}},"loc":{"start":{"line":23,"column":14},"end":{"line":25,"column":5}},"line":23},"4":{"name":"(anonymous_4)","decl":{"start":{"line":26,"column":4},"end":{"line":26,"column":5}},"loc":{"start":{"line":26,"column":15},"end":{"line":28,"column":5}},"line":26},"5":{"name":"(anonymous_5)","decl":{"start":{"line":29,"column":4},"end":{"line":29,"column":5}},"loc":{"start":{"line":29,"column":13},"end":{"line":31,"column":5}},"line":29},"6":{"name":"(anonymous_6)","decl":{"start":{"line":32,"column":4},"end":{"line":32,"column":5}},"loc":{"start":{"line":32,"column":16},"end":{"line":34,"column":5}},"line":32},"7":{"name":"(anonymous_7)","decl":{"start":{"line":35,"column":4},"end":{"line":35,"column":5}},"loc":{"start":{"line":35,"column":18},"end":{"line":37,"column":5}},"line":35},"8":{"name":"(anonymous_8)","decl":{"start":{"line":38,"column":4},"end":{"line":38,"column":5}},"loc":{"start":{"line":38,"column":18},"end":{"line":40,"column":5}},"line":38},"9":{"name":"(anonymous_9)","decl":{"start":{"line":41,"column":4},"end":{"line":41,"column":5}},"loc":{"start":{"line":41,"column":19},"end":{"line":43,"column":5}},"line":41},"10":{"name":"(anonymous_10)","decl":{"start":{"line":47,"column":4},"end":{"line":47,"column":5}},"loc":{"start":{"line":47,"column":44},"end":{"line":55,"column":5}},"line":47},"11":{"name":"createGetParent","decl":{"start":{"line":58,"column":9},"end":{"line":58,"column":24}},"loc":{"start":{"line":58,"column":30},"end":{"line":65,"column":1}},"line":58},"12":{"name":"(anonymous_12)","decl":{"start":{"line":62,"column":21},"end":{"line":62,"column":22}},"loc":{"start":{"line":62,"column":27},"end":{"line":62,"column":30}},"line":62}},"branchMap":{"0":{"loc":{"start":{"line":33,"column":15},"end":{"line":33,"column":49}},"type":"cond-expr","locations":[{"start":{"line":33,"column":29},"end":{"line":33,"column":33}},{"start":{"line":33,"column":36},"end":{"line":33,"column":49}}],"line":33},"1":{"loc":{"start":{"line":47,"column":33},"end":{"line":47,"column":42}},"type":"default-arg","locations":[{"start":{"line":47,"column":40},"end":{"line":47,"column":42}}],"line":47},"2":{"loc":{"start":{"line":49,"column":8},"end":{"line":54,"column":9}},"type":"if","locations":[{"start":{"line":49,"column":8},"end":{"line":54,"column":9}},{"start":{"line":49,"column":8},"end":{"line":54,"column":9}}],"line":49},"3":{"loc":{"start":{"line":59,"column":4},"end":{"line":61,"column":5}},"type":"if","locations":[{"start":{"line":59,"column":4},"end":{"line":61,"column":5}},{"start":{"line":59,"column":4},"end":{"line":61,"column":5}}],"line":59}},"s":{"0":1,"1":1,"2":1,"3":1026,"4":1026,"5":1026,"6":1026,"7":1026,"8":1026,"9":1026,"10":1026,"11":1026,"12":1026,"13":1022,"14":50,"15":0,"16":0,"17":0,"18":150,"19":691,"20":3865,"21":718,"22":1,"23":722,"24":722,"25":4,"26":718,"27":1,"28":1026,"29":232,"30":794,"31":340,"32":794,"33":794},"f":{"0":1026,"1":1022,"2":50,"3":0,"4":0,"5":0,"6":150,"7":691,"8":3865,"9":718,"10":722,"11":1026,"12":340},"b":{"0":[0,150],"1":[173],"2":[4,718],"3":[232,794]},"inputSourceMap":{"version":3,"file":"Abstractions.js","sourceRoot":"","sources":["Abstractions.ts"],"names":[],"mappings":";;AAEA,2BAAuC;AAGvC,MAAsB,YAAY;IAG9B,YAAsB,IAAY,EAAE,GAAa,EAAE,MAAW,EAAE,MAAc;QAE1E,IAAI,CAAC,MAAM,GAAG,MAAM,CAAC;QACrB,IAAI,CAAC,GAAG,GAAG,GAAG,CAAC,GAAG,CAAA;QAClB,IAAI,CAAC,IAAI,GAAG,GAAG,CAAC,IAAI,CAAA;QACpB,IAAI,CAAC,IAAI,GAAG,GAAG,CAAC,IAAI,CAAA;QAEpB,IAAI,CAAC,MAAM,GAAG,GAAG,CAAC,MAAM,CAAA;QACxB,IAAI,CAAC,OAAO,GAAG,GAAG,CAAC,OAAO,CAAA;QAE1B,IAAI,CAAC,QAAQ,GAAG,GAAG,CAAC,QAAQ,CAAA;QAC5B,IAAI,CAAC,aAAa,GAAG,GAAG,CAAC,aAAa,CAAA;QACtC,IAAI,CAAC,UAAU,GAAG,GAAG,CAAC,UAAU,CAAC;QACjC,IAAI,CAAC,MAAM,GAAG,eAAe,CAAC,MAAM,CAAC,CAAA;IAEzC,CAAC;IAeD,WAAW,CAAC,QAAiB;QACzB,IAAI,CAAC,QAAQ,GAAG,QAAQ,CAAA;IAC5B,CAAC;IACD,WAAW;QACP,OAAO,IAAI,CAAC,QAAQ,CAAA;IACxB,CAAC;IACD,OAAO;QACH,OAAO,IAAI,CAAC,IAAI,CAAA;IACpB,CAAC;IAED,QAAQ;QACJ,OAAO,IAAI,CAAC,IAAI,CAAA;IACpB,CAAC;IAED,MAAM;QACF,OAAO,IAAI,CAAC,GAAG,CAAA;IACnB,CAAC;IAED,SAAS;QACL,OAAO,IAAI,CAAC,MAAM,CAAC,CAAC,CAAC,IAAI,CAAC,CAAC,CAAC,IAAI,CAAC,MAAM,EAAE,CAAA;IAC7C,CAAC;IAED,WAAW;QACP,OAAO,IAAI,CAAC,QAAQ,CAAA;IACxB,CAAC;IAED,WAAW;QACP,OAAO,IAAI,CAAC,aAAa,CAAC;IAC9B,CAAC;IAED,KAAK,CAAC,OAAoB;QACtB,OAAO,CAAC,IAAI,CAAC,CAAA;IACjB,CAAC;CAGJ;AApED,oCAoEC;AAED,MAAsB,gBAAiB,SAAQ,YAAY;IAGvD,YAAsB,IAAY,EAAE,CAAW,EAAE,MAAW,EAAE,OAAe,EAAE;QAC3E,KAAK,CAAC,IAAI,EAAE,CAAC,EAAE,MAAM,EAAE,CAAC,CAAC,IAAI,CAAC,CAAC;QAC/B,IAAI,IAAI,EAAE;YACN,IAAI,CAAC,IAAI,GAAG,IAAI,CAAC;SACpB;aAAM;YACH,IAAI,CAAC,IAAI,GAAG,iBAAY,CAAC,IAAI,CAAC,QAAQ,EAAE,OAAO,CAAC,CAAA;SACnD;IACL,CAAC;CAGJ;AAbD,4CAaC;AAGD,SAAS,eAAe,CAAC,GAAQ;IAC7B,IAAI,CAAC,GAAG,EAAE;QACN,OAAO,IAAI,CAAC;KACf;IACD,IAAI,SAAS,GAAG,CAAC,GAAG,EAAE,CAAC,GAAG,CAAgB,CAAA;IAC1C,SAAS,CAAC,KAAK,GAAG,GAAG,CAAC,WAAW,EAAE,CAAC;IACpC,OAAO,SAAS,CAAA;AACpB,CAAC"},"_coverageSchema":"1a1c01bbd47fc00a2c39e90264f33305004495a9","hash":"a8d99784028d269cadce8792efcf39da22149ef2"},"/Users/sam/Dropbox/Spring_20/research_proj/CJS_Transform/src/abstract_fs_v2/Dirv2.js":{"path":"/Users/sam/Dropbox/Spring_20/research_proj/CJS_Transform/src/abstract_fs_v2/Dirv2.js","statementMap":{"0":{"start":{"line":1,"column":0},"end":{"line":1,"column":62}},"1":{"start":{"line":2,"column":0},"end":{"line":2,"column":21}},"2":{"start":{"line":3,"column":13},"end":{"line":3,"column":26}},"3":{"start":{"line":4,"column":15},"end":{"line":4,"column":30}},"4":{"start":{"line":5,"column":23},"end":{"line":5,"column":48}},"5":{"start":{"line":8,"column":8},"end":{"line":8,"column":39}},"6":{"start":{"line":9,"column":8},"end":{"line":9,"column":28}},"7":{"start":{"line":10,"column":8},"end":{"line":10,"column":27}},"8":{"start":{"line":11,"column":8},"end":{"line":11,"column":25}},"9":{"start":{"line":12,"column":8},"end":{"line":12,"column":37}},"10":{"start":{"line":12,"column":29},"end":{"line":12,"column":36}},"11":{"start":{"line":13,"column":8},"end":{"line":13,"column":61}},"12":{"start":{"line":14,"column":22},"end":{"line":14,"column":24}},"13":{"start":{"line":15,"column":22},"end":{"line":15,"column":24}},"14":{"start":{"line":16,"column":16},"end":{"line":16,"column":18}},"15":{"start":{"line":17,"column":8},"end":{"line":32,"column":11}},"16":{"start":{"line":18,"column":12},"end":{"line":28,"column":15}},"17":{"start":{"line":19,"column":26},"end":{"line":19,"column":89}},"18":{"start":{"line":20,"column":16},"end":{"line":26,"column":17}},"19":{"start":{"line":21,"column":20},"end":{"line":21,"column":33}},"20":{"start":{"line":22,"column":20},"end":{"line":22,"column":36}},"21":{"start":{"line":25,"column":20},"end":{"line":25,"column":33}},"22":{"start":{"line":27,"column":16},"end":{"line":27,"column":32}},"23":{"start":{"line":33,"column":8},"end":{"line":33,"column":37}},"24":{"start":{"line":34,"column":8},"end":{"line":34,"column":25}},"25":{"start":{"line":37,"column":8},"end":{"line":37,"column":34}},"26":{"start":{"line":41,"column":8},"end":{"line":41,"column":34}},"27":{"start":{"line":44,"column":8},"end":{"line":44,"column":27}},"28":{"start":{"line":47,"column":8},"end":{"line":47,"column":25}},"29":{"start":{"line":50,"column":8},"end":{"line":50,"column":22}},"30":{"start":{"line":51,"column":8},"end":{"line":51,"column":53}},"31":{"start":{"line":51,"column":35},"end":{"line":51,"column":51}},"32":{"start":{"line":54,"column":26},"end":{"line":54,"column":61}},"33":{"start":{"line":55,"column":8},"end":{"line":58,"column":9}},"34":{"start":{"line":56,"column":12},"end":{"line":56,"column":31}},"35":{"start":{"line":57,"column":12},"end":{"line":57,"column":19}},"36":{"start":{"line":59,"column":8},"end":{"line":67,"column":11}},"37":{"start":{"line":61,"column":24},"end":{"line":62,"column":64}},"38":{"start":{"line":63,"column":12},"end":{"line":66,"column":13}},"39":{"start":{"line":64,"column":16},"end":{"line":64,"column":72}},"40":{"start":{"line":65,"column":16},"end":{"line":65,"column":34}},"41":{"start":{"line":70,"column":8},"end":{"line":70,"column":35}},"42":{"start":{"line":73,"column":8},"end":{"line":81,"column":9}},"43":{"start":{"line":74,"column":12},"end":{"line":74,"column":32}},"44":{"start":{"line":76,"column":13},"end":{"line":81,"column":9}},"45":{"start":{"line":77,"column":12},"end":{"line":77,"column":54}},"46":{"start":{"line":80,"column":12},"end":{"line":80,"column":50}},"47":{"start":{"line":84,"column":18},"end":{"line":84,"column":67}},"48":{"start":{"line":85,"column":8},"end":{"line":85,"column":27}},"49":{"start":{"line":86,"column":8},"end":{"line":86,"column":33}},"50":{"start":{"line":89,"column":23},"end":{"line":89,"column":58}},"51":{"start":{"line":90,"column":8},"end":{"line":96,"column":9}},"52":{"start":{"line":93,"column":16},"end":{"line":93,"column":23}},"53":{"start":{"line":95,"column":16},"end":{"line":95,"column":22}},"54":{"start":{"line":97,"column":26},"end":{"line":101,"column":24}},"55":{"start":{"line":99,"column":12},"end":{"line":99,"column":36}},"56":{"start":{"line":101,"column":22},"end":{"line":101,"column":23}},"57":{"start":{"line":102,"column":23},"end":{"line":102,"column":66}},"58":{"start":{"line":103,"column":8},"end":{"line":108,"column":9}},"59":{"start":{"line":104,"column":12},"end":{"line":104,"column":59}},"60":{"start":{"line":104,"column":37},"end":{"line":104,"column":57}},"61":{"start":{"line":107,"column":12},"end":{"line":107,"column":58}},"62":{"start":{"line":135,"column":8},"end":{"line":140,"column":9}},"63":{"start":{"line":136,"column":12},"end":{"line":136,"column":53}},"64":{"start":{"line":139,"column":12},"end":{"line":139,"column":42}},"65":{"start":{"line":143,"column":8},"end":{"line":143,"column":40}},"66":{"start":{"line":146,"column":8},"end":{"line":146,"column":43}},"67":{"start":{"line":149,"column":0},"end":{"line":149,"column":18}}},"fnMap":{"0":{"name":"(anonymous_0)","decl":{"start":{"line":7,"column":4},"end":{"line":7,"column":5}},"loc":{"start":{"line":7,"column":60},"end":{"line":35,"column":5}},"line":7},"1":{"name":"(anonymous_1)","decl":{"start":{"line":12,"column":23},"end":{"line":12,"column":24}},"loc":{"start":{"line":12,"column":29},"end":{"line":12,"column":36}},"line":12},"2":{"name":"(anonymous_2)","decl":{"start":{"line":17,"column":35},"end":{"line":17,"column":36}},"loc":{"start":{"line":17,"column":46},"end":{"line":32,"column":9}},"line":17},"3":{"name":"(anonymous_3)","decl":{"start":{"line":18,"column":28},"end":{"line":18,"column":29}},"loc":{"start":{"line":18,"column":36},"end":{"line":28,"column":13}},"line":18},"4":{"name":"(anonymous_4)","decl":{"start":{"line":36,"column":4},"end":{"line":36,"column":5}},"loc":{"start":{"line":36,"column":25},"end":{"line":38,"column":5}},"line":36},"5":{"name":"(anonymous_5)","decl":{"start":{"line":40,"column":4},"end":{"line":40,"column":5}},"loc":{"start":{"line":40,"column":20},"end":{"line":42,"column":5}},"line":40},"6":{"name":"(anonymous_6)","decl":{"start":{"line":43,"column":4},"end":{"line":43,"column":5}},"loc":{"start":{"line":43,"column":16},"end":{"line":45,"column":5}},"line":43},"7":{"name":"(anonymous_7)","decl":{"start":{"line":46,"column":4},"end":{"line":46,"column":5}},"loc":{"start":{"line":46,"column":21},"end":{"line":48,"column":5}},"line":46},"8":{"name":"(anonymous_8)","decl":{"start":{"line":49,"column":4},"end":{"line":49,"column":5}},"loc":{"start":{"line":49,"column":19},"end":{"line":52,"column":5}},"line":49},"9":{"name":"(anonymous_9)","decl":{"start":{"line":51,"column":30},"end":{"line":51,"column":31}},"loc":{"start":{"line":51,"column":35},"end":{"line":51,"column":51}},"line":51},"10":{"name":"(anonymous_10)","decl":{"start":{"line":53,"column":4},"end":{"line":53,"column":5}},"loc":{"start":{"line":53,"column":16},"end":{"line":68,"column":5}},"line":53},"11":{"name":"(anonymous_11)","decl":{"start":{"line":60,"column":21},"end":{"line":60,"column":22}},"loc":{"start":{"line":60,"column":26},"end":{"line":67,"column":9}},"line":60},"12":{"name":"(anonymous_12)","decl":{"start":{"line":69,"column":4},"end":{"line":69,"column":5}},"loc":{"start":{"line":69,"column":32},"end":{"line":71,"column":5}},"line":69},"13":{"name":"(anonymous_13)","decl":{"start":{"line":72,"column":4},"end":{"line":72,"column":5}},"loc":{"start":{"line":72,"column":21},"end":{"line":82,"column":5}},"line":72},"14":{"name":"(anonymous_14)","decl":{"start":{"line":83,"column":4},"end":{"line":83,"column":5}},"loc":{"start":{"line":83,"column":24},"end":{"line":87,"column":5}},"line":83},"15":{"name":"(anonymous_15)","decl":{"start":{"line":88,"column":4},"end":{"line":88,"column":5}},"loc":{"start":{"line":88,"column":23},"end":{"line":126,"column":5}},"line":88},"16":{"name":"(anonymous_16)","decl":{"start":{"line":98,"column":20},"end":{"line":98,"column":21}},"loc":{"start":{"line":98,"column":25},"end":{"line":100,"column":9}},"line":98},"17":{"name":"(anonymous_17)","decl":{"start":{"line":101,"column":17},"end":{"line":101,"column":18}},"loc":{"start":{"line":101,"column":22},"end":{"line":101,"column":23}},"line":101},"18":{"name":"(anonymous_18)","decl":{"start":{"line":104,"column":32},"end":{"line":104,"column":33}},"loc":{"start":{"line":104,"column":37},"end":{"line":104,"column":57}},"line":104},"19":{"name":"(anonymous_19)","decl":{"start":{"line":134,"column":4},"end":{"line":134,"column":5}},"loc":{"start":{"line":134,"column":33},"end":{"line":141,"column":5}},"line":134},"20":{"name":"(anonymous_20)","decl":{"start":{"line":142,"column":4},"end":{"line":142,"column":5}},"loc":{"start":{"line":142,"column":14},"end":{"line":144,"column":5}},"line":142},"21":{"name":"(anonymous_21)","decl":{"start":{"line":145,"column":4},"end":{"line":145,"column":5}},"loc":{"start":{"line":145,"column":17},"end":{"line":147,"column":5}},"line":145}},"branchMap":{"0":{"loc":{"start":{"line":7,"column":46},"end":{"line":7,"column":58}},"type":"default-arg","locations":[{"start":{"line":7,"column":56},"end":{"line":7,"column":58}}],"line":7},"1":{"loc":{"start":{"line":20,"column":16},"end":{"line":26,"column":17}},"type":"if","locations":[{"start":{"line":20,"column":16},"end":{"line":26,"column":17}},{"start":{"line":20,"column":16},"end":{"line":26,"column":17}}],"line":20},"2":{"loc":{"start":{"line":55,"column":8},"end":{"line":58,"column":9}},"type":"if","locations":[{"start":{"line":55,"column":8},"end":{"line":58,"column":9}},{"start":{"line":55,"column":8},"end":{"line":58,"column":9}}],"line":55},"3":{"loc":{"start":{"line":55,"column":12},"end":{"line":55,"column":68}},"type":"binary-expr","locations":[{"start":{"line":55,"column":12},"end":{"line":55,"column":34}},{"start":{"line":55,"column":38},"end":{"line":55,"column":68}}],"line":55},"4":{"loc":{"start":{"line":63,"column":12},"end":{"line":66,"column":13}},"type":"if","locations":[{"start":{"line":63,"column":12},"end":{"line":66,"column":13}},{"start":{"line":63,"column":12},"end":{"line":66,"column":13}}],"line":63},"5":{"loc":{"start":{"line":63,"column":16},"end":{"line":63,"column":45}},"type":"binary-expr","locations":[{"start":{"line":63,"column":16},"end":{"line":63,"column":21}},{"start":{"line":63,"column":25},"end":{"line":63,"column":45}}],"line":63},"6":{"loc":{"start":{"line":73,"column":8},"end":{"line":81,"column":9}},"type":"if","locations":[{"start":{"line":73,"column":8},"end":{"line":81,"column":9}},{"start":{"line":73,"column":8},"end":{"line":81,"column":9}}],"line":73},"7":{"loc":{"start":{"line":76,"column":13},"end":{"line":81,"column":9}},"type":"if","locations":[{"start":{"line":76,"column":13},"end":{"line":81,"column":9}},{"start":{"line":76,"column":13},"end":{"line":81,"column":9}}],"line":76},"8":{"loc":{"start":{"line":90,"column":8},"end":{"line":96,"column":9}},"type":"switch","locations":[{"start":{"line":91,"column":12},"end":{"line":91,"column":24}},{"start":{"line":92,"column":12},"end":{"line":93,"column":23}},{"start":{"line":94,"column":12},"end":{"line":95,"column":22}}],"line":90},"9":{"loc":{"start":{"line":103,"column":8},"end":{"line":108,"column":9}},"type":"if","locations":[{"start":{"line":103,"column":8},"end":{"line":108,"column":9}},{"start":{"line":103,"column":8},"end":{"line":108,"column":9}}],"line":103},"10":{"loc":{"start":{"line":135,"column":8},"end":{"line":140,"column":9}},"type":"if","locations":[{"start":{"line":135,"column":8},"end":{"line":140,"column":9}},{"start":{"line":135,"column":8},"end":{"line":140,"column":9}}],"line":135}},"s":{"0":1,"1":1,"2":1,"3":1,"4":1,"5":304,"6":304,"7":304,"8":304,"9":304,"10":942,"11":304,"12":304,"13":304,"14":304,"15":304,"16":791,"17":0,"18":0,"19":0,"20":0,"21":0,"22":0,"23":304,"24":304,"25":0,"26":794,"27":0,"28":8,"29":304,"30":304,"31":790,"32":304,"33":304,"34":0,"35":0,"36":304,"37":791,"38":791,"39":72,"40":72,"41":173,"42":76,"43":75,"44":1,"45":0,"46":1,"47":4,"48":4,"49":4,"50":0,"51":0,"52":0,"53":0,"54":0,"55":0,"56":0,"57":0,"58":0,"59":0,"60":0,"61":0,"62":0,"63":0,"64":0,"65":0,"66":75,"67":1},"f":{"0":304,"1":942,"2":791,"3":0,"4":0,"5":794,"6":0,"7":8,"8":304,"9":790,"10":304,"11":791,"12":173,"13":76,"14":4,"15":0,"16":0,"17":0,"18":0,"19":0,"20":0,"21":75},"b":{"0":[0],"1":[0,0],"2":[0,304],"3":[304,304],"4":[72,719],"5":[791,790],"6":[75,1],"7":[0,1],"8":[0,0,0],"9":[0,0],"10":[0,0]},"inputSourceMap":{"version":3,"file":"Dirv2.js","sourceRoot":"","sources":["Dirv2.ts"],"names":[],"mappings":";;AAAA,2BAA0C;AAC1C,+BAA0C;AAE1C,iDAA4C;AAM5C,MAAa,GAAI,SAAQ,2BAAY;IAsBpC,YAAY,IAAY,EAAE,CAAW,EAAE,MAAW,EAAE,OAAoB,EAAE,EAAgB,EAAE,UAAiB,EAAE;QAC9G,KAAK,CAAC,IAAI,EAAE,CAAC,EAAE,MAAM,EAAC,CAAC,CAAC,IAAI,CAAC,CAAC;QATrB,YAAO,GAAgB,IAAI,CAAC;QAC5B,aAAQ,GAAmB,EAAE,CAAA;QAStC,IAAI,CAAC,MAAM,GAAG,EAAE,CAAC;QACjB,IAAI,CAAC,OAAO,GAAG,GAAG,EAAE,CAAC,OAAO,CAAC;QAC7B,IAAI,CAAC,aAAa,GAAG,gBAAW,CAAC,IAAI,CAAC,QAAQ,CAAC,CAAA;QAC/C,IAAI,OAAO,GAAQ,EAAE,CAAA;QACrB,IAAI,OAAO,GAAG,EAAE,CAAA;QAChB,IAAI,CAAC,GAAG,EAAE,CAAA;QACV,IAAI,CAAC,aAAa,CAAC,OAAO,CAAC,CAAC,KAAK,EAAC,EAAE;YACnC,OAAO,CAAC,OAAO,CAAC,CAAC,EAAS,EAAE,EAAE;gBAC7B,IAAI,GAAG,GAAG,OAAO,CAAC,MAAM,CAAC,CAAC,QAAQ,CAAC,EAAE,EAAI,WAAI,CAAC,IAAI,CAAC,QAAQ,EAAE,KAAK,CAAC,CAAC,CAAA;gBACpE,IAAI,CAAC,GAAG,EAAC;oBACR,OAAO,GAAE,EAAE,CAAA;oBACX,OAAO,GAAG,KAAK,CAAA;iBACf;qBAAK;oBACL,OAAO,GAAC,EAAE,CAAA;iBACV;gBAED,CAAC,CAAC,IAAI,CAAE,OAAO,CAAC,CAAA;YACjB,CAAC,CAAC,CAAA;YACF,gBAAgB;YAChB,8CAA8C;YAC9C,IAAI;QACL,CAAC,CAAC,CAAA;QAGD,IAAI,CAAC,IAAI,GAAG,OAAO,CAAC,QAAQ,CAAA;QAC7B,IAAI,CAAC,MAAM,GAAG,EAAE,CAAC;IAClB,CAAC;IAxCD,kBAAkB;QACjB,OAAO,IAAI,CAAC,aAAa,CAAC;IAC3B,CAAC;IAKD,sBAAsB;IACtB,QAAQ,CAAC,KAAmB;QAC3B,IAAI,CAAC,QAAQ,CAAC,IAAI,CAAC,KAAK,CAAC,CAAA;IAC1B,CAAC;IAgCD,SAAS;QACR,OAAO,IAAI,CAAC,MAAM,CAAA;IACnB,CAAC;IAED,cAAc;QACb,OAAO,IAAI,CAAC,IAAI,CAAA;IACjB,CAAC;IAED,KAAK,CAAC,OAAoB;QACzB,OAAO,CAAC,IAAI,CAAC,CAAA;QACb,IAAI,CAAC,QAAQ,CAAC,OAAO,CAAC,CAAC,CAAC,EAAE,CAAC,CAAC,CAAC,KAAK,CAAC,OAAO,CAAC,CAAC,CAAA;IAC7C,CAAC;IAED,SAAS;QACR,IAAI,WAAW,GAAG,eAAQ,CAAC,IAAI,CAAC,WAAW,EAAE,CAAC,CAAA;QAC9C,IAAI,WAAW,KAAK,MAAM,IAAI,WAAW,KAAK,cAAc,EAAE;YAC7D,IAAI,CAAC,QAAQ,GAAG,EAAE,CAAC;YACnB,OAAO;SACP;QAED,gBAAW,CAAC,IAAI,CAAC,WAAW,EAAE,CAAC;aAC7B,OAAO,CAAC,CAAC,CAAC,EAAE;YACZ,IAAI,KAAK,GAAG,IAAI,CAAC,OAAO,EAAE;iBACxB,UAAU,CAAC,WAAI,CAAC,IAAI,CAAC,QAAQ,EAAE,CAAC,CAAC,EAAE,IAAI,CAAC,CAAA;YAC1C,IAAI,KAAK,IAAI,KAAK,YAAY,GAAG,EAAE;gBAClC,IAAI,CAAC,OAAO,EAAE,CAAC,SAAS,EAAE,CAAC,KAAK,CAAC,WAAW,EAAE,CAAC,GAAG,KAAK,CAAC;gBACxD,KAAK,CAAC,SAAS,EAAE,CAAA;aACjB;QACF,CAAC,CAAC,CAAA;IAEJ,CAAC;IAGD,cAAc,CAAC,WAAwB;QACtC,IAAI,CAAC,OAAO,GAAG,WAAW,CAAA;IAC3B,CAAC;IAED,cAAc;QACb,IAAI,IAAI,CAAC,OAAO,EAAE;YACjB,OAAO,IAAI,CAAC,OAAO,CAAA;SAEnB;aAAM,IAAI,IAAI,CAAC,MAAM,EAAE;YACvB,MAAO,IAAI,KAAK,CAAC,wBAAwB,CAAC,CAAA;SAC1C;aAAM;YACN,OAAO,IAAI,CAAC,MAAM,EAAE,CAAC,cAAc,EAAE,CAAA;SACrC;IACF,CAAC;IAGD,QAAQ,CAAC,SAAyB;QACjC,IAAI,GAAG,GAAc,IAAI,CAAC,OAAO,EAAE,CAAC,uBAAuB,CAAC,SAAS,CAAC,CAAC;QACvE,IAAI,CAAC,QAAQ,CAAC,GAAG,CAAC,CAAA;QAClB,OAAO,GAAG,CAAC,WAAW,EAAE,CAAA;IACzB,CAAC;IAGD,MAAM,CAAC,UAAkB;QACxB,IAAI,QAAQ,GAAG,eAAQ,CAAC,IAAI,CAAC,aAAa,CAAC,CAAA;QAC3C,QAAQ,QAAQ,EAAE;YACjB,KAAK,MAAM,CAAC;YACZ,KAAK,cAAc;gBAClB,OAAO;YACR;gBACC,MAAM;SACP;QAED,IAAI,WAAW,GAAU,IAAI,CAAC,QAAQ;aACpC,MAAM,CAAC,CAAC,CAAC,EAAE;YACX,OAAO,CAAC,YAAY,GAAG,CAAA;QACxB,CAAC,CAAC;aACD,GAAG,CAAC,CAAC,CAAC,EAAE,CAAC,CAAQ,CAAC,CAAA;QAEpB,IAAI,QAAQ,GAAG,WAAI,CAAC,UAAU,EAAE,IAAI,CAAC,aAAa,CAAC,CAAC;QAEpD,IAAI,WAAW,CAAC,MAAM,EAAE;YACvB,WAAW,CAAC,OAAO,CAAC,CAAC,CAAC,EAAE,CAAC,CAAC,CAAC,MAAM,CAAC,UAAU,CAAC,CAAC,CAAA;SAC9C;aAAM;YACN,cAAS,CAAC,QAAQ,EAAE,EAAC,SAAS,EAAE,IAAI,EAAC,CAAC,CAAA;SACtC;QAGD,aAAa;QACb,qCAAqC;QACrC,sBAAsB;QACtB,IAAI;QACJ,EAAE;QACF,wBAAwB;QACxB,6BAA6B;QAC7B,6BAA6B;QAC7B,0BAA0B;QAC1B,QAAQ;QACR,KAAK;QACL,eAAe;QACf,8BAA8B;QAC9B,IAAI;QACJ,qBAAqB;QACrB,iEAAiE;QACjE,KAAK;IACN,CAAC;IAED,4CAA4C;IAC5C,uBAAuB;IACvB,gDAAgD;IAChD,YAAY;IACZ,yCAAyC;IACzC,KAAK;IACL,IAAI;IAEJ,iBAAiB,CAAC,SAAiB;QAClC,IAAI,CAAC,IAAI,CAAC,MAAM,EAAE;YACjB,OAAO,IAAI,CAAC,iBAAiB,CAAC,SAAS,CAAC,CAAA;SACxC;aAAM;YACN,OAAO,IAAI,CAAC,MAAM,CAAC,SAAS,CAAC,CAAA;SAC7B;IAEF,CAAC;IAEF,KAAK,CAAC,EAAS;QACb,OAAO,IAAI,CAAC,OAAO,EAAE,CAAC,KAAK,CAAC,EAAE,CAAC,CAAA;IACjC,CAAC;IAIA,MAAM,CAAC,IAAY;QAClB,OAAO,IAAI,CAAC,OAAO,EAAE,CAAC,MAAM,CAAC,IAAI,CAAE,CAAA;IACpC,CAAC;CACD;AAlLD,kBAkLC"},"_coverageSchema":"1a1c01bbd47fc00a2c39e90264f33305004495a9","hash":"01a000239192937c9299e3dc9c0f0d8619efd277"},"/Users/sam/Dropbox/Spring_20/research_proj/CJS_Transform/src/abstract_fs_v2/Factory.js":{"path":"/Users/sam/Dropbox/Spring_20/research_proj/CJS_Transform/src/abstract_fs_v2/Factory.js","statementMap":{"0":{"start":{"line":1,"column":22},"end":{"line":7,"column":3}},"1":{"start":{"line":2,"column":4},"end":{"line":2,"column":33}},"2":{"start":{"line":2,"column":26},"end":{"line":2,"column":33}},"3":{"start":{"line":3,"column":4},"end":{"line":3,"column":89}},"4":{"start":{"line":3,"column":71},"end":{"line":3,"column":83}},"5":{"start":{"line":5,"column":4},"end":{"line":5,"column":33}},"6":{"start":{"line":5,"column":26},"end":{"line":5,"column":33}},"7":{"start":{"line":6,"column":4},"end":{"line":6,"column":17}},"8":{"start":{"line":8,"column":25},"end":{"line":12,"column":2}},"9":{"start":{"line":9,"column":4},"end":{"line":9,"column":72}},"10":{"start":{"line":11,"column":4},"end":{"line":11,"column":21}},"11":{"start":{"line":13,"column":19},"end":{"line":19,"column":1}},"12":{"start":{"line":14,"column":4},"end":{"line":14,"column":42}},"13":{"start":{"line":14,"column":31},"end":{"line":14,"column":42}},"14":{"start":{"line":15,"column":17},"end":{"line":15,"column":19}},"15":{"start":{"line":16,"column":4},"end":{"line":16,"column":131}},"16":{"start":{"line":16,"column":21},"end":{"line":16,"column":131}},"17":{"start":{"line":16,"column":40},"end":{"line":16,"column":131}},"18":{"start":{"line":16,"column":99},"end":{"line":16,"column":131}},"19":{"start":{"line":17,"column":4},"end":{"line":17,"column":36}},"20":{"start":{"line":18,"column":4},"end":{"line":18,"column":18}},"21":{"start":{"line":20,"column":0},"end":{"line":20,"column":62}},"22":{"start":{"line":21,"column":0},"end":{"line":21,"column":52}},"23":{"start":{"line":22,"column":13},"end":{"line":22,"column":26}},"24":{"start":{"line":23,"column":15},"end":{"line":23,"column":44}},"25":{"start":{"line":24,"column":14},"end":{"line":24,"column":70}},"26":{"start":{"line":25,"column":25},"end":{"line":25,"column":101}},"27":{"start":{"line":26,"column":16},"end":{"line":26,"column":34}},"28":{"start":{"line":27,"column":21},"end":{"line":27,"column":44}},"29":{"start":{"line":28,"column":15},"end":{"line":28,"column":32}},"30":{"start":{"line":29,"column":24},"end":{"line":29,"column":50}},"31":{"start":{"line":32,"column":8},"end":{"line":32,"column":25}},"32":{"start":{"line":33,"column":8},"end":{"line":33,"column":50}},"33":{"start":{"line":34,"column":8},"end":{"line":34,"column":77}},"34":{"start":{"line":34,"column":37},"end":{"line":34,"column":76}},"35":{"start":{"line":35,"column":8},"end":{"line":35,"column":114}},"36":{"start":{"line":35,"column":33},"end":{"line":35,"column":113}},"37":{"start":{"line":38,"column":8},"end":{"line":38,"column":69}},"38":{"start":{"line":39,"column":22},"end":{"line":39,"column":70}},"39":{"start":{"line":40,"column":20},"end":{"line":40,"column":73}},"40":{"start":{"line":41,"column":8},"end":{"line":49,"column":9}},"41":{"start":{"line":42,"column":12},"end":{"line":44,"column":13}},"42":{"start":{"line":43,"column":16},"end":{"line":43,"column":90}},"43":{"start":{"line":45,"column":12},"end":{"line":45,"column":48}},"44":{"start":{"line":48,"column":12},"end":{"line":48,"column":85}},"45":{"start":{"line":52,"column":8},"end":{"line":52,"column":44}},"46":{"start":{"line":57,"column":8},"end":{"line":62,"column":10}},"47":{"start":{"line":58,"column":12},"end":{"line":58,"column":101}},"48":{"start":{"line":59,"column":12},"end":{"line":61,"column":13}},"49":{"start":{"line":60,"column":16},"end":{"line":60,"column":52}},"50":{"start":{"line":65,"column":8},"end":{"line":70,"column":9}},"51":{"start":{"line":66,"column":12},"end":{"line":66,"column":94}},"52":{"start":{"line":69,"column":12},"end":{"line":69,"column":35}},"53":{"start":{"line":73,"column":8},"end":{"line":73,"column":15}},"54":{"start":{"line":76,"column":23},"end":{"line":76,"column":56}},"55":{"start":{"line":77,"column":8},"end":{"line":79,"column":9}},"56":{"start":{"line":78,"column":12},"end":{"line":78,"column":71}},"57":{"start":{"line":80,"column":8},"end":{"line":80,"column":55}},"58":{"start":{"line":84,"column":8},"end":{"line":103,"column":9}},"59":{"start":{"line":85,"column":27},"end":{"line":85,"column":64}},"60":{"start":{"line":86,"column":12},"end":{"line":86,"column":41}},"61":{"start":{"line":89,"column":12},"end":{"line":102,"column":13}},"62":{"start":{"line":90,"column":16},"end":{"line":90,"column":72}},"63":{"start":{"line":92,"column":17},"end":{"line":102,"column":13}},"64":{"start":{"line":94,"column":16},"end":{"line":97,"column":17}},"65":{"start":{"line":95,"column":32},"end":{"line":95,"column":57}},"66":{"start":{"line":96,"column":20},"end":{"line":96,"column":78}},"67":{"start":{"line":98,"column":16},"end":{"line":98,"column":52}},"68":{"start":{"line":101,"column":16},"end":{"line":101,"column":73}},"69":{"start":{"line":163,"column":8},"end":{"line":163,"column":119}},"70":{"start":{"line":166,"column":0},"end":{"line":166,"column":36}},"71":{"start":{"line":169,"column":8},"end":{"line":169,"column":37}},"72":{"start":{"line":170,"column":8},"end":{"line":170,"column":25}},"73":{"start":{"line":171,"column":8},"end":{"line":171,"column":23}},"74":{"start":{"line":172,"column":8},"end":{"line":172,"column":24}},"75":{"start":{"line":173,"column":8},"end":{"line":173,"column":33}},"76":{"start":{"line":174,"column":8},"end":{"line":174,"column":38}},"77":{"start":{"line":175,"column":8},"end":{"line":175,"column":45}},"78":{"start":{"line":176,"column":8},"end":{"line":176,"column":21}},"79":{"start":{"line":177,"column":8},"end":{"line":177,"column":36}},"80":{"start":{"line":178,"column":8},"end":{"line":178,"column":39}},"81":{"start":{"line":179,"column":8},"end":{"line":179,"column":35}},"82":{"start":{"line":180,"column":8},"end":{"line":180,"column":42}},"83":{"start":{"line":183,"column":8},"end":{"line":183,"column":27}},"84":{"start":{"line":186,"column":8},"end":{"line":186,"column":29}},"85":{"start":{"line":189,"column":23},"end":{"line":189,"column":57}},"86":{"start":{"line":190,"column":23},"end":{"line":202,"column":9}},"87":{"start":{"line":203,"column":27},"end":{"line":203,"column":105}},"88":{"start":{"line":208,"column":8},"end":{"line":208,"column":40}},"89":{"start":{"line":209,"column":8},"end":{"line":209,"column":28}},"90":{"start":{"line":213,"column":23},"end":{"line":213,"column":43}},"91":{"start":{"line":214,"column":19},"end":{"line":214,"column":43}},"92":{"start":{"line":215,"column":8},"end":{"line":215,"column":44}},"93":{"start":{"line":216,"column":20},"end":{"line":216,"column":60}},"94":{"start":{"line":217,"column":8},"end":{"line":219,"column":9}},"95":{"start":{"line":218,"column":12},"end":{"line":218,"column":19}},"96":{"start":{"line":220,"column":8},"end":{"line":222,"column":9}},"97":{"start":{"line":221,"column":12},"end":{"line":221,"column":35}},"98":{"start":{"line":223,"column":8},"end":{"line":223,"column":21}},"99":{"start":{"line":226,"column":23},"end":{"line":226,"column":52}},"100":{"start":{"line":227,"column":19},"end":{"line":227,"column":43}},"101":{"start":{"line":228,"column":19},"end":{"line":228,"column":47}},"102":{"start":{"line":229,"column":18},"end":{"line":229,"column":89}},"103":{"start":{"line":230,"column":8},"end":{"line":230,"column":29}},"104":{"start":{"line":231,"column":8},"end":{"line":231,"column":39}},"105":{"start":{"line":232,"column":8},"end":{"line":232,"column":19}},"106":{"start":{"line":237,"column":8},"end":{"line":250,"column":10}},"107":{"start":{"line":253,"column":21},"end":{"line":253,"column":26}},"108":{"start":{"line":254,"column":8},"end":{"line":260,"column":9}},"109":{"start":{"line":255,"column":12},"end":{"line":259,"column":15}},"110":{"start":{"line":256,"column":16},"end":{"line":258,"column":17}},"111":{"start":{"line":257,"column":20},"end":{"line":257,"column":34}},"112":{"start":{"line":261,"column":8},"end":{"line":263,"column":9}},"113":{"start":{"line":262,"column":12},"end":{"line":262,"column":24}},"114":{"start":{"line":264,"column":8},"end":{"line":284,"column":9}},"115":{"start":{"line":266,"column":26},"end":{"line":266,"column":90}},"116":{"start":{"line":267,"column":16},"end":{"line":267,"column":51}},"117":{"start":{"line":268,"column":16},"end":{"line":268,"column":47}},"118":{"start":{"line":269,"column":16},"end":{"line":269,"column":27}},"119":{"start":{"line":270,"column":16},"end":{"line":270,"column":22}},"120":{"start":{"line":272,"column":26},"end":{"line":272,"column":78}},"121":{"start":{"line":273,"column":16},"end":{"line":273,"column":52}},"122":{"start":{"line":274,"column":16},"end":{"line":274,"column":47}},"123":{"start":{"line":275,"column":16},"end":{"line":275,"column":27}},"124":{"start":{"line":276,"column":16},"end":{"line":276,"column":22}},"125":{"start":{"line":278,"column":27},"end":{"line":278,"column":78}},"126":{"start":{"line":279,"column":16},"end":{"line":279,"column":48}},"127":{"start":{"line":280,"column":16},"end":{"line":280,"column":28}},"128":{"start":{"line":281,"column":16},"end":{"line":281,"column":22}},"129":{"start":{"line":283,"column":16},"end":{"line":283,"column":28}},"130":{"start":{"line":287,"column":8},"end":{"line":287,"column":30}},"131":{"start":{"line":290,"column":8},"end":{"line":298,"column":9}},"132":{"start":{"line":291,"column":12},"end":{"line":291,"column":45}},"133":{"start":{"line":293,"column":13},"end":{"line":298,"column":9}},"134":{"start":{"line":294,"column":12},"end":{"line":294,"column":43}},"135":{"start":{"line":297,"column":12},"end":{"line":297,"column":47}},"136":{"start":{"line":300,"column":22},"end":{"line":300,"column":56}},"137":{"start":{"line":301,"column":12},"end":{"line":313,"column":13}},"138":{"start":{"line":303,"column":20},"end":{"line":308,"column":21}},"139":{"start":{"line":304,"column":24},"end":{"line":304,"column":61}},"140":{"start":{"line":307,"column":24},"end":{"line":307,"column":58}},"141":{"start":{"line":310,"column":20},"end":{"line":310,"column":52}},"142":{"start":{"line":312,"column":20},"end":{"line":312,"column":55}},"143":{"start":{"line":317,"column":8},"end":{"line":317,"column":34}},"144":{"start":{"line":320,"column":0},"end":{"line":320,"column":34}}},"fnMap":{"0":{"name":"(anonymous_0)","decl":{"start":{"line":1,"column":74},"end":{"line":1,"column":75}},"loc":{"start":{"line":1,"column":96},"end":{"line":4,"column":1}},"line":1},"1":{"name":"(anonymous_1)","decl":{"start":{"line":3,"column":58},"end":{"line":3,"column":59}},"loc":{"start":{"line":3,"column":69},"end":{"line":3,"column":85}},"line":3},"2":{"name":"(anonymous_2)","decl":{"start":{"line":4,"column":6},"end":{"line":4,"column":7}},"loc":{"start":{"line":4,"column":28},"end":{"line":7,"column":1}},"line":4},"3":{"name":"(anonymous_3)","decl":{"start":{"line":8,"column":80},"end":{"line":8,"column":81}},"loc":{"start":{"line":8,"column":95},"end":{"line":10,"column":1}},"line":8},"4":{"name":"(anonymous_4)","decl":{"start":{"line":10,"column":5},"end":{"line":10,"column":6}},"loc":{"start":{"line":10,"column":20},"end":{"line":12,"column":1}},"line":10},"5":{"name":"(anonymous_5)","decl":{"start":{"line":13,"column":50},"end":{"line":13,"column":51}},"loc":{"start":{"line":13,"column":65},"end":{"line":19,"column":1}},"line":13},"6":{"name":"(anonymous_6)","decl":{"start":{"line":31,"column":4},"end":{"line":31,"column":5}},"loc":{"start":{"line":31,"column":18},"end":{"line":36,"column":5}},"line":31},"7":{"name":"(anonymous_7)","decl":{"start":{"line":34,"column":30},"end":{"line":34,"column":31}},"loc":{"start":{"line":34,"column":37},"end":{"line":34,"column":76}},"line":34},"8":{"name":"(anonymous_8)","decl":{"start":{"line":35,"column":26},"end":{"line":35,"column":27}},"loc":{"start":{"line":35,"column":33},"end":{"line":35,"column":113}},"line":35},"9":{"name":"(anonymous_9)","decl":{"start":{"line":37,"column":4},"end":{"line":37,"column":5}},"loc":{"start":{"line":37,"column":38},"end":{"line":50,"column":5}},"line":37},"10":{"name":"(anonymous_10)","decl":{"start":{"line":51,"column":4},"end":{"line":51,"column":5}},"loc":{"start":{"line":51,"column":20},"end":{"line":53,"column":5}},"line":51},"11":{"name":"(anonymous_11)","decl":{"start":{"line":54,"column":4},"end":{"line":54,"column":5}},"loc":{"start":{"line":54,"column":18},"end":{"line":55,"column":5}},"line":54},"12":{"name":"(anonymous_12)","decl":{"start":{"line":56,"column":4},"end":{"line":56,"column":5}},"loc":{"start":{"line":56,"column":19},"end":{"line":63,"column":5}},"line":56},"13":{"name":"(anonymous_13)","decl":{"start":{"line":57,"column":15},"end":{"line":57,"column":16}},"loc":{"start":{"line":57,"column":42},"end":{"line":62,"column":9}},"line":57},"14":{"name":"(anonymous_14)","decl":{"start":{"line":64,"column":4},"end":{"line":64,"column":5}},"loc":{"start":{"line":64,"column":37},"end":{"line":71,"column":5}},"line":64},"15":{"name":"(anonymous_15)","decl":{"start":{"line":72,"column":4},"end":{"line":72,"column":5}},"loc":{"start":{"line":72,"column":37},"end":{"line":74,"column":5}},"line":72},"16":{"name":"(anonymous_16)","decl":{"start":{"line":75,"column":4},"end":{"line":75,"column":5}},"loc":{"start":{"line":75,"column":65},"end":{"line":81,"column":5}},"line":75},"17":{"name":"(anonymous_17)","decl":{"start":{"line":82,"column":4},"end":{"line":82,"column":5}},"loc":{"start":{"line":82,"column":46},"end":{"line":154,"column":5}},"line":82},"18":{"name":"(anonymous_18)","decl":{"start":{"line":162,"column":4},"end":{"line":162,"column":5}},"loc":{"start":{"line":162,"column":26},"end":{"line":164,"column":5}},"line":162},"19":{"name":"(anonymous_19)","decl":{"start":{"line":168,"column":4},"end":{"line":168,"column":5}},"loc":{"start":{"line":168,"column":56},"end":{"line":181,"column":5}},"line":168},"20":{"name":"(anonymous_20)","decl":{"start":{"line":182,"column":4},"end":{"line":182,"column":5}},"loc":{"start":{"line":182,"column":16},"end":{"line":184,"column":5}},"line":182},"21":{"name":"(anonymous_21)","decl":{"start":{"line":185,"column":4},"end":{"line":185,"column":5}},"loc":{"start":{"line":185,"column":14},"end":{"line":187,"column":5}},"line":185},"22":{"name":"(anonymous_22)","decl":{"start":{"line":188,"column":4},"end":{"line":188,"column":5}},"loc":{"start":{"line":188,"column":34},"end":{"line":210,"column":5}},"line":188},"23":{"name":"(anonymous_23)","decl":{"start":{"line":211,"column":4},"end":{"line":211,"column":5}},"loc":{"start":{"line":211,"column":29},"end":{"line":224,"column":5}},"line":211},"24":{"name":"(anonymous_24)","decl":{"start":{"line":225,"column":4},"end":{"line":225,"column":5}},"loc":{"start":{"line":225,"column":17},"end":{"line":233,"column":5}},"line":225},"25":{"name":"(anonymous_25)","decl":{"start":{"line":235,"column":4},"end":{"line":235,"column":5}},"loc":{"start":{"line":235,"column":28},"end":{"line":251,"column":5}},"line":235},"26":{"name":"(anonymous_26)","decl":{"start":{"line":252,"column":4},"end":{"line":252,"column":5}},"loc":{"start":{"line":252,"column":40},"end":{"line":285,"column":5}},"line":252},"27":{"name":"(anonymous_27)","decl":{"start":{"line":255,"column":33},"end":{"line":255,"column":34}},"loc":{"start":{"line":255,"column":38},"end":{"line":259,"column":13}},"line":255},"28":{"name":"(anonymous_28)","decl":{"start":{"line":286,"column":4},"end":{"line":286,"column":5}},"loc":{"start":{"line":286,"column":16},"end":{"line":288,"column":5}},"line":286},"29":{"name":"(anonymous_29)","decl":{"start":{"line":289,"column":4},"end":{"line":289,"column":5}},"loc":{"start":{"line":289,"column":30},"end":{"line":315,"column":5}},"line":289},"30":{"name":"determineFileType","decl":{"start":{"line":299,"column":17},"end":{"line":299,"column":34}},"loc":{"start":{"line":299,"column
[...]
K,GAA0B,EAAE,CAAC;IACtC,IAAI,IAAI,GAAe,IAAI,CAAC,YAAY,CAAC,CAAC,CAAC,CAAC,IAAkB,CAAC;IAC/D,IAAI,YAAY,GAAoC,CAAC,CAAS,EAAE,EAAE;QACjE,OAAO;YACN,IAAI,EAAE,kBAAkB;YACxB,MAAM,EAAE,IAAI;YACZ,QAAQ,EAAE,eAAE,CAAC,CAAC,CAAC;YACf,QAAQ,EAAE,KAAK;SACf,CAAA;IACF,CAAC,CAAA;IACA,IAAI,CAAC,YAAY,CAAC,CAAC,CAAC,CAAC,EAAoB,CAAC,UAAU,CAAC,OAAO,CAAC,CAAC,CAAyB,EAAE,EAAE;QAC3F,IAAI,CAAC,CAAC,IAAI,KAAK,UAAU,EAAE;YAC1B,IAAI,CAAC,CAAC,SAAS,IAAI,CAAC,CAAC,KAAK,CAAC,IAAI,KAAK,YAAY,EAAE;gBACjD,KAAK,CAAC,IAAI,CAAC;oBACV,IAAI,EAAE,qBAAqB;oBAC3B,IAAI,EAAE,IAAI,CAAC,IAAI;oBACf,YAAY,EAAE,CAAC;4BACd,IAAI,EAAE,oBAAoB;4BAC1B,EAAE,EAAE,CAAC,CAAC,KAAK;4BACX,IAAI,EAAE,YAAY,CAAC,CAAC,CAAC,KAAK,CAAC,IAAI,CAAC;yBAChC,CAAC;iBACF,CAAC,CAAA;aACF;iBAAM,IAAI,CAAC,CAAC,GAAG,CAAC,IAAI,KAAK,YAAY,IAAI,CAAC,CAAC,KAAK,CAAC,IAAI,KAAK,YAAY,EAAE;gBACxE,eAAe;gBACf,KAAK,CAAC,IAAI,CAAC;oBACV,IAAI,EAAE,qBAAqB;oBAC3B,IAAI,EAAE,IAAI,CAAC,IAAI;oBACf,YAAY,EAAE,CAAC;4BACd,IAAI,EAAE,oBAAoB;4BAC1B,EAAE,EAAE,CAAC,CAAC,KAAK;4BACX,IAAI,EAAE,YAAY,CAAC,CAAC,CAAC,GAAG,CAAC,IAAI,CAAC;yBAC9B,CAAC;iBACF,CAAC,CAAA;aACF;SACD;aAAM,IAAI,CAAC,CAAC,IAAI,KAAK,aAAa,EAAE;YACpC,MAAM,IAAI,KAAK,CAAC,QAAQ,CAAC,CAAA;YACzB,2BAA2B;YAC3B,aAAa;YACb,eAAe;YACf,gCAAgC;YAChC,oBAAoB;YACpB,oBAAoB;YACpB,gCAAgC;YAChC,iBAAiB;YACjB,mCAAmC;YACnC,MAAM;YACN,KAAK;SACL;IACF,CAAC,CAAC,CAAC;IAEH,IAAI,IAAmD,CAAA;IAEvD,yBAAyB;IACzB,IAAI,SAAS,KAAK,MAAM,CAAC,IAAI,EAAE;QAC9B,IAAI,GAAI,MAAkB,CAAC,IAAI,CAAA;KAC/B;SAAM,IAAI,MAAM,CAAC,IAAI,KAAK,gBAAgB,EAAE;QAC5C,IAAI,GAAI,MAAyB,CAAC,IAAI,CAAA;KACtC;SAAM,IAAI,MAAM,CAAC,IAAI,KAAK,cAAc,EAAE;QAC1C,oBAAoB;QACpB,OAAO;KACP;SAAM;QACN,MAAM,IAAI,KAAK,CAAC,6BAA6B,CAAC,CAAA;KAC9C;IACD,IAAI,KAAK,GAAG,IAAI,CAAC,OAAO,CAAC,IAAI,CAAC,CAAA;IAC9B,6BAA6B;IAE7B,KAAK,CAAC,OAAO,CAAC,CAAC,CAAC,EAAE;QACjB,IAAI,CAAE,MAAM,CAAC,KAAK,EAAC,CAAC,EAAC,CAAC,CAAC,CAAA;IAExB,CAAC,CAAC,CAAA;IACF,KAAK,GAAG,IAAI,CAAC,OAAO,CAAC,IAAI,CAAC,CAAA;IAC1B,IAAI,CAAC,MAAM,CAAC,KAAK,EAAE,CAAC,CAAC,CAAA;IAErB,OAAO,0BAAa,CAAC,MAAM,CAAA;AAC5B,CAAC"},"_coverageSchema":"1a1c01bbd47fc00a2c39e90264f33305004495a9","hash":"11994d15661219d44f733ba7e92de8eae1c334a6"},"/Users/sam/Dropbox/Spring_20/research_proj/CJS_Transform/src/transformations/sanitizing/visitors/jsonRequire.js":{"path":"/Users/sam/Dropbox/Spring_20/research_proj/CJS_Transform/src/transformations/sanitizing/visitors/jsonRequire.js","statementMap":{"0":{"start":{"line":1,"column":0},"end":{"line":1,"column":62}},"1":{"start":{"line":2,"column":0},"end":{"line":2,"column":29}},"2":{"start":{"line":4,"column":21},"end":{"line":4,"column":42}},"3":{"start":{"line":9,"column":0},"end":{"line":24,"column":2}},"4":{"start":{"line":10,"column":13},"end":{"line":10,"column":36}},"5":{"start":{"line":11,"column":18},"end":{"line":22,"column":5}},"6":{"start":{"line":13,"column":21},"end":{"line":13,"column":44}},"7":{"start":{"line":14,"column":12},"end":{"line":20,"column":13}},"8":{"start":{"line":19,"column":16},"end":{"line":19,"column":105}},"9":{"start":{"line":23,"column":4},"end":{"line":23,"column":48}}},"fnMap":{"0":{"name":"(anonymous_0)","decl":{"start":{"line":9,"column":22},"end":{"line":9,"column":23}},"loc":{"start":{"line":9,"column":36},"end":{"line":24,"column":1}},"line":9},"1":{"name":"(anonymous_1)","decl":{"start":{"line":12,"column":15},"end":{"line":12,"column":16}},"loc":{"start":{"line":12,"column":33},"end":{"line":21,"column":9}},"line":12}},"branchMap":{"0":{"loc":{"start":{"line":14,"column":12},"end":{"line":20,"column":13}},"type":"if","locations":[{"start":{"line":14,"column":12},"end":{"line":20,"column":13}},{"start":{"line":14,"column":12},"end":{"line":20,"column":13}}],"line":14},"1":{"loc":{"start":{"line":14,"column":16},"end":{"line":18,"column":62}},"type":"binary-expr","locations":[{"start":{"line":14,"column":16},"end":{"line":14,"column":46}},{"start":{"line":15,"column":19},"end":{"line":15,"column":52}},{"start":{"line":16,"column":19},"end":{"line":16,"column":49}},{"start":{"line":17,"column":19},"end":{"line":17,"column":55}},{"start":{"line":18,"column":19},"end":{"line":18,"column":62}}],"line":14}},"s":{"0":1,"1":1,"2":1,"3":1,"4":0,"5":0,"6":0,"7":0,"8":0,"9":0},"f":{"0":0,"1":0},"b":{"0":[0,0],"1":[0,0,0,0,0]},"inputSourceMap":{"version":3,"file":"jsonRequire.js","sourceRoot":"","sources":["jsonRequire.ts"],"names":[],"mappings":";;AAAA,uHAAuH;AACvH,2CAA6C;AAQ7C;;;GAGG;AACU,QAAA,WAAW,GAAuB,UAAU,EAAU;IAE3D,IAAI,EAAE,GAAW,IAAI,MAAM,CAAC,WAAW,CAAC,CAAC;IAEzC,IAAI,OAAO,GAAY;QACnB,KAAK,EAAE,CAAC,IAAI,EAAE,MAAM,EAAE,EAAE;YACpB,IAAI,EAAE,GAAW,IAAI,MAAM,CAAC,WAAW,CAAC,CAAC;YAEzC,IAAI,IAAI,CAAC,IAAI,KAAK,gBAAgB;mBAC3B,IAAI,CAAC,MAAM,CAAC,IAAI,KAAK,YAAY;mBACjC,IAAI,CAAC,MAAM,CAAC,IAAI,KAAK,SAAS;mBAC9B,IAAI,CAAC,SAAS,CAAC,CAAC,CAAC,CAAC,IAAI,KAAK,SAAS;mBACpC,EAAE,CAAC,IAAI,CAAE,IAAI,CAAC,SAAS,CAAC,CAAC,CAAmB,CAAC,KAAK,CAAC,QAAQ,EAAE,CAAC,EAAE;gBAClE,IAAI,CAAC,SAAS,CAAC,CAAC,CAAmB,CAAC,KAAK,GAAG,EAAE,CAAC,uBAAuB,CAAE,IAAI,CAAC,SAAS,CAAC,CAAC,CAAmB,CAAC,KAAK,CAAC,QAAQ,EAAE,CAAC,CAAA;aACjI;QACL,CAAC;KACJ,CAAA;IACD,qBAAQ,CAAC,EAAE,CAAC,MAAM,EAAE,EAAE,OAAO,CAAC,CAAC;AAEvC,CAAC,CAAA"},"_coverageSchema":"1a1c01bbd47fc00a2c39e90264f33305004495a9","hash":"3d65d9fe20e4be8a054f0942cdf932621e55928c"},"/Users/sam/Dropbox/Spring_20/research_proj/CJS_Transform/src/transformations/sanitizing/visitors/patternFlatten.js":{"path":"/Users/sam/Dropbox/Spring_20/research_proj/CJS_Transform/src/transformations/sanitizing/visitors/patternFlatten.js","statementMap":{"0":{"start":{"line":1,"column":0},"end":{"line":1,"column":62}},"1":{"start":{"line":2,"column":0},"end":{"line":2,"column":31}},"2":{"start":{"line":3,"column":21},"end":{"line":3,"column":42}},"3":{"start":{"line":4,"column":25},"end":{"line":4,"column":52}},"4":{"start":{"line":5,"column":20},"end":{"line":5,"column":40}},"5":{"start":{"line":8,"column":18},"end":{"line":105,"column":5}},"6":{"start":{"line":15,"column":12},"end":{"line":103,"column":13}},"7":{"start":{"line":20,"column":16},"end":{"line":102,"column":17}},"8":{"start":{"line":29,"column":37},"end":{"line":29,"column":57}},"9":{"start":{"line":32,"column":38},"end":{"line":32,"column":53}},"10":{"start":{"line":33,"column":40},"end":{"line":33,"column":95}},"11":{"start":{"line":34,"column":37},"end":{"line":34,"column":39}},"12":{"start":{"line":35,"column":20},"end":{"line":101,"column":21}},"13":{"start":{"line":37,"column":24},"end":{"line":58,"column":25}},"14":{"start":{"line":38,"column":28},"end":{"line":38,"column":47}},"15":{"start":{"line":40,"column":29},"end":{"line":58,"column":25}},"16":{"start":{"line":41,"column":28},"end":{"line":41,"column":47}},"17":{"start":{"line":43,"column":29},"end":{"line":58,"column":25}},"18":{"start":{"line":44,"column":28},"end":{"line":47,"column":29}},"19":{"start":{"line":45,"column":32},"end":{"line":45,"column":74}},"20":{"start":{"line":46,"column":32},"end":{"line":46,"column":86}},"21":{"start":{"line":48,"column":28},"end":{"line":51,"column":29}},"22":{"start":{"line":50,"column":32},"end":{"line":50,"column":62}},"23":{"start":{"line":57,"column":28},"end":{"line":57,"column":95}},"24":{"start":{"line":60,"column":40},"end":{"line":60,"column":42}},"25":{"start":{"line":61,"column":24},"end":{"line":100,"column":27}},"26":{"start":{"line":62,"column":28},"end":{"line":98,"column":29}},"27":{"start":{"line":64,"column":36},"end":{"line":94,"column":37}},"28":{"start":{"line":66,"column":40},"end":{"line":91,"column":41}},"29":{"start":{"line":67,"column":44},"end":{"line":68,"column":70}},"30":{"start":{"line":69,"column":44},"end":{"line":70,"column":69}},"31":{"start":{"line":71,"column":44},"end":{"line":75,"column":47}},"32":{"start":{"line":76,"column":44},"end":{"line":76,"column":82}},"33":{"start":{"line":78,"column":45},"end":{"line":91,"column":41}},"34":{"start":{"line":79,"column":44},"end":{"line":80,"column":80}},"35":{"start":{"line":81,"column":44},"end":{"line":82,"column":79}},"36":{"start":{"line":83,"column":44},"end":{"line":87,"column":47}},"37":{"start":{"line":88,"column":44},"end":{"line":88,"column":125}},"38":{"start":{"line":89,"column":44},"end":{"line":89,"column":82}},"39":{"start":{"line":90,"column":44},"end":{"line":90,"column":126}},"40":{"start":{"line":95,"column":36},"end":{"line":95,"column":42}},"41":{"start":{"line":97,"column":36},"end":{"line":97,"column":42}},"42":{"start":{"line":107,"column":18},"end":{"line":112,"column":9}},"43":{"start":{"line":113,"column":25},"end":{"line":123,"column":9}},"44":{"start":{"line":124,"column":20},"end":{"line":128,"column":9}},"45":{"start":{"line":129,"column":8},"end":{"line":129,"column":21}},"46":{"start":{"line":131,"column":4},"end":{"line":131,"column":47}},"47":{"start":{"line":133,"column":0},"end":{"line":133,"column":38}},"48":{"start":{"line":135,"column":23},"end":{"line":135,"column":57}},"49":{"start":{"line":136,"column":18},"end":{"line":136,"column":81}},"50":{"start":{"line":137,"column":18},"end":{"line":137,"column":54}},"51":{"start":{"line":138,"column":4},"end":{"line":138,"column":44}},"52":{"start":{"line":139,"column":4},"end":{"line":139,"column":19}}},"fnMap":{"0":{"name":"deconsFlatten","decl":{"start":{"line":6,"column":9},"end":{"line":6,"column":22}},"loc":{"start":{"line":6,"column":27},"end":{"line":132,"column":1}},"line":6},"1":{"name":"(anonymous_1)","decl":{"start":{"line":9,"column":15},"end":{"line":9,"column":16}},"loc":{"start":{"line":9,"column":33},"end":{"line":104,"column":9}},"line":9},"2":{"name":"(anonymous_2)","decl":{"start":{"line":61,"column":67},"end":{"line":61,"column":68}},"loc":{"start":{"line":61,"column":77},"end":{"line":100,"column":25}},"line":61},"3":{"name":"declaratorFactory","decl":{"start":{"line":106,"column":13},"end":{"line":106,"column":30}},"loc":{"start":{"line":106,"column":80},"end":{"line":130,"column":5}},"line":106},"4":{"name":"cleanValue","decl":{"start":{"line":134,"column":9},"end":{"line":134,"column":19}},"loc":{"start":{"line":134,"column":32},"end":{"line":140,"column":1}},"line":134}},"branchMap":{"0":{"loc":{"start":{"line":15,"column":12},"end":{"line":103,"column":13}},"type":"if","locations":[{"start":{"line":15,"column":12},"end":{"line":103,"column":13}},{"start":{"line":15,"column":12},"end":{"line":103,"column":13}}],"line":15},"1":{"loc":{"start":{"line":15,"column":16},"end":{"line":19,"column":64}},"type":"binary-expr","locations":[{"start":{"line":15,"column":16},"end":{"line":15,"column":51}},{"start":{"line":16,"column":19},"end":{"line":16,"column":36}},{"start":{"line":17,"column":19},"end":{"line":17,"column":39}},{"start":{"line":18,"column":19},"end":{"line":18,"column":42}},{"start":{"line":19,"column":19},"end":{"line":19,"column":64}}],"line":15},"2":{"loc":{"start":{"line":20,"column":16},"end":{"line":102,"column":17}},"type":"if","locations":[{"start":{"line":20,"column":16},"end":{"line":102,"column":17}},{"start":{"line":20,"column":16},"end":{"line":102,"column":17}}],"line":20},"3":{"loc":{"start":{"line":20,"column":20},"end":{"line":27,"column":80}},"type":"binary-expr","locations":[{"start":{"line":20,"column":20},"end":{"line":20,"column":45}},{"start":{"line":21,"column":23},"end":{"line":21,"column":71}},{"start":{"line":22,"column":23},"end":{"line":22,"column":74}},{"start":{"line":23,"column":23},"end":{"line":23,"column":77}},{"start":{"line":24,"column":23},"end":{"line":24,"column":74}},{"start":{"line":25,"column":23},"end":{"line":25,"column":58}},{"start":{"line":26,"column":23},"end":{"line":26,"column":61}},{"start":{"line":27,"column":23},"end":{"line":27,"column":80}}],"line":20},"4":{"loc":{"start":{"line":35,"column":20},"end":{"line":101,"column":21}},"type":"if","locations":[{"start":{"line":35,"column":20},"end":{"line":101,"column":21}},{"start":{"line":35,"column":20},"end":{"line":101,"column":21}}],"line":35},"5":{"loc":{"start":{"line":37,"column":24},"end":{"line":58,"column":25}},"type":"if","locations":[{"start":{"line":37,"column":24},"end":{"line":58,"column":25}},{"start":{"line":37,"column":24},"end":{"line":58,"column":25}}],"line":37},"6":{"loc":{"start":{"line":40,"column":29},"end":{"line":58,"column":25}},"type":"if","locations":[{"start":{"line":40,"column":29},"end":{"line":58,"column":25}},{"start":{"line":40,"column":29},"end":{"line":58,"column":25}}],"line":40},"7":{"loc":{"start":{"line":43,"column":29},"end":{"line":58,"column":25}},"type":"if","locations":[{"start":{"line":43,"column":29},"end":{"line":58,"column":25}},{"start":{"line":43,"column":29},"end":{"line":58,"column":25}}],"line":43},"8":{"loc":{"start":{"line":44,"column":28},"end":{"line":47,"column":29}},"type":"if","locations":[{"start":{"line":44,"column":28},"end":{"line":47,"column":29}},{"start":{"line":44,"column":28},"end":{"line":47,"column":29}}],"line":44},"9":{"loc":{"start":{"line":48,"column":28},"end":{"line":51,"column":29}},"type":"if","locations":[{"start":{"line":48,"column":28},"end":{"line":51,"column":29}},{"start":{"line":48,"column":28},"end":{"line":51,"column":29}}],"line":48},"10":{"loc":{"start":{"line":48,"column":32},"end":{"line":49,"column":66}},"type":"binary-expr","locations":[{"start":{"line":48,"column":32},"end":{"line":48,"column":69}},{"start":{"line":49,"column":35},"end":{"line":49,"column":66}}],"line":48},"11":{"loc":{"start":{"line":62,"column":28},"end":{"line":98,"column":29}},"type":"switch","locations":[{"start":{"line":63,"column":32},"end":{"line":95,"column":42}},{"start":{"line":96,"column":32},"end":{"line":97,"column":42}}],"line":62},"12":{"loc":{"start":{"line":64,"column":36},"end":{"line":94,"column":37}},"type":"if","locations":[{"start":{"line":64,"column":36},"end":{"line":94,"column":37}},{"start":{"line":64,"column":36},"end":{"line":94,"column":37}}],"line":64},"13":{"loc":{"start":{"line":66,"column":40},"end":{"line":91,"column":41}},"type":"if","locations":[{"start":{"line":66,"column":40},"end":{"line":91,"column":41}},{"start":{"line":66,"column":40},"end":{"line":91,"column":41}}],"line":66},"14":{"loc":{"start":{"line":78,"column":45},"end":{"line":91,"column":41}},"type":"if","locations":[{"start":{"line":78,"column":45},"end":{"line":91,"column":41}},{"start":{"line":78,"column":45},"end":{"line":91,"column":41}}],"line":78},"15":{"loc":{"start":{"line":106,"column":66},"end":{"line":106,"column":78}},"type":"default-arg","locations":[{"start":{"line":106,"column":74},"end":{"line":106,"column":78}}],"line":106},"16":{"loc":{"start":{"line":115,"column":16},"end":{"line":115,"column":34}},"type":"cond-expr","locations":[{"start":{"line":115,"column":24},"end":{"line":115,"column":29}},{"start":{"line":115,"column":32},"end":{"line":115,"column":34}}],"line":115}},"s":{"0":1,"1":1,"2":1,"3":1,"4":1,"5":0,"6":0,"7":0,"8":0,"9":0,"10":0,"11":0,"12":0,"13":0,"14":0,"15":0,"16":0,"17":0,"18":0,"19":0,"20":0,"21":0,"22":0,"23":0,"24":0,"25":0,"26":0,"27":0,"28":0,"29":0,"30":0,"31":0,"32":0,"33":0,"34":0,"35":0,"36":0,"37":0,"38":0,"39":0,"40":0,"41":0,"42":0,"43":0,"44":0,"45":0,"46":0,"47":1,"48":0,"49":0,"50":0,"51":0,"52":0},"f":{"0":0,"1":0,"2":0,"3":0,"4":0},"b":{"0":[0,0],"1":[0,0,0,0,0],"2":[0,0],"3":[0,0,0,0,0,0,0,0],"4":[0,0],"5":[0,0],"6":[0,0],"7":[0,0],"8":[0,0],"9":[0,0],"10":[0,0],"11":[0,0],"12":[0,0],"13":[0,0],"14":[0,0],"15":[0],"16":[0,0]},"inputSourceMap":{"version":3,"file":"patternFlatten.js","sourceRoot":"","sources":["patternFlatten.ts"],"names":[],"mappings":";;AAAA,2CAA4C;AAmB5C,qDAAoD;AACpD,yCAAqC;AAGrC,SAAgB,aAAa,CAAC,EAAU;IACvC,IAAI,QAA6B,CAAA;IACjC,IAAI,OAAO,GAAY;QACtB,KAAK,EAAE,CAAC,IAAU,EAAE,MAAmB,EAAE,EAAE;YAC1C,oCAAoC;YACpC,+BAA+B;YAC/B,iCAAiC;YACjC,4BAA4B;YAC5B,IAAI;YACJ,IAAI,IAAI,CAAC,IAAI,KAAK,qBAAqB;mBAEnC,IAAI,CAAC,YAAY;mBACjB,IAAI,CAAC,YAAY,CAAC,CAAC,CAAC;mBACpB,IAAI,CAAC,YAAY,CAAC,CAAC,CAAC,CAAC,EAAE;mBACvB,IAAI,CAAC,YAAY,CAAC,CAAC,CAAC,CAAC,EAAE,CAAC,IAAI,KAAK,YAAY,EAE/C;gBACD,IACC,IAAI,CAAC,YAAY,CAAC,CAAC,CAAC,CAAC,IAAI;uBACtB,IAAI,CAAC,YAAY,CAAC,CAAC,CAAC,CAAC,EAAE,CAAC,IAAI,KAAK,eAAe;uBAChD,IAAI,CAAC,YAAY,CAAC,CAAC,CAAC,CAAC,IAAI,CAAC,IAAI,KAAK,gBAAgB;uBACnD,IAAI,CAAC,YAAY,CAAC,CAAC,CAAC,CAAC,IAAI,CAAC,MAAM,CAAC,IAAI,KAAK,YAAY;uBACtD,IAAI,CAAC,YAAY,CAAC,CAAC,CAAC,CAAC,IAAI,CAAC,MAAM,CAAC,IAAI,KAAK,SAAS;uBACnD,IAAI,CAAC,YAAY,CAAC,CAAC,CAAC,CAAC,IAAI,CAAC,SAAS;uBACnC,IAAI,CAAC,YAAY,CAAC,CAAC,CAAC,CAAC,IAAI,CAAC,SAAS,CAAC,CAAC,CAAC;uBACtC,IAAI,CAAC,YAAY,CAAC,CAAC,CAAC,CAAC,IAAI,CAAC,SAAS,CAAC,CAAC,CAAC,CAAC,IAAI,KAAK,SAAS,EAC3D;oBACD,2CAA2C;oBAC3C,IAAI,UAAU,GAAG,IAAI,CAAC,YAAY,CAAC,CAAC,CAAC,CAAC;oBACtC,6BAA6B;oBAC7B,6DAA6D;oBAC7D,IAAI,WAAW,GAAmB,UAAU,CAAC,IAAsB,CAAA;oBACnE,IAAI,aAAa,GAAY,IAAI,CAAC,YAAY,CAAC,CAAC,CAAC,CAAC,IAAI,CAAC,SAAS,CAAC,CAAC,CAAmB,CAAC,KAAK,CAAC,QAAQ,EAAE,CAAA;oBAEtG,IAAI,UAAU,GAAsB,EAAE,CAAA;oBAEtC,IAAI,MAAM,EAAE;wBACX,IAAI,IAAiE,CAAA;wBACrE,IAAI,SAAS,KAAK,MAAM,CAAC,IAAI,EAAE;4BAC9B,IAAI,GAAI,MAAkB,CAAC,IAAI,CAAA;yBAC/B;6BAAM,IAAI,MAAM,CAAC,IAAI,KAAK,gBAAgB,EAAE;4BAC5C,IAAI,GAAI,MAAyB,CAAC,IAAI,CAAA;yBACtC;6BAAM,IAAI,MAAM,CAAC,IAAI,KAAK,cAAc,EAAE;4BAC1C,IAAI,MAAM,CAAC,IAAI,KAAK,IAAI,EAAE;gCACzB,OAAO,CAAC,GAAG,CAAC,oBAAQ,CAAC,MAAM,CAAC,CAAC,CAAA;gCAC7B,MAAM,IAAI,KAAK,CAAC,oCAAoC,CAAC,CAAA,CAAC,kBAAkB;6BACxE;4BACD,IAAI,MAAM,CAAC,IAAI,CAAC,IAAI,KAAK,gBAAgB;mCACrC,MAAM,CAAC,IAAI,CAAC,IAAI,CAAC,QAAQ,CAAC,IAAI,CAAC,EACjC;gCACD,OAAO,CAAC,GAAG,CAAC,gBAAgB,CAAC,CAAA;6BAC7B;4BAED,0CAA0C;4BAC1C,8EAA8E;4BAC9E,UAAU;yBACV;6BAAM;4BACN,MAAM,IAAI,KAAK,CAAC,iDAAiD,CAAC,CAAA;yBAClE;wBAED,wBAAwB;wBACxB,IAAI,SAAS,GAA0B,EAAE,CAAA;wBACzC,IAAI,CAAC,YAAY,CAAC,CAAC,CAAC,CAAC,EAAE,CAAC,UAAU,CAAC,OAAO,CAAC,CAAC,IAA4B,EAAE,EAAE;4BAC3E,QAAQ,IAAI,CAAC,IAAI,EAAE;gCAClB,KAAK,UAAU;oCACd,IAAI,IAAI,CAAC,KAAK,CAAC,IAAI,KAAK,YAAY,EAAE;wCACrC,IAAI,CAAC,CAAC;wCACN,IAAI,IAAI,CAAC,SAAS,EAAE;4CACnB,SAAS,CAAC,IAAI,CAAC,iBAAiB,CAAC,aAAa;4CAC7C,IAAI,CAAC,KAAK,EAAE,WAAW,CAAC,CAAC,CAAA;4CAC1B,CAAC,GAAG,iBAAiB,CAAC,aAAa;4CAClC,IAAI,CAAC,KAAK,EAAE,WAAW,CAAC,CAAA;4CACzB,UAAU,CAAC,IAAI,CAAC;gDACf,IAAI,EAAE,iBAAiB;gDACvB,KAAK,EAAE,IAAI,CAAC,KAAK;gDACjB,QAAQ,EAAE,IAAI,CAAC,KAAK;6CACpB,CAAC,CAAA;4CAEF,IAAI,CAAC,MAAM,CAAC,IAAI,CAAC,OAAO,CAAC,IAAI,CAAC,EAAE,CAAC,EAAE,CAAC,CAAC,CAAA;yCAErC;6CAAM,IAAI,IAAI,CAAC,GAAG,CAAC,IAAI,KAAK,YAAY,EAAE;4CAC1C,SAAS,CAAC,IAAI,CAAC,iBAAiB,CAAC,aAAa;4CAC7C,IAAI,CAAC,GAAG,EAAE,WAAW,EAAE,IAAI,CAAC,KAAK,CAAC,CAAC,CAAA;4CACpC,CAAC,GAAG,iBAAiB,CAAC,cAAc;4CACnC,IAAI,CAAC,GAAG,EAAE,WAAW,EAAE,IAAI,CAAC,KAAK,CAAC,CAAA;4CACnC,UAAU,CAAC,IAAI,CAAC;gDACf,IAAI,EAAE,iBAAiB;gDACvB,KAAK,EAAE,IAAI,CAAC,GAAG;gDACf,QAAQ,EAAE,IAAI,CAAC,KAAK;6CACpB,CAAC,CAAA;4CACF,EAAE,CAAC,cAAc,EAAE,CAAC,aAAa,CAAC,aAAa,EAAE,IAAI,CAAC,GAAG,CAAC,IAAI,EAAC,IAAI,CAAC,KAAK,CAAC,IAAI,CAAC,CAAA;4CAC/E,IAAI,CAAC,MAAM,CAAC,IAAI,CAAC,OAAO,CAAC,IAAI,CAAC,EAAE,CAAC,EAAE,CAAC,CAAC,CAAA;4CACrC,OAAO,CAAC,GAAG,CAAC,IAAI,CAAC,SAAS,CAAC,EAAE,CAAC,cAAc,EAAE,CAAC,QAAQ,CAAC,aAAa,CAAC,EAAC,IAAI,EAAC,CAAC,CAAC,CAAC,CAAA;yCAC/E;wCACD,sBAAsB;wCACtB,2BAA2B;qCAC3B;oCACD,MAAM;gCACP,KAAK,aAAa;oCACjB,MAAM;6BACP;4BACD,iGAAiG;wBAClG,CAAC,CAAC,CAAC;qBACH;iBACD;aAED;QAEF,CAAC;KACD,CAAA;IAED,SAAS,iBAAiB,CAAC,sBAAsB,CAAC,EAAc,EAAE,MAAsB,EAAE,QAAoB,IAAI;QACjH,IAAI,GAAG,GAAqB;YAC3B,IAAI,EAAE,kBAAkB;YACxB,QAAQ,EAAE,KAAK;YACf,MAAM,EAAE,MAAM;YACd,QAAQ,EAAE,EAAE;SACZ,CAAA;QACD,IAAI,UAAU,GAAuB;YACpC,IAAI,EAAE,oBAAoB;YAC1B,EAAE,EAAE,KAAK,CAAC,CAAC,CAAC,KAAK,CAAC,CAAC,CAAC,EAAE;YACtB,UAAU;YACV,6BAA6B;YAC7B,oBAAoB;YACpB,iBAAiB;YACjB,gBAAgB;YAChB,IAAI;YACJ,IAAI,EAAE,GAAG;SACT,CAAC;QAGF,IAAI,KAAK,GAAwB;YAChC,IAAI,EAAE,KAAK;YACX,IAAI,EAAE,qBAAqB;YAC3B,YAAY,EAAE,CAAC,UAAU,CAAC;SAC1B,CAAC;QACF,OAAO,KAAK,CAAA;IACb,CAAC;IAED,oBAAO,CAAC,EAAE,CAAC,MAAM,EAAE,EAAE,OAAO,CAAC,CAAA;AAC9B,CAAC;AA5ID,sCA4IC;AAGD,SAAS,UAAU,CAAC,UAAkB;IACrC,IAAI,YAAY,GAAW,IAAI,MAAM,CAAC,iBAAiB,EAAE,GAAG,CAAC,CAAA,CAAA,cAAc;IAC3E,IAAI,OAAO,GAAW,IAAI,MAAM,CAAC,MAAM,mCAAkB,KAAK,EAAE,GAAG,CAAC,CAAC,CAAC,2BAA2B;IACjG,IAAI,OAAO,GAAG,UAAU,CAAC,OAAO,CAAC,YAAY,EAAE,EAAE,CAAC,CAAC;IACnD,OAAO,GAAG,OAAO,CAAC,OAAO,CAAC,OAAO,EAAE,GAAG,CAAC,CAAC;IAExC,OAAO,OAAO,CAAC;AAChB,CAAC"},"_coverageSchema":"1a1c01bbd47fc00a2c39e90264f33305004495a9","hash":"6c6dcca645bd92a70a7f8d0fe7d71f157849db72"}}